Removed Member From Class: ClassName=C42_Nets Member=12V0
Removed Member From Class: ClassName=C44_Nets Member=12V0
Removed Member From Class: ClassName=C45_Nets Member=12V0
Removed Member From Class: ClassName=C56_Nets Member=12V0
Removed Member From Class: ClassName=C57_Nets Member=12V0
Removed Member From Class: ClassName=C58_Nets Member=12V0
Removed Member From Class: ClassName=L3_Nets Member=12V0
Removed Member From Class: ClassName=R47_Nets Member=12V0
Removed Member From Class: ClassName=U5_Nets Member=12V0
Removed Member From Class: ClassName=U6_Nets Member=12V0
Removed Member From Class: ClassName=U7_Nets Member=12V0
Added Member To Class: ClassName=C42_Nets Member=Wire 5V0
Added Member To Class: ClassName=C44_Nets Member=Wire 5V0
Added Member To Class: ClassName=C45_Nets Member=Wire 5V0
Added Member To Class: ClassName=C56_Nets Member=Wire 5V0
Added Member To Class: ClassName=C57_Nets Member=Wire 5V0
Added Member To Class: ClassName=C58_Nets Member=Wire 5V0
Added Member To Class: ClassName=L3_Nets Member=Wire 5V0
Added Member To Class: ClassName=R47_Nets Member=Wire 5V0
Added Member To Class: ClassName=U5_Nets Member=Wire 5V0
Added Member To Class: ClassName=U6_Nets Member=Wire 5V0
Added Member To Class: ClassName=U7_Nets Member=Wire 5V0
