Added Component: Designator=J25(6PX1R_F)
Add component (AddParameter): Name = "Manufacturer 1"; Value = ""; VariantName = "[No Variations]"
Add component (AddParameter): Name = "Manufacturer Part Number 1"; Value = ""; VariantName = "[No Variations]"
Add component (AddParameter): Name = "Value"; Value = ""; VariantName = "[No Variations]"
Added Component: Designator=J26(6PX1R_F)
Add component (AddParameter): Name = "Manufacturer 1"; Value = ""; VariantName = "[No Variations]"
Add component (AddParameter): Name = "Manufacturer Part Number 1"; Value = ""; VariantName = "[No Variations]"
Add component (AddParameter): Name = "Value"; Value = ""; VariantName = "[No Variations]"
Added Pin To Net: NetName=NetJ25_1 Pin=J25-1
Added Net: Name=NetJ25_1
Added Pin To Net: NetName=NetJ25_2 Pin=J25-2
Added Net: Name=NetJ25_2
Added Pin To Net: NetName=NetJ25_3 Pin=J25-3
Added Net: Name=NetJ25_3
Added Pin To Net: NetName=NetJ25_4 Pin=J25-4
Added Net: Name=NetJ25_4
Added Pin To Net: NetName=NetJ25_5 Pin=J25-5
Added Net: Name=NetJ25_5
Added Pin To Net: NetName=NetJ25_6 Pin=J25-6
Added Net: Name=NetJ25_6
Added Pin To Net: NetName=NetJ26_1 Pin=J26-1
Added Net: Name=NetJ26_1
Added Pin To Net: NetName=NetJ26_2 Pin=J26-2
Added Net: Name=NetJ26_2
Added Pin To Net: NetName=NetJ26_3 Pin=J26-3
Added Net: Name=NetJ26_3
Added Pin To Net: NetName=NetJ26_4 Pin=J26-4
Added Net: Name=NetJ26_4
Added Pin To Net: NetName=NetJ26_5 Pin=J26-5
Added Net: Name=NetJ26_5
Added Pin To Net: NetName=NetJ26_6 Pin=J26-6
Added Net: Name=NetJ26_6
Added Class: Name=J25_Nets
Added Class: Name=J26_Nets
Added Member To Class: ClassName=MCU Member=Component J25 ERP_148-2
Added Member To Class: ClassName=MCU Member=Component J26 ERP_148-2
