Added Pin To Net: NetName=NetC4_1 Pin=C4-1
Added Pin To Net: NetName=NetC4_2 Pin=C4-2
Added Pin To Net: NetName=VIN Pin=C9-1
Added Pin To Net: NetName=GND Pin=C9-2
Added Pin To Net: NetName=VIN Pin=C10-1
Added Pin To Net: NetName=GND Pin=C10-2
Added Pin To Net: NetName=VIN Pin=C39-1
Added Pin To Net: NetName=GND Pin=C39-2
Added Pin To Net: NetName=NetC4_2 Pin=L2-1
Added Pin To Net: NetName=MODEM_VDDBB Pin=L2-2
Added Pin To Net: NetName=NetC4_1 Pin=R31-1
Added Pin To Net: NetName=NetR31_2 Pin=R31-2
Added Pin To Net: NetName=NetR32_1 Pin=R32-1
Added Pin To Net: NetName=VIN Pin=R32-2
Added Pin To Net: NetName=VIN Pin=U4-1
Added Pin To Net: NetName=NetC4_2 Pin=U4-2
Added Pin To Net: NetName=GND Pin=U4-3
Added Pin To Net: NetName=NetR31_2 Pin=U4-4
Added Pin To Net: NetName=NetR32_1 Pin=U4-5
Added Pin To Net: NetName=NetR34_1 Pin=U4-6
Added Member To Class: ClassName=MODEM_PT2 Member=Component C4 MLCC_0805
Added Member To Class: ClassName=MODEM_PT2 Member=Component C9 ERP_102-2
Added Member To Class: ClassName=MODEM_PT2 Member=Component C10 MLCC_0805
Added Member To Class: ClassName=MODEM_PT2 Member=Component C39 MLCC_0805
Added Member To Class: ClassName=MODEM_PT2 Member=Component L2 IFSC-2020DE-01
Added Member To Class: ClassName=MODEM_PT2 Member=Component R31 ERP_101-1
Added Member To Class: ClassName=MODEM_PT2 Member=Component R32 ERP_101-1
Added Member To Class: ClassName=MODEM_PT2 Member=Component U4 MP1653AGTF
