Removed Pin From Net: NetName=3V3 Pin=C13-1
Removed Pin From Net: NetName=3V3 Pin=C14-1
Removed Pin From Net: NetName=3V3 Pin=C15-1
Removed Pin From Net: NetName=3V3 Pin=C16-1
Removed Pin From Net: NetName=3V3 Pin=J12-4
Removed Member From Class: ClassName=C13_Nets Member=3V3
Removed Member From Class: ClassName=C14_Nets Member=3V3
Removed Member From Class: ClassName=C15_Nets Member=3V3
Removed Member From Class: ClassName=C16_Nets Member=3V3
Removed Member From Class: ClassName=J12_Nets Member=3V3
Added Component: Designator=C42(CAPC2012X13L)
Add component (AddParameter): Name = "Manufacturer 1"; Value = ""; VariantName = "[No Variations]"
Add component (AddParameter): Name = "Manufacturer Part Number 1"; Value = ""; VariantName = "[No Variations]"
Add component (AddParameter): Name = "Package"; Value = "0805"; VariantName = "[No Variations]"
Add component (AddParameter): Name = "Value"; Value = "22uF"; VariantName = "[No Variations]"
Added Component: Designator=U5(AMS1117_SOT223)
Add component (AddParameter): Name = "Manufacturer 1"; Value = "TI"; VariantName = "[No Variations]"
Add component (AddParameter): Name = "Manufacturer Part Number 1"; Value = "TLV1117LV33DCYR"; VariantName = "[No Variations]"
Add component (AddParameter): Name = "Package"; Value = "SOT223"; VariantName = "[No Variations]"
Add component (AddParameter): Name = "Supplier  1"; Value = ""; VariantName = "[No Variations]"
Add component (AddParameter): Name = "Supplier  Part Number 1"; Value = ""; VariantName = "[No Variations]"
Added Pin To Net: NetName=GND Pin=C42-2
Added Pin To Net: NetName=GND Pin=U5-1
Added Pin To Net: NetName=MODEM_SD_3V3 Pin=C13-1
Added Pin To Net: NetName=MODEM_SD_3V3 Pin=C14-1
Added Pin To Net: NetName=MODEM_SD_3V3 Pin=C15-1
Added Pin To Net: NetName=MODEM_SD_3V3 Pin=C16-1
Added Pin To Net: NetName=MODEM_SD_3V3 Pin=J12-4
Added Pin To Net: NetName=MODEM_SD_3V3 Pin=U5-2
Added Pin To Net: NetName=MODEM_SD_3V3 Pin=U5-4
Added Net: Name=MODEM_SD_3V3
Added Pin To Net: NetName=NetC42_1 Pin=C42-1
Added Pin To Net: NetName=NetC42_1 Pin=U5-3
Added Net: Name=NetC42_1
Added Class: Name=C42_Nets
Added Class: Name=U5_Nets
Added Member To Class: ClassName=MODEM_PT1 Member=Component C42 MLCC_0805
Added Member To Class: ClassName=MODEM_PT1 Member=Component U5 ERP_123-1
Added Member To Class: ClassName=C13_Nets Member=Wire MODEM_SD_3V3
Added Member To Class: ClassName=C14_Nets Member=Wire MODEM_SD_3V3
Added Member To Class: ClassName=C15_Nets Member=Wire MODEM_SD_3V3
Added Member To Class: ClassName=C16_Nets Member=Wire MODEM_SD_3V3
Added Member To Class: ClassName=J12_Nets Member=Wire MODEM_SD_3V3
Added Rule: Name=Schematic Supply Nets_7
