Added Component: Designator=U?(LSF0108PWR)
Add component (AddParameter): Name = "ERP"; Value = ""; VariantName = "[No Variations]"
Add component (AddParameter): Name = "Manufacturer 1"; Value = ""; VariantName = "[No Variations]"
Add component (AddParameter): Name = "Manufacturer Part Number 1"; Value = ""; VariantName = "[No Variations]"
Add component (AddParameter): Name = "Package"; Value = "TSSOP20"; VariantName = "[No Variations]"
Add component (AddParameter): Name = "Supplier 1"; Value = ""; VariantName = "[No Variations]"
Add component (AddParameter): Name = "Suuplier Part Number 1"; Value = ""; VariantName = "[No Variations]"
Add component (AddParameter): Name = "Value"; Value = "LSF0108PWR"; VariantName = "[No Variations]"
Added Component: Designator=U?(RHB32_3P45X3P45_TEX)
Add component (AddParameter): Name = "ERP"; Value = ""; VariantName = "[No Variations]"
Add component (AddParameter): Name = "Manufacturer 1"; Value = "TI"; VariantName = "[No Variations]"
Add component (AddParameter): Name = "Manufacturer Part Number 1"; Value = "TRF7964ARHBR"; VariantName = "[No Variations]"
Add component (AddParameter): Name = "Package"; Value = "VQFN32"; VariantName = "[No Variations]"
Add component (AddParameter): Name = "Supplier 1"; Value = ""; VariantName = "[No Variations]"
Add component (AddParameter): Name = "Supplier Part Number 1"; Value = ""; VariantName = "[No Variations]"
Add component (AddParameter): Name = "Value"; Value = "TRF7964ARHBR"; VariantName = "[No Variations]"
Added Component: Designator=U?(LIS2DW12)
Add component (AddParameter): Name = "Manufacturer 1"; Value = "STMicroelectronics"; VariantName = "[No Variations]"
Add component (AddParameter): Name = "Manufacturer Part Number 1"; Value = ""; VariantName = "[No Variations]"
Add component (AddParameter): Name = "Value"; Value = ""; VariantName = "[No Variations]"
Added Component: Designator=U?(LSF0108PWR)
Add component (AddParameter): Name = "ERP"; Value = ""; VariantName = "[No Variations]"
Add component (AddParameter): Name = "Manufacturer 1"; Value = ""; VariantName = "[No Variations]"
Add component (AddParameter): Name = "Manufacturer Part Number 1"; Value = ""; VariantName = "[No Variations]"
Add component (AddParameter): Name = "Package"; Value = "TSSOP20"; VariantName = "[No Variations]"
Add component (AddParameter): Name = "Supplier 1"; Value = ""; VariantName = "[No Variations]"
Add component (AddParameter): Name = "Suuplier Part Number 1"; Value = ""; VariantName = "[No Variations]"
Add component (AddParameter): Name = "Value"; Value = "LSF0108PWR"; VariantName = "[No Variations]"
Added Component: Designator=U?(QFN40P700X700X106_HS-57N)
Add component (AddParameter): Name = "ERP"; Value = ""; VariantName = "[No Variations]"
Add component (AddParameter): Name = "Manufacturer 1"; Value = "Espressif Systems"; VariantName = "[No Variations]"
Add component (AddParameter): Name = "Manufacturer Part Number 1"; Value = ""; VariantName = "[No Variations]"
Add component (AddParameter): Name = "Package"; Value = "56-TFQFN"; VariantName = "[No Variations]"
Add component (AddParameter): Name = "Value"; Value = "ESP32-S3-PICO-1"; VariantName = "[No Variations]"
Added Component: Designator=U?(QFN40P700X700X106_HS-57N)
Add component (AddParameter): Name = "ERP"; Value = ""; VariantName = "[No Variations]"
Add component (AddParameter): Name = "Manufacturer 1"; Value = "Espressif Systems"; VariantName = "[No Variations]"
Add component (AddParameter): Name = "Manufacturer Part Number 1"; Value = ""; VariantName = "[No Variations]"
Add component (AddParameter): Name = "Package"; Value = "56-TFQFN"; VariantName = "[No Variations]"
Add component (AddParameter): Name = "Value"; Value = "ESP32-S3-PICO-1"; VariantName = "[No Variations]"
Added Pin To Net: NetName=NetU?_1 Pin=U?-1
Added Net: Name=NetU?_1
Add Net: Net with name "NetU?_1" already exists
Add Net: Net with name "NetU?_1" already exists
Add Net: Net with name "NetU?_1" already exists
Add Net: Net with name "NetU?_1" already exists
Add Net: Net with name "NetU?_1" already exists
Added Pin To Net: NetName=NetU?_2 Pin=U?-2
Added Net: Name=NetU?_2
Add Net: Net with name "NetU?_2" already exists
Add Net: Net with name "NetU?_2" already exists
Add Net: Net with name "NetU?_2" already exists
Add Net: Net with name "NetU?_2" already exists
Add Net: Net with name "NetU?_2" already exists
Added Pin To Net: NetName=NetU?_3 Pin=U?-3
Added Net: Name=NetU?_3
Add Net: Net with name "NetU?_3" already exists
Add Net: Net with name "NetU?_3" already exists
Add Net: Net with name "NetU?_3" already exists
Add Net: Net with name "NetU?_3" already exists
Add Net: Net with name "NetU?_3" already exists
Added Pin To Net: NetName=NetU?_4 Pin=U?-4
Added Net: Name=NetU?_4
Add Net: Net with name "NetU?_4" already exists
Add Net: Net with name "NetU?_4" already exists
Add Net: Net with name "NetU?_4" already exists
Add Net: Net with name "NetU?_4" already exists
Add Net: Net with name "NetU?_4" already exists
Added Pin To Net: NetName=NetU?_5 Pin=U?-5
Added Net: Name=NetU?_5
Add Net: Net with name "NetU?_5" already exists
Add Net: Net with name "NetU?_5" already exists
Add Net: Net with name "NetU?_5" already exists
Add Net: Net with name "NetU?_5" already exists
Add Net: Net with name "NetU?_5" already exists
Added Pin To Net: NetName=NetU?_6 Pin=U?-6
Added Net: Name=NetU?_6
Add Net: Net with name "NetU?_6" already exists
Add Net: Net with name "NetU?_6" already exists
Add Net: Net with name "NetU?_6" already exists
Add Net: Net with name "NetU?_6" already exists
Add Net: Net with name "NetU?_6" already exists
Added Pin To Net: NetName=NetU?_7 Pin=U?-7
Added Net: Name=NetU?_7
Add Net: Net with name "NetU?_7" already exists
Add Net: Net with name "NetU?_7" already exists
Add Net: Net with name "NetU?_7" already exists
Add Net: Net with name "NetU?_7" already exists
Add Net: Net with name "NetU?_7" already exists
Added Pin To Net: NetName=NetU?_8 Pin=U?-8
Added Net: Name=NetU?_8
Add Net: Net with name "NetU?_8" already exists
Add Net: Net with name "NetU?_8" already exists
Add Net: Net with name "NetU?_8" already exists
Add Net: Net with name "NetU?_8" already exists
Add Net: Net with name "NetU?_8" already exists
Added Pin To Net: NetName=NetU?_9 Pin=U?-9
Added Net: Name=NetU?_9
Add Net: Net with name "NetU?_9" already exists
Add Net: Net with name "NetU?_9" already exists
Add Net: Net with name "NetU?_9" already exists
Add Net: Net with name "NetU?_9" already exists
Add Net: Net with name "NetU?_9" already exists
Added Pin To Net: NetName=NetU?_10 Pin=U?-10
Added Net: Name=NetU?_10
Add Net: Net with name "NetU?_10" already exists
Add Net: Net with name "NetU?_10" already exists
Add Net: Net with name "NetU?_10" already exists
Add Net: Net with name "NetU?_10" already exists
Add Net: Net with name "NetU?_10" already exists
Added Pin To Net: NetName=NetU?_11 Pin=U?-11
Added Net: Name=NetU?_11
Add Net: Net with name "NetU?_11" already exists
Add Net: Net with name "NetU?_11" already exists
Add Net: Net with name "NetU?_11" already exists
Add Net: Net with name "NetU?_11" already exists
Add Net: Net with name "NetU?_11" already exists
Added Pin To Net: NetName=NetU?_12 Pin=U?-12
Added Net: Name=NetU?_12
Add Net: Net with name "NetU?_12" already exists
Add Net: Net with name "NetU?_12" already exists
Add Net: Net with name "NetU?_12" already exists
Add Net: Net with name "NetU?_12" already exists
Add Net: Net with name "NetU?_12" already exists
Added Pin To Net: NetName=NetU?_13 Pin=U?-13
Added Net: Name=NetU?_13
Add Net: Net with name "NetU?_13" already exists
Add Net: Net with name "NetU?_13" already exists
Add Net: Net with name "NetU?_13" already exists
Add Net: Net with name "NetU?_13" already exists
Added Pin To Net: NetName=NetU?_14 Pin=U?-14
Added Net: Name=NetU?_14
Add Net: Net with name "NetU?_14" already exists
Add Net: Net with name "NetU?_14" already exists
Add Net: Net with name "NetU?_14" already exists
Add Net: Net with name "NetU?_14" already exists
Added Pin To Net: NetName=NetU?_15 Pin=U?-15
Added Net: Name=NetU?_15
Add Net: Net with name "NetU?_15" already exists
Add Net: Net with name "NetU?_15" already exists
Add Net: Net with name "NetU?_15" already exists
Add Net: Net with name "NetU?_15" already exists
Added Pin To Net: NetName=NetU?_16 Pin=U?-16
Added Net: Name=NetU?_16
Add Net: Net with name "NetU?_16" already exists
Add Net: Net with name "NetU?_16" already exists
Add Net: Net with name "NetU?_16" already exists
Add Net: Net with name "NetU?_16" already exists
Added Pin To Net: NetName=NetU?_17 Pin=U?-17
Added Net: Name=NetU?_17
Add Net: Net with name "NetU?_17" already exists
Add Net: Net with name "NetU?_17" already exists
Add Net: Net with name "NetU?_17" already exists
Add Net: Net with name "NetU?_17" already exists
Added Pin To Net: NetName=NetU?_18 Pin=U?-18
Added Net: Name=NetU?_18
Add Net: Net with name "NetU?_18" already exists
Add Net: Net with name "NetU?_18" already exists
Add Net: Net with name "NetU?_18" already exists
Add Net: Net with name "NetU?_18" already exists
Added Pin To Net: NetName=NetU?_19 Pin=U?-19
Added Net: Name=NetU?_19
Add Net: Net with name "NetU?_19" already exists
Add Net: Net with name "NetU?_19" already exists
Add Net: Net with name "NetU?_19" already exists
Add Net: Net with name "NetU?_19" already exists
Added Pin To Net: NetName=NetU?_20 Pin=U?-20
Added Net: Name=NetU?_20
Add Net: Net with name "NetU?_20" already exists
Add Net: Net with name "NetU?_20" already exists
Add Net: Net with name "NetU?_20" already exists
Add Net: Net with name "NetU?_20" already exists
Added Pin To Net: NetName=NetU?_21 Pin=U?-21
Added Net: Name=NetU?_21
Add Net: Net with name "NetU?_21" already exists
Add Net: Net with name "NetU?_21" already exists
Added Pin To Net: NetName=NetU?_22 Pin=U?-22
Added Net: Name=NetU?_22
Add Net: Net with name "NetU?_22" already exists
Add Net: Net with name "NetU?_22" already exists
Added Pin To Net: NetName=NetU?_23 Pin=U?-23
Added Net: Name=NetU?_23
Add Net: Net with name "NetU?_23" already exists
Add Net: Net with name "NetU?_23" already exists
Added Pin To Net: NetName=NetU?_24 Pin=U?-24
Added Net: Name=NetU?_24
Add Net: Net with name "NetU?_24" already exists
Add Net: Net with name "NetU?_24" already exists
Added Pin To Net: NetName=NetU?_25 Pin=U?-25
Added Net: Name=NetU?_25
Add Net: Net with name "NetU?_25" already exists
Add Net: Net with name "NetU?_25" already exists
Added Pin To Net: NetName=NetU?_26 Pin=U?-26
Added Net: Name=NetU?_26
Add Net: Net with name "NetU?_26" already exists
Add Net: Net with name "NetU?_26" already exists
Added Pin To Net: NetName=NetU?_27 Pin=U?-27
Added Net: Name=NetU?_27
Add Net: Net with name "NetU?_27" already exists
Add Net: Net with name "NetU?_27" already exists
Added Pin To Net: NetName=NetU?_28 Pin=U?-28
Added Net: Name=NetU?_28
Add Net: Net with name "NetU?_28" already exists
Add Net: Net with name "NetU?_28" already exists
Added Pin To Net: NetName=NetU?_29 Pin=U?-29
Added Net: Name=NetU?_29
Add Net: Net with name "NetU?_29" already exists
Add Net: Net with name "NetU?_29" already exists
Added Pin To Net: NetName=NetU?_30 Pin=U?-30
Added Net: Name=NetU?_30
Add Net: Net with name "NetU?_30" already exists
Add Net: Net with name "NetU?_30" already exists
Added Pin To Net: NetName=NetU?_31 Pin=U?-31
Added Net: Name=NetU?_31
Add Net: Net with name "NetU?_31" already exists
Add Net: Net with name "NetU?_31" already exists
Added Pin To Net: NetName=NetU?_32 Pin=U?-32
Added Net: Name=NetU?_32
Add Net: Net with name "NetU?_32" already exists
Add Net: Net with name "NetU?_32" already exists
Added Pin To Net: NetName=NetU?_33 Pin=U?-33
Added Net: Name=NetU?_33
Add Net: Net with name "NetU?_33" already exists
Add Net: Net with name "NetU?_33" already exists
Added Pin To Net: NetName=NetU?_34 Pin=U?-34
Added Net: Name=NetU?_34
Add Net: Net with name "NetU?_34" already exists
Added Pin To Net: NetName=NetU?_35 Pin=U?-35
Added Net: Name=NetU?_35
Add Net: Net with name "NetU?_35" already exists
Added Pin To Net: NetName=NetU?_36 Pin=U?-36
Added Net: Name=NetU?_36
Add Net: Net with name "NetU?_36" already exists
Added Pin To Net: NetName=NetU?_37 Pin=U?-37
Added Net: Name=NetU?_37
Add Net: Net with name "NetU?_37" already exists
Added Pin To Net: NetName=NetU?_38 Pin=U?-38
Added Net: Name=NetU?_38
Add Net: Net with name "NetU?_38" already exists
Added Pin To Net: NetName=NetU?_39 Pin=U?-39
Added Net: Name=NetU?_39
Add Net: Net with name "NetU?_39" already exists
Added Pin To Net: NetName=NetU?_40 Pin=U?-40
Added Net: Name=NetU?_40
Add Net: Net with name "NetU?_40" already exists
Added Pin To Net: NetName=NetU?_41 Pin=U?-41
Added Net: Name=NetU?_41
Add Net: Net with name "NetU?_41" already exists
Added Pin To Net: NetName=NetU?_42 Pin=U?-42
Added Net: Name=NetU?_42
Add Net: Net with name "NetU?_42" already exists
Added Pin To Net: NetName=NetU?_43 Pin=U?-43
Added Net: Name=NetU?_43
Add Net: Net with name "NetU?_43" already exists
Added Pin To Net: NetName=NetU?_44 Pin=U?-44
Added Net: Name=NetU?_44
Add Net: Net with name "NetU?_44" already exists
Added Pin To Net: NetName=NetU?_45 Pin=U?-45
Added Net: Name=NetU?_45
Add Net: Net with name "NetU?_45" already exists
Added Pin To Net: NetName=NetU?_46 Pin=U?-46
Added Net: Name=NetU?_46
Add Net: Net with name "NetU?_46" already exists
Added Pin To Net: NetName=NetU?_47 Pin=U?-47
Added Net: Name=NetU?_47
Add Net: Net with name "NetU?_47" already exists
Added Pin To Net: NetName=NetU?_48 Pin=U?-48
Added Net: Name=NetU?_48
Add Net: Net with name "NetU?_48" already exists
Added Pin To Net: NetName=NetU?_49 Pin=U?-49
Added Net: Name=NetU?_49
Add Net: Net with name "NetU?_49" already exists
Added Pin To Net: NetName=NetU?_50 Pin=U?-50
Added Net: Name=NetU?_50
Add Net: Net with name "NetU?_50" already exists
Added Pin To Net: NetName=NetU?_51 Pin=U?-51
Added Net: Name=NetU?_51
Add Net: Net with name "NetU?_51" already exists
Added Pin To Net: NetName=NetU?_52 Pin=U?-52
Added Net: Name=NetU?_52
Add Net: Net with name "NetU?_52" already exists
Added Pin To Net: NetName=NetU?_53 Pin=U?-53
Added Net: Name=NetU?_53
Add Net: Net with name "NetU?_53" already exists
Added Pin To Net: NetName=NetU?_54 Pin=U?-54
Added Net: Name=NetU?_54
Add Net: Net with name "NetU?_54" already exists
Added Pin To Net: NetName=NetU?_55 Pin=U?-55
Added Net: Name=NetU?_55
Add Net: Net with name "NetU?_55" already exists
Added Pin To Net: NetName=NetU?_56 Pin=U?-56
Added Net: Name=NetU?_56
Add Net: Net with name "NetU?_56" already exists
Added Pin To Net: NetName=NetU?_57 Pin=U?-57
Added Net: Name=NetU?_57
Add Net: Net with name "NetU?_57" already exists
Added Class: Name=U?_Nets
Added Member To Class: ClassName=MODEM Member=Component U? ERP_121-1
Added Member To Class: ClassName=MODEM Member=Component U? ERP_121-4
Added Member To Class: ClassName=MODEM Member=Component U? LIS2DW12
Added Member To Class: ClassName=MODEM Member=Component U? ERP_121-1
Added Member To Class: ClassName=MODEM Member=Component U? ERP_121-4
Added Member To Class: ClassName=MODEM Member=Component U? ERP_121-4
