Removed Pin From Net: NetName=ESP_IO1 Pin=J23-1
Removed Pin From Net: NetName=ESP_IO2 Pin=J23-2
Removed Pin From Net: NetName=ESP_RX0 Pin=J23-3
Removed Pin From Net: NetName=ESP_TX0 Pin=J24-2
Removed Pin From Net: NetName=ESP_TMS Pin=J24-3
Removed Member From Class: ClassName=J23_Nets Member=ESP_IO1
Removed Member From Class: ClassName=J23_Nets Member=ESP_IO2
Removed Member From Class: ClassName=J23_Nets Member=ESP_RX0
Removed Member From Class: ClassName=J24_Nets Member=ESP_TMS
Removed Member From Class: ClassName=J24_Nets Member=ESP_TX0
Added Pin To Net: NetName=NetJ23_1 Pin=J23-1
Added Net: Name=NetJ23_1
Added Pin To Net: NetName=NetJ23_2 Pin=J23-2
Added Net: Name=NetJ23_2
Added Pin To Net: NetName=NetJ23_3 Pin=J23-3
Added Net: Name=NetJ23_3
Added Pin To Net: NetName=NetJ24_2 Pin=J24-2
Added Net: Name=NetJ24_2
Added Pin To Net: NetName=NetJ24_3 Pin=J24-3
Added Net: Name=NetJ24_3
Added Member To Class: ClassName=J23_Nets Member=Wire NetJ23_1
Added Member To Class: ClassName=J23_Nets Member=Wire NetJ23_2
Added Member To Class: ClassName=J23_Nets Member=Wire NetJ23_3
Added Member To Class: ClassName=J24_Nets Member=Wire NetJ24_2
Added Member To Class: ClassName=J24_Nets Member=Wire NetJ24_3
