Removed Pin From Net: NetName=MODEM_UART1_RX Pin=U1-8
Removed Pin From Net: NetName=MODEM_UART1_TX Pin=U1-9
Removed Pin From Net: NetName=MODEM_UART1_TX_3V3 Pin=U1-12
Removed Pin From Net: NetName=MODEM_UART1_RX_3V3 Pin=U1-13
Removed Pin From Net: NetName=MODEM_UART0_RX Pin=U2-1
Removed Pin From Net: NetName=MODEM_UART0_TX Pin=U2-3
Removed Pin From Net: NetName=MODEM_UART2_RX Pin=U2-6
Removed Pin From Net: NetName=MODEM_UART2_TX Pin=U2-7
Removed Pin From Net: NetName=MODEM_UART2_TX_3V3 Pin=U2-14
Removed Pin From Net: NetName=MODEM_UART2_RX_3V3 Pin=U2-15
Removed Pin From Net: NetName=MODEM_UART0_TX_3V3 Pin=U2-18
Removed Pin From Net: NetName=MODEM_UART0_RX_3V3 Pin=U2-20
Removed Member From Class: ClassName=U2_Nets Member=MODEM_UART0_RX_3V3
Removed Member From Class: ClassName=U2_Nets Member=MODEM_UART0_RX
Removed Member From Class: ClassName=U2_Nets Member=MODEM_UART0_TX_3V3
Removed Member From Class: ClassName=U2_Nets Member=MODEM_UART0_TX
Removed Member From Class: ClassName=U1_Nets Member=MODEM_UART1_RX_3V3
Removed Member From Class: ClassName=U1_Nets Member=MODEM_UART1_RX
Removed Member From Class: ClassName=U1_Nets Member=MODEM_UART1_TX_3V3
Removed Member From Class: ClassName=U1_Nets Member=MODEM_UART1_TX
Removed Member From Class: ClassName=U2_Nets Member=NetU2_4
Removed Member From Class: ClassName=U2_Nets Member=NetU2_5
Removed Member From Class: ClassName=U2_Nets Member=NetU2_16
Removed Member From Class: ClassName=U2_Nets Member=NetU2_17
Added Pin To Net: NetName=MODEM_UART0_TX Pin=U1-8
Added Pin To Net: NetName=MODEM_UART0_RX Pin=U1-9
Added Pin To Net: NetName=MODEM_UART0_RX_3V3 Pin=U1-12
Added Pin To Net: NetName=MODEM_UART0_TX_3V3 Pin=U1-13
Added Pin To Net: NetName=MODEM_UART1_RX Pin=U2-1
Added Pin To Net: NetName=MODEM_UART1_TX Pin=U2-3
Added Pin To Net: NetName=MODEM_UART2_RX Pin=U2-4
Added Pin To Net: NetName=MODEM_UART2_TX Pin=U2-5
Added Pin To Net: NetName=MODEM_UART2_TX_3V3 Pin=U2-16
Added Pin To Net: NetName=MODEM_UART2_RX_3V3 Pin=U2-17
Added Pin To Net: NetName=MODEM_UART1_TX_3V3 Pin=U2-18
Added Pin To Net: NetName=MODEM_UART1_RX_3V3 Pin=U2-20
Added Pin To Net: NetName=NetU2_6 Pin=U2-6
Added Net: Name=NetU2_6
Added Pin To Net: NetName=NetU2_7 Pin=U2-7
Added Net: Name=NetU2_7
Added Pin To Net: NetName=NetU2_14 Pin=U2-14
Added Net: Name=NetU2_14
Added Pin To Net: NetName=NetU2_15 Pin=U2-15
Added Net: Name=NetU2_15
Added Member To Class: ClassName=U1_Nets Member=Wire MODEM_UART0_RX_3V3
Added Member To Class: ClassName=U1_Nets Member=Wire MODEM_UART0_RX
Added Member To Class: ClassName=U1_Nets Member=Wire MODEM_UART0_TX_3V3
Added Member To Class: ClassName=U1_Nets Member=Wire MODEM_UART0_TX
Added Member To Class: ClassName=U2_Nets Member=Wire MODEM_UART1_RX_3V3
Added Member To Class: ClassName=U2_Nets Member=Wire MODEM_UART1_RX
Added Member To Class: ClassName=U2_Nets Member=Wire MODEM_UART1_TX_3V3
Added Member To Class: ClassName=U2_Nets Member=Wire MODEM_UART1_TX
Added Member To Class: ClassName=U2_Nets Member=Wire NetU2_6
Added Member To Class: ClassName=U2_Nets Member=Wire NetU2_7
Added Member To Class: ClassName=U2_Nets Member=Wire NetU2_14
Added Member To Class: ClassName=U2_Nets Member=Wire NetU2_15
