Removed Member From Class: ClassName=C42_Nets Member=12V0
Removed Member From Class: ClassName=C44_Nets Member=12V0
Removed Member From Class: ClassName=C45_Nets Member=12V0
Removed Member From Class: ClassName=C56_Nets Member=12V0
Removed Member From Class: ClassName=C57_Nets Member=12V0
Removed Member From Class: ClassName=C58_Nets Member=12V0
Removed Member From Class: ClassName=L3_Nets Member=12V0
Removed Member From Class: ClassName=R47_Nets Member=12V0
Removed Member From Class: ClassName=U5_Nets Member=12V0
Removed Member From Class: ClassName=U6_Nets Member=12V0
Removed Member From Class: ClassName=U7_Nets Member=12V0
Removed Member From Class: ClassName=J9_Nets Member=NetJ9_6
Change Net Name : Old Net Name=NetJ9_6 New Net Name=EARTH
Added Member To Class: ClassName=POWER Member=Component C48 MLCC_0805
Added Member To Class: ClassName=C42_Nets Member=Wire 5V0
Added Member To Class: ClassName=C44_Nets Member=Wire 5V0
Added Member To Class: ClassName=C45_Nets Member=Wire 5V0
Added Member To Class: ClassName=C56_Nets Member=Wire 5V0
Added Member To Class: ClassName=C57_Nets Member=Wire 5V0
Added Member To Class: ClassName=C58_Nets Member=Wire 5V0
Added Member To Class: ClassName=L3_Nets Member=Wire 5V0
Added Member To Class: ClassName=R47_Nets Member=Wire 5V0
Added Member To Class: ClassName=U5_Nets Member=Wire 5V0
Added Member To Class: ClassName=U6_Nets Member=Wire 5V0
Added Member To Class: ClassName=U7_Nets Member=Wire 5V0
Added Member To Class: ClassName=J9_Nets Member=Wire EARTH
Added Rule: Name=Schematic Supply Nets_12
