Added Component: Designator=C21(CAPC2012X13L)
Add component (AddParameter): Name = "Manufacturer 1"; Value = ""; VariantName = "[No Variations]"
Add component (AddParameter): Name = "Manufacturer Part Number 1"; Value = ""; VariantName = "[No Variations]"
Add component (AddParameter): Name = "Package"; Value = "0805"; VariantName = "[No Variations]"
Add component (AddParameter): Name = "Value"; Value = "NM"; VariantName = "[No Variations]"
Added Component: Designator=C22(CAPC2012X13L)
Add component (AddParameter): Name = "Manufacturer 1"; Value = ""; VariantName = "[No Variations]"
Add component (AddParameter): Name = "Manufacturer Part Number 1"; Value = ""; VariantName = "[No Variations]"
Add component (AddParameter): Name = "Package"; Value = "0805"; VariantName = "[No Variations]"
Add component (AddParameter): Name = "Value"; Value = "NM"; VariantName = "[No Variations]"
Added Component: Designator=C23(CAPC2012X13L)
Add component (AddParameter): Name = "Manufacturer 1"; Value = ""; VariantName = "[No Variations]"
Add component (AddParameter): Name = "Manufacturer Part Number 1"; Value = ""; VariantName = "[No Variations]"
Add component (AddParameter): Name = "Package"; Value = "0805"; VariantName = "[No Variations]"
Add component (AddParameter): Name = "Value"; Value = "10pF"; VariantName = "[No Variations]"
Added Component: Designator=C24(CAPC2012X13L)
Add component (AddParameter): Name = "Manufacturer 1"; Value = ""; VariantName = "[No Variations]"
Add component (AddParameter): Name = "Manufacturer Part Number 1"; Value = ""; VariantName = "[No Variations]"
Add component (AddParameter): Name = "Package"; Value = "0805"; VariantName = "[No Variations]"
Add component (AddParameter): Name = "Value"; Value = "NM"; VariantName = "[No Variations]"
Added Component: Designator=C25(CAPC2012X13L)
Add component (AddParameter): Name = "Manufacturer 1"; Value = ""; VariantName = "[No Variations]"
Add component (AddParameter): Name = "Manufacturer Part Number 1"; Value = ""; VariantName = "[No Variations]"
Add component (AddParameter): Name = "Package"; Value = "0805"; VariantName = "[No Variations]"
Add component (AddParameter): Name = "Value"; Value = "NM"; VariantName = "[No Variations]"
Added Component: Designator=J14(uFL_50R)
Add component (AddParameter): Name = "ERP"; Value = ""; VariantName = "[No Variations]"
Add component (AddParameter): Name = "Manufacturer 1"; Value = ""; VariantName = "[No Variations]"
Add component (AddParameter): Name = "Manufacturer Part Number 1"; Value = ""; VariantName = "[No Variations]"
Add component (AddParameter): Name = "Package"; Value = "L3W3"; VariantName = "[No Variations]"
Add component (AddParameter): Name = "Supplier 1"; Value = ""; VariantName = "[No Variations]"
Add component (AddParameter): Name = "Suuplier Part Number 1"; Value = ""; VariantName = "[No Variations]"
Add component (AddParameter): Name = "Value"; Value = ""; VariantName = "[No Variations]"
Added Component: Designator=J15(uFL_50R)
Add component (AddParameter): Name = "ERP"; Value = ""; VariantName = "[No Variations]"
Add component (AddParameter): Name = "Manufacturer 1"; Value = ""; VariantName = "[No Variations]"
Add component (AddParameter): Name = "Manufacturer Part Number 1"; Value = ""; VariantName = "[No Variations]"
Add component (AddParameter): Name = "Package"; Value = "L3W3"; VariantName = "[No Variations]"
Add component (AddParameter): Name = "Supplier 1"; Value = ""; VariantName = "[No Variations]"
Add component (AddParameter): Name = "Suuplier Part Number 1"; Value = ""; VariantName = "[No Variations]"
Add component (AddParameter): Name = "Value"; Value = ""; VariantName = "[No Variations]"
Added Component: Designator=J16(uFL_50R)
Add component (AddParameter): Name = "ERP"; Value = ""; VariantName = "[No Variations]"
Add component (AddParameter): Name = "Manufacturer 1"; Value = ""; VariantName = "[No Variations]"
Add component (AddParameter): Name = "Manufacturer Part Number 1"; Value = ""; VariantName = "[No Variations]"
Add component (AddParameter): Name = "Package"; Value = "L3W3"; VariantName = "[No Variations]"
Add component (AddParameter): Name = "Supplier 1"; Value = ""; VariantName = "[No Variations]"
Add component (AddParameter): Name = "Suuplier Part Number 1"; Value = ""; VariantName = "[No Variations]"
Add component (AddParameter): Name = "Value"; Value = ""; VariantName = "[No Variations]"
Added Component: Designator=L1(IND_0603)
Add component (AddParameter): Name = "ERP"; Value = ""; VariantName = "[No Variations]"
Add component (AddParameter): Name = "Manufacturer 1"; Value = ""; VariantName = "[No Variations]"
Add component (AddParameter): Name = "Manufacturer Part Number 1"; Value = ""; VariantName = "[No Variations]"
Add component (AddParameter): Name = "Package"; Value = "0603"; VariantName = "[No Variations]"
Add component (AddParameter): Name = "Supplier 1"; Value = ""; VariantName = "[No Variations]"
Add component (AddParameter): Name = "Suuplier Part Number 1"; Value = ""; VariantName = "[No Variations]"
Add component (AddParameter): Name = "Value"; Value = "47nH"; VariantName = "[No Variations]"
Added Component: Designator=R28(RES_0603)
Add component (AddParameter): Name = "Manufacturer 1"; Value = ""; VariantName = "[No Variations]"
Add component (AddParameter): Name = "Manufacturer Part Number 1"; Value = ""; VariantName = "[No Variations]"
Add component (AddParameter): Name = "Package"; Value = "0603"; VariantName = "[No Variations]"
Add component (AddParameter): Name = "Value"; Value = "0R"; VariantName = "[No Variations]"
Added Component: Designator=R29(RES_0603)
Add component (AddParameter): Name = "Manufacturer 1"; Value = ""; VariantName = "[No Variations]"
Add component (AddParameter): Name = "Manufacturer Part Number 1"; Value = ""; VariantName = "[No Variations]"
Add component (AddParameter): Name = "Package"; Value = "0603"; VariantName = "[No Variations]"
Add component (AddParameter): Name = "Value"; Value = "10R"; VariantName = "[No Variations]"
Added Component: Designator=R30(RES_0603)
Add component (AddParameter): Name = "Manufacturer 1"; Value = ""; VariantName = "[No Variations]"
Add component (AddParameter): Name = "Manufacturer Part Number 1"; Value = ""; VariantName = "[No Variations]"
Add component (AddParameter): Name = "Package"; Value = "0603"; VariantName = "[No Variations]"
Add component (AddParameter): Name = "Value"; Value = "0R"; VariantName = "[No Variations]"
Added Pin To Net: NetName=MODEM_USIM_GND Pin=C21-1
Added Pin To Net: NetName=MODEM_ANT_LTE Pin=C21-2
Added Pin To Net: NetName=MODEM_USIM_GND Pin=C22-1
Added Pin To Net: NetName=MODEM_USIM_GND Pin=C24-1
Added Pin To Net: NetName=MODEM_ANT_GNSS Pin=C24-2
Added Pin To Net: NetName=MODEM_USIM_GND Pin=C25-1
Added Pin To Net: NetName=MODEM_USIM_GND Pin=J15-2
Added Pin To Net: NetName=MODEM_USIM_GND Pin=J15-3
Added Pin To Net: NetName=MODEM_USIM_GND Pin=J16-2
Added Pin To Net: NetName=MODEM_USIM_GND Pin=J16-3
Added Pin To Net: NetName=MODEM_ANT_LTE Pin=R28-2
Added Pin To Net: NetName=3V3 Pin=R29-2
Added Pin To Net: NetName=MODEM_ANT_GNSS Pin=R30-2
Added Pin To Net: NetName=NetC22_2 Pin=C22-2
Added Pin To Net: NetName=NetC22_2 Pin=J15-1
Added Pin To Net: NetName=NetC22_2 Pin=R28-1
Added Net: Name=NetC22_2
Added Pin To Net: NetName=NetC23_1 Pin=C23-1
Added Pin To Net: NetName=NetC23_1 Pin=J16-1
Added Pin To Net: NetName=NetC23_1 Pin=L1-1
Added Net: Name=NetC23_1
Added Pin To Net: NetName=NetC23_2 Pin=C23-2
Added Pin To Net: NetName=NetC23_2 Pin=C25-2
Added Pin To Net: NetName=NetC23_2 Pin=R30-1
Added Net: Name=NetC23_2
Added Pin To Net: NetName=NetJ14_1 Pin=J14-1
Added Net: Name=NetJ14_1
Added Pin To Net: NetName=NetJ14_2 Pin=J14-2
Added Pin To Net: NetName=NetJ14_2 Pin=J14-3
Added Net: Name=NetJ14_2
Added Pin To Net: NetName=NetL1_2 Pin=L1-2
Added Pin To Net: NetName=NetL1_2 Pin=R29-1
Added Net: Name=NetL1_2
Added Class: Name=C21_Nets
Added Class: Name=C22_Nets
Added Class: Name=C23_Nets
Added Class: Name=C24_Nets
Added Class: Name=C25_Nets
Added Class: Name=J14_Nets
Added Class: Name=J15_Nets
Added Class: Name=J16_Nets
Added Class: Name=L1_Nets
Added Class: Name=R28_Nets
Added Class: Name=R29_Nets
Added Class: Name=R30_Nets
Added Member To Class: ClassName=MODEM_PT1 Member=Component C21 MLCC_0805
Added Member To Class: ClassName=MODEM_PT1 Member=Component C22 MLCC_0805
Added Member To Class: ClassName=MODEM_PT1 Member=Component C23 MLCC_0805
Added Member To Class: ClassName=MODEM_PT1 Member=Component C24 MLCC_0805
Added Member To Class: ClassName=MODEM_PT1 Member=Component C25 MLCC_0805
Added Member To Class: ClassName=MODEM_PT1 Member=Component J14 ERP_148-1
Added Member To Class: ClassName=MODEM_PT1 Member=Component J15 ERP_148-1
Added Member To Class: ClassName=MODEM_PT1 Member=Component J16 ERP_148-1
Added Member To Class: ClassName=MODEM_PT1 Member=Component L1 ERP_103-3
Added Member To Class: ClassName=MODEM_PT1 Member=Component R28 ERP_101-1
Added Member To Class: ClassName=MODEM_PT1 Member=Component R29 ERP_101-1
Added Member To Class: ClassName=MODEM_PT1 Member=Component R30 ERP_101-1
Added Member To Class: ClassName=ANT_50R Member=Wire NetC22_2
Added Member To Class: ClassName=ANT_50R Member=Wire NetC23_1
Added Member To Class: ClassName=ANT_50R Member=Wire NetC23_2
Added Rule: Name=Schematic Width Constraint_2
