Removed Member From Class: ClassName=U8_Nets Member=NetU8_8
Added Component: Designator=R41(RES_0603)
Add component (AddParameter): Name = "Manufacturer 1"; Value = ""; VariantName = "[No Variations]"
Add component (AddParameter): Name = "Manufacturer Part Number 1"; Value = ""; VariantName = "[No Variations]"
Add component (AddParameter): Name = "Package"; Value = "0603"; VariantName = "[No Variations]"
Add component (AddParameter): Name = "Value"; Value = "10k"; VariantName = "[No Variations]"
Added Component: Designator=R51(RES_0603)
Add component (AddParameter): Name = "Manufacturer 1"; Value = ""; VariantName = "[No Variations]"
Add component (AddParameter): Name = "Manufacturer Part Number 1"; Value = ""; VariantName = "[No Variations]"
Add component (AddParameter): Name = "Package"; Value = "0603"; VariantName = "[No Variations]"
Add component (AddParameter): Name = "Value"; Value = "4k7"; VariantName = "[No Variations]"
Added Pin To Net: NetName=3V3 Pin=R41-2
Added Pin To Net: NetName=GND Pin=R51-1
Added Pin To Net: NetName=ESP_JTAG_SRC_SEL Pin=R41-1
Added Pin To Net: NetName=ESP_JTAG_SRC_SEL Pin=R51-2
Added Pin To Net: NetName=ESP_JTAG_SRC_SEL Pin=U8-8
Added Net: Name=ESP_JTAG_SRC_SEL
Added Class: Name=R41_Nets
Added Class: Name=R51_Nets
Added Member To Class: ClassName=MCU Member=Component R41 ERP_101-1
Added Member To Class: ClassName=MCU Member=Component R51 ERP_101-1
Added Member To Class: ClassName=U8_Nets Member=Wire ESP_JTAG_SRC_SEL
