Remove Class Member: Failed to remove class member
Removed Member From Class: ClassName=J33_Nets Member=NetJ33_A4
Removed Member From Class: ClassName=J33_Nets Member=NetJ33_A5
Removed Member From Class: ClassName=R45_Nets Member=NetJ33_A5
Removed Member From Class: ClassName=J33_Nets Member=NetJ33_A8
Removed Member From Class: ClassName=J33_Nets Member=NetJ33_A9
Removed Member From Class: ClassName=J33_Nets Member=NetJ33_B4
Removed Member From Class: ClassName=J33_Nets Member=NetJ33_B5
Removed Member From Class: ClassName=R48_Nets Member=NetJ33_B5
Removed Member From Class: ClassName=J33_Nets Member=NetJ33_B8
Removed Member From Class: ClassName=J33_Nets Member=NetJ33_B9
Change Component Designator: OldDesignator=J31 NewDesignator=J30
Change Component Designator: OldDesignator=J32 NewDesignator=J31
Change Component Designator: OldDesignator=J33 NewDesignator=J32
Added Component: Designator=J33(6PX1R_F)
Add component (AddParameter): Name = "Manufacturer 1"; Value = ""; VariantName = "[No Variations]"
Add component (AddParameter): Name = "Manufacturer Part Number 1"; Value = ""; VariantName = "[No Variations]"
Add component (AddParameter): Name = "Value"; Value = ""; VariantName = "[No Variations]"
Change Net Name : Old Net Name=NetJ33_A4 New Net Name=NetJ32_A4
Change Net Name : Old Net Name=NetJ33_A5 New Net Name=NetJ32_A5
Change Net Name : Old Net Name=NetJ33_A8 New Net Name=NetJ32_A8
Change Net Name : Old Net Name=NetJ33_A9 New Net Name=NetJ32_A9
Change Net Name : Old Net Name=NetJ33_B4 New Net Name=NetJ32_B4
Change Net Name : Old Net Name=NetJ33_B5 New Net Name=NetJ32_B5
Change Net Name : Old Net Name=NetJ33_B8 New Net Name=NetJ32_B8
Change Net Name : Old Net Name=NetJ33_B9 New Net Name=NetJ32_B9
Added Pin To Net: NetName=NetJ33_1 Pin=J33-1
Added Net: Name=NetJ33_1
Added Pin To Net: NetName=NetJ33_2 Pin=J33-2
Added Net: Name=NetJ33_2
Added Pin To Net: NetName=NetJ33_3 Pin=J33-3
Added Net: Name=NetJ33_3
Added Pin To Net: NetName=NetJ33_4 Pin=J33-4
Added Net: Name=NetJ33_4
Added Pin To Net: NetName=NetJ33_5 Pin=J33-5
Added Net: Name=NetJ33_5
Added Pin To Net: NetName=NetJ33_6 Pin=J33-6
Added Net: Name=NetJ33_6
Change Class Name : Old Net Name=J31_Nets New Net Name=J30_Nets
Change Class Name : Old Net Name=J32_Nets New Net Name=J31_Nets
Change Class Name : Old Net Name=J33_Nets New Net Name=J32_Nets
Added Class: Name=J33_Nets
Added Member To Class: ClassName=J32_Nets Member=Wire NetJ32_A4
Added Member To Class: ClassName=J32_Nets Member=Wire NetJ32_A5
Added Member To Class: ClassName=R45_Nets Member=Wire NetJ32_A5
Added Member To Class: ClassName=J32_Nets Member=Wire NetJ32_A8
Added Member To Class: ClassName=J32_Nets Member=Wire NetJ32_A9
Added Member To Class: ClassName=J32_Nets Member=Wire NetJ32_B4
Added Member To Class: ClassName=J32_Nets Member=Wire NetJ32_B5
Added Member To Class: ClassName=R48_Nets Member=Wire NetJ32_B5
Added Member To Class: ClassName=J32_Nets Member=Wire NetJ32_B8
Added Member To Class: ClassName=J32_Nets Member=Wire NetJ32_B9
