Removed Member From Class: ClassName=J23_Nets Member=NetJ23_3
Removed Member From Class: ClassName=J23_Nets Member=NetJ23_4
Removed Member From Class: ClassName=J24_Nets Member=NetJ24_2
Removed Member From Class: ClassName=J24_Nets Member=NetJ24_3
Removed Member From Class: ClassName=U8_Nets Member=NetU8_44
Removed Member From Class: ClassName=U8_Nets Member=NetU8_45
Removed Member From Class: ClassName=U8_Nets Member=NetU8_47
Removed Member From Class: ClassName=U8_Nets Member=NetU8_48
Added Pin To Net: NetName=ESP_TCK Pin=J23-4
Added Pin To Net: NetName=ESP_TCK Pin=U8-44
Added Net: Name=ESP_TCK
Added Pin To Net: NetName=ESP_TDI Pin=J23-3
Added Pin To Net: NetName=ESP_TDI Pin=U8-47
Added Net: Name=ESP_TDI
Added Pin To Net: NetName=ESP_TDO Pin=J24-3
Added Pin To Net: NetName=ESP_TDO Pin=U8-45
Added Net: Name=ESP_TDO
Added Pin To Net: NetName=ESP_TMS Pin=J24-2
Added Pin To Net: NetName=ESP_TMS Pin=U8-48
Added Net: Name=ESP_TMS
Added Member To Class: ClassName=J23_Nets Member=Wire ESP_TCK
Added Member To Class: ClassName=U8_Nets Member=Wire ESP_TCK
Added Member To Class: ClassName=J23_Nets Member=Wire ESP_TDI
Added Member To Class: ClassName=U8_Nets Member=Wire ESP_TDI
Added Member To Class: ClassName=J24_Nets Member=Wire ESP_TDO
Added Member To Class: ClassName=U8_Nets Member=Wire ESP_TDO
Added Member To Class: ClassName=J24_Nets Member=Wire ESP_TMS
Added Member To Class: ClassName=U8_Nets Member=Wire ESP_TMS
