Removed Member From Class: ClassName=C42_Nets Member=12V0
Removed Member From Class: ClassName=C44_Nets Member=12V0
Removed Member From Class: ClassName=C45_Nets Member=12V0
Removed Member From Class: ClassName=U5_Nets Member=12V0
Removed Member From Class: ClassName=U6_Nets Member=12V0
Removed Member From Class: ClassName=U7_Nets Member=12V0
Removed Member From Class: ClassName=C56_Nets Member=NetC56_1
Removed Member From Class: ClassName=C57_Nets Member=NetC56_1
Removed Member From Class: ClassName=C58_Nets Member=NetC56_1
Removed Member From Class: ClassName=L3_Nets Member=NetC56_1
Removed Member From Class: ClassName=R47_Nets Member=NetC56_1
Added Pin To Net: NetName=5V0 Pin=C56-1
Added Pin To Net: NetName=5V0 Pin=C57-1
Added Pin To Net: NetName=5V0 Pin=C58-1
Added Pin To Net: NetName=5V0 Pin=L3-2
Added Pin To Net: NetName=5V0 Pin=R47-1
Added Member To Class: ClassName=C42_Nets Member=Wire 5V0
Added Member To Class: ClassName=C44_Nets Member=Wire 5V0
Added Member To Class: ClassName=C45_Nets Member=Wire 5V0
Added Member To Class: ClassName=C56_Nets Member=Wire 5V0
Added Member To Class: ClassName=C57_Nets Member=Wire 5V0
Added Member To Class: ClassName=C58_Nets Member=Wire 5V0
Added Member To Class: ClassName=L3_Nets Member=Wire 5V0
Added Member To Class: ClassName=R47_Nets Member=Wire 5V0
Added Member To Class: ClassName=U5_Nets Member=Wire 5V0
Added Member To Class: ClassName=U6_Nets Member=Wire 5V0
Added Member To Class: ClassName=U7_Nets Member=Wire 5V0
