Added Component: Designator=D?(LED_1206_TOP)
Add component (AddParameter): Name = "Manufacturer 1"; Value = "Würth Elektronik"; VariantName = "[No Variations]"
Add component (AddParameter): Name = "Manufacturer Part Number 1"; Value = "156120VS82500P"; VariantName = "[No Variations]"
Add component (AddParameter): Name = "Value"; Value = "GREEN"; VariantName = "[No Variations]"
Added Component: Designator=R?(RES_0603)
Add component (AddParameter): Name = "ERP"; Value = ""; VariantName = "[No Variations]"
Add component (AddParameter): Name = "Manufacturer 1"; Value = ""; VariantName = "[No Variations]"
Add component (AddParameter): Name = "Manufacturer Part Number 1"; Value = ""; VariantName = "[No Variations]"
Add component (AddParameter): Name = "Package"; Value = "0603"; VariantName = "[No Variations]"
Add component (AddParameter): Name = "Value"; Value = "1k"; VariantName = "[No Variations]"
Added Pin To Net: NetName=MODEM_USIM_GND Pin=R?-1
Added Pin To Net: NetName=3V8 Pin=D?-2
Added Net: Name=3V8
Added Pin To Net: NetName=NetD?_1 Pin=D?-1
Added Pin To Net: NetName=NetD?_1 Pin=R?-2
Added Net: Name=NetD?_1
Change Class Name : Old Net Name=MODEM New Net Name=MODEM_PT1
Added Class: Name=D?_Nets
Added Class: Name=R?_Nets
Added Member To Class: ClassName=MODEM_PT1 Member=Component D? LED_1206_TOP
Added Member To Class: ClassName=MODEM_PT1 Member=Component R? ERP_101-1
Added Rule: Name=Schematic Supply Nets
