Removed Member From Class: ClassName=J14_Nets Member=NetJ14_14
Removed Member From Class: ClassName=R32_Nets Member=NetR32_1
Removed Member From Class: ClassName=U4_Nets Member=NetR32_1
Change Component Kind : Designator=R32 Old Kind=Standard New Kind=Standard (No BOM)
Added Component: Designator=U?(QFN40P700X700X106_HS-57N)
Add component (AddParameter): Name = "ERP"; Value = ""; VariantName = "[No Variations]"
Add component (AddParameter): Name = "Manufacturer 1"; Value = "Espressif Systems"; VariantName = "[No Variations]"
Add component (AddParameter): Name = "Manufacturer Part Number 1"; Value = ""; VariantName = "[No Variations]"
Add component (AddParameter): Name = "Package"; Value = "56-TFQFN"; VariantName = "[No Variations]"
Add component (AddParameter): Name = "Value"; Value = "ESP32-S3-PICO-1"; VariantName = "[No Variations]"
Added Pin To Net: NetName=NetU?_1 Pin=U?-1
Added Net: Name=NetU?_1
Added Pin To Net: NetName=NetU?_2 Pin=U?-2
Added Net: Name=NetU?_2
Added Pin To Net: NetName=NetU?_3 Pin=U?-3
Added Net: Name=NetU?_3
Added Pin To Net: NetName=NetU?_4 Pin=U?-4
Added Net: Name=NetU?_4
Added Pin To Net: NetName=NetU?_5 Pin=U?-5
Added Net: Name=NetU?_5
Added Pin To Net: NetName=NetU?_6 Pin=U?-6
Added Net: Name=NetU?_6
Added Pin To Net: NetName=NetU?_7 Pin=U?-7
Added Net: Name=NetU?_7
Added Pin To Net: NetName=NetU?_8 Pin=U?-8
Added Net: Name=NetU?_8
Added Pin To Net: NetName=NetU?_9 Pin=U?-9
Added Net: Name=NetU?_9
Added Pin To Net: NetName=NetU?_10 Pin=U?-10
Added Net: Name=NetU?_10
Added Pin To Net: NetName=NetU?_11 Pin=U?-11
Added Net: Name=NetU?_11
Added Pin To Net: NetName=NetU?_12 Pin=U?-12
Added Net: Name=NetU?_12
Added Pin To Net: NetName=NetU?_13 Pin=U?-13
Added Net: Name=NetU?_13
Added Pin To Net: NetName=NetU?_14 Pin=U?-14
Added Net: Name=NetU?_14
Added Pin To Net: NetName=NetU?_15 Pin=U?-15
Added Net: Name=NetU?_15
Added Pin To Net: NetName=NetU?_16 Pin=U?-16
Added Net: Name=NetU?_16
Added Pin To Net: NetName=NetU?_17 Pin=U?-17
Added Net: Name=NetU?_17
Added Pin To Net: NetName=NetU?_18 Pin=U?-18
Added Net: Name=NetU?_18
Added Pin To Net: NetName=NetU?_19 Pin=U?-19
Added Net: Name=NetU?_19
Added Pin To Net: NetName=NetU?_20 Pin=U?-20
Added Net: Name=NetU?_20
Added Pin To Net: NetName=NetU?_21 Pin=U?-21
Added Net: Name=NetU?_21
Added Pin To Net: NetName=NetU?_22 Pin=U?-22
Added Net: Name=NetU?_22
Added Pin To Net: NetName=NetU?_23 Pin=U?-23
Added Net: Name=NetU?_23
Added Pin To Net: NetName=NetU?_24 Pin=U?-24
Added Net: Name=NetU?_24
Added Pin To Net: NetName=NetU?_25 Pin=U?-25
Added Net: Name=NetU?_25
Added Pin To Net: NetName=NetU?_26 Pin=U?-26
Added Net: Name=NetU?_26
Added Pin To Net: NetName=NetU?_27 Pin=U?-27
Added Net: Name=NetU?_27
Added Pin To Net: NetName=NetU?_28 Pin=U?-28
Added Net: Name=NetU?_28
Added Pin To Net: NetName=NetU?_29 Pin=U?-29
Added Net: Name=NetU?_29
Added Pin To Net: NetName=NetU?_30 Pin=U?-30
Added Net: Name=NetU?_30
Added Pin To Net: NetName=NetU?_31 Pin=U?-31
Added Net: Name=NetU?_31
Added Pin To Net: NetName=NetU?_32 Pin=U?-32
Added Net: Name=NetU?_32
Added Pin To Net: NetName=NetU?_33 Pin=U?-33
Added Net: Name=NetU?_33
Added Pin To Net: NetName=NetU?_34 Pin=U?-34
Added Net: Name=NetU?_34
Added Pin To Net: NetName=NetU?_35 Pin=U?-35
Added Net: Name=NetU?_35
Added Pin To Net: NetName=NetU?_36 Pin=U?-36
Added Net: Name=NetU?_36
Added Pin To Net: NetName=NetU?_37 Pin=U?-37
Added Net: Name=NetU?_37
Added Pin To Net: NetName=NetU?_38 Pin=U?-38
Added Net: Name=NetU?_38
Added Pin To Net: NetName=NetU?_39 Pin=U?-39
Added Net: Name=NetU?_39
Added Pin To Net: NetName=NetU?_40 Pin=U?-40
Added Net: Name=NetU?_40
Added Pin To Net: NetName=NetU?_41 Pin=U?-41
Added Net: Name=NetU?_41
Added Pin To Net: NetName=NetU?_42 Pin=U?-42
Added Net: Name=NetU?_42
Added Pin To Net: NetName=NetU?_43 Pin=U?-43
Added Net: Name=NetU?_43
Added Pin To Net: NetName=NetU?_44 Pin=U?-44
Added Net: Name=NetU?_44
Added Pin To Net: NetName=NetU?_45 Pin=U?-45
Added Net: Name=NetU?_45
Added Pin To Net: NetName=NetU?_46 Pin=U?-46
Added Net: Name=NetU?_46
Added Pin To Net: NetName=NetU?_47 Pin=U?-47
Added Net: Name=NetU?_47
Added Pin To Net: NetName=NetU?_48 Pin=U?-48
Added Net: Name=NetU?_48
Added Pin To Net: NetName=NetU?_49 Pin=U?-49
Added Net: Name=NetU?_49
Added Pin To Net: NetName=NetU?_50 Pin=U?-50
Added Net: Name=NetU?_50
Added Pin To Net: NetName=NetU?_51 Pin=U?-51
Added Net: Name=NetU?_51
Added Pin To Net: NetName=NetU?_52 Pin=U?-52
Added Net: Name=NetU?_52
Added Pin To Net: NetName=NetU?_53 Pin=U?-53
Added Net: Name=NetU?_53
Added Pin To Net: NetName=NetU?_54 Pin=U?-54
Added Net: Name=NetU?_54
Added Pin To Net: NetName=NetU?_55 Pin=U?-55
Added Net: Name=NetU?_55
Added Pin To Net: NetName=NetU?_56 Pin=U?-56
Added Net: Name=NetU?_56
Added Pin To Net: NetName=NetU?_57 Pin=U?-57
Added Net: Name=NetU?_57
Added Pin To Net: NetName=VBATT_CTRL Pin=J14-14
Added Pin To Net: NetName=VBATT_CTRL Pin=R32-1
Added Pin To Net: NetName=VBATT_CTRL Pin=U4-5
Added Net: Name=VBATT_CTRL
Added Class: Name=MCU
Added Class: Name=U?_Nets
Added Member To Class: ClassName=J14_Nets Member=Wire VBATT_CTRL
Added Member To Class: ClassName=R32_Nets Member=Wire VBATT_CTRL
Added Member To Class: ClassName=U4_Nets Member=Wire VBATT_CTRL
