Removed Member From Class: ClassName=J19_Nets Member=NetJ19_C6
Change Component Designator: OldDesignator=J19 NewDesignator=J33
Added Component: Designator=J19(6PX1R_F)
Add component (AddParameter): Name = "Manufacturer 1"; Value = ""; VariantName = "[No Variations]"
Add component (AddParameter): Name = "Manufacturer Part Number 1"; Value = ""; VariantName = "[No Variations]"
Add component (AddParameter): Name = "Value"; Value = ""; VariantName = "[No Variations]"
Change Net Name : Old Net Name=NetJ19_C6 New Net Name=NetJ33_C6
Added Pin To Net: NetName=NetJ19_1 Pin=J19-1
Added Net: Name=NetJ19_1
Added Pin To Net: NetName=NetJ19_2 Pin=J19-2
Added Net: Name=NetJ19_2
Added Pin To Net: NetName=NetJ19_3 Pin=J19-3
Added Net: Name=NetJ19_3
Added Pin To Net: NetName=NetJ19_4 Pin=J19-4
Added Net: Name=NetJ19_4
Added Pin To Net: NetName=NetJ19_5 Pin=J19-5
Added Net: Name=NetJ19_5
Added Pin To Net: NetName=NetJ19_6 Pin=J19-6
Added Net: Name=NetJ19_6
Change Class Name : Old Net Name=J19_Nets New Net Name=J33_Nets
Added Class: Name=J19_Nets
Added Member To Class: ClassName=J33_Nets Member=Wire NetJ33_C6
