Change Net Name : Old Net Name=MODEM_USIM_GND New Net Name=GND
Change Net Color : Old Net Color=RGB(158, 161, 117) New Net Color=Black
Added Member To Class: ClassName=C1_Nets Member=Wire GND
Added Member To Class: ClassName=C2_Nets Member=Wire GND
Added Member To Class: ClassName=C3_Nets Member=Wire GND
Added Member To Class: ClassName=C5_Nets Member=Wire GND
Added Member To Class: ClassName=C6_Nets Member=Wire GND
Added Member To Class: ClassName=C7_Nets Member=Wire GND
Added Member To Class: ClassName=C8_Nets Member=Wire GND
Added Member To Class: ClassName=C11_Nets Member=Wire GND
Added Member To Class: ClassName=C12_Nets Member=Wire GND
Added Member To Class: ClassName=C13_Nets Member=Wire GND
Added Member To Class: ClassName=C14_Nets Member=Wire GND
Added Member To Class: ClassName=C15_Nets Member=Wire GND
Added Member To Class: ClassName=C16_Nets Member=Wire GND
Added Member To Class: ClassName=C17_Nets Member=Wire GND
Added Member To Class: ClassName=C18_Nets Member=Wire GND
Added Member To Class: ClassName=C19_Nets Member=Wire GND
Added Member To Class: ClassName=C20_Nets Member=Wire GND
Added Member To Class: ClassName=C21_Nets Member=Wire GND
Added Member To Class: ClassName=C22_Nets Member=Wire GND
Added Member To Class: ClassName=C24_Nets Member=Wire GND
Added Member To Class: ClassName=C25_Nets Member=Wire GND
Added Member To Class: ClassName=C26_Nets Member=Wire GND
Added Member To Class: ClassName=C27_Nets Member=Wire GND
Added Member To Class: ClassName=C28_Nets Member=Wire GND
Added Member To Class: ClassName=C29_Nets Member=Wire GND
Added Member To Class: ClassName=C30_Nets Member=Wire GND
Added Member To Class: ClassName=C31_Nets Member=Wire GND
Added Member To Class: ClassName=C32_Nets Member=Wire GND
Added Member To Class: ClassName=C33_Nets Member=Wire GND
Added Member To Class: ClassName=C34_Nets Member=Wire GND
Added Member To Class: ClassName=C35_Nets Member=Wire GND
Added Member To Class: ClassName=C36_Nets Member=Wire GND
Added Member To Class: ClassName=C37_Nets Member=Wire GND
Added Member To Class: ClassName=C38_Nets Member=Wire GND
Added Member To Class: ClassName=J1_Nets Member=Wire GND
Added Member To Class: ClassName=J2_Nets Member=Wire GND
Added Member To Class: ClassName=J3_Nets Member=Wire GND
Added Member To Class: ClassName=J4_Nets Member=Wire GND
Added Member To Class: ClassName=J8_Nets Member=Wire GND
Added Member To Class: ClassName=J10_Nets Member=Wire GND
Added Member To Class: ClassName=J12_Nets Member=Wire GND
Added Member To Class: ClassName=J13_Nets Member=Wire GND
Added Member To Class: ClassName=J14_Nets Member=Wire GND
Added Member To Class: ClassName=J15_Nets Member=Wire GND
Added Member To Class: ClassName=J16_Nets Member=Wire GND
Added Member To Class: ClassName=M1_Nets Member=Wire GND
Added Member To Class: ClassName=Q1_Nets Member=Wire GND
Added Member To Class: ClassName=Q2_Nets Member=Wire GND
Added Member To Class: ClassName=Q3_Nets Member=Wire GND
Added Member To Class: ClassName=Q4_Nets Member=Wire GND
Added Member To Class: ClassName=Q5_Nets Member=Wire GND
Added Member To Class: ClassName=R2_Nets Member=Wire GND
Added Member To Class: ClassName=R4_Nets Member=Wire GND
Added Member To Class: ClassName=R6_Nets Member=Wire GND
Added Member To Class: ClassName=R7_Nets Member=Wire GND
Added Member To Class: ClassName=U1_Nets Member=Wire GND
Added Member To Class: ClassName=U2_Nets Member=Wire GND
Added Member To Class: ClassName=U3_Nets Member=Wire GND
Added Rule: Name=Schematic Supply Nets
