Removed Pin From Net: NetName=MODEM_VDDBB Pin=D1-2
Removed Pin From Net: NetName=MODEM_VDDBB Pin=D2-2
Removed Pin From Net: NetName=MODEM_LED_NETSTAT Pin=Q3-1
Removed Pin From Net: NetName=GND Pin=Q3-2
Removed Pin From Net: NetName=MODEM_LED_NETMODE Pin=Q4-1
Removed Pin From Net: NetName=GND Pin=Q4-2
Removed Member From Class: ClassName=MODEM_PT2 Member=Q3
Removed Member From Class: ClassName=MODEM_PT2 Member=Q4
Removed Member From Class: ClassName=D1_Nets Member=MODEM_VDDBB
Removed Member From Class: ClassName=D2_Nets Member=MODEM_VDDBB
Removed Member From Class: ClassName=D1_Nets Member=NetD1_1
Removed Member From Class: ClassName=R25_Nets Member=NetD1_1
Removed Member From Class: ClassName=D2_Nets Member=NetD2_1
Removed Member From Class: ClassName=R26_Nets Member=NetD2_1
Removed Member From Class: ClassName=R25_Nets Member=NetQ3_3
Removed Member From Class: ClassName=R26_Nets Member=NetQ4_3
Added Pin To Net: NetName=GND Pin=D1-1
Added Pin To Net: NetName=GND Pin=D2-1
Added Pin To Net: NetName=MODEM_LED_NETSTAT Pin=R25-2
Added Pin To Net: NetName=MODEM_LED_NETMODE Pin=R26-2
Added Pin To Net: NetName=NetD1_2 Pin=D1-2
Added Pin To Net: NetName=NetD1_2 Pin=R25-1
Added Net: Name=NetD1_2
Added Pin To Net: NetName=NetD2_2 Pin=D2-2
Added Pin To Net: NetName=NetD2_2 Pin=R26-1
Added Net: Name=NetD2_2
Added Member To Class: ClassName=D1_Nets Member=Wire GND
Added Member To Class: ClassName=D2_Nets Member=Wire GND
Added Member To Class: ClassName=R26_Nets Member=Wire MODEM_LED_NETMODE
Added Member To Class: ClassName=R25_Nets Member=Wire MODEM_LED_NETSTAT
Added Member To Class: ClassName=D1_Nets Member=Wire NetD1_2
Added Member To Class: ClassName=R25_Nets Member=Wire NetD1_2
Added Member To Class: ClassName=D2_Nets Member=Wire NetD2_2
Added Member To Class: ClassName=R26_Nets Member=Wire NetD2_2
