Removed Pin From Net: NetName=ESP_IO13 Pin=J26-3
Removed Pin From Net: NetName=ESP_IO10 Pin=J26-4
Removed Pin From Net: NetName=ESP_IO9 Pin=J26-5
Removed Pin From Net: NetName=ESP_IO18 Pin=J26-6
Removed Member From Class: ClassName=J26_Nets Member=ESP_IO9
Removed Member From Class: ClassName=J26_Nets Member=ESP_IO10
Removed Member From Class: ClassName=J26_Nets Member=ESP_IO13
Removed Member From Class: ClassName=J26_Nets Member=ESP_IO18
Removed Member From Class: ClassName=J26_Nets Member=ESP_IO33
Removed Member From Class: ClassName=J26_Nets Member=ESP_IO48
Change Net Name : Old Net Name=ESP_IO33 New Net Name=NetJ26_1
Change Net Name : Old Net Name=ESP_IO48 New Net Name=NetJ26_2
Added Pin To Net: NetName=NetJ26_3 Pin=J26-3
Added Net: Name=NetJ26_3
Added Pin To Net: NetName=NetJ26_4 Pin=J26-4
Added Net: Name=NetJ26_4
Added Pin To Net: NetName=NetJ26_5 Pin=J26-5
Added Net: Name=NetJ26_5
Added Pin To Net: NetName=NetJ26_6 Pin=J26-6
Added Net: Name=NetJ26_6
Added Member To Class: ClassName=J26_Nets Member=Wire NetJ26_1
Added Member To Class: ClassName=J26_Nets Member=Wire NetJ26_2
Added Member To Class: ClassName=J26_Nets Member=Wire NetJ26_3
Added Member To Class: ClassName=J26_Nets Member=Wire NetJ26_4
Added Member To Class: ClassName=J26_Nets Member=Wire NetJ26_5
Added Member To Class: ClassName=J26_Nets Member=Wire NetJ26_6
