Added Pin To Net: NetName=NetC4_1 Pin=C4-1
Added Pin To Net: NetName=NetC4_2 Pin=C4-2
Added Pin To Net: NetName=VIN Pin=C9-1
Added Pin To Net: NetName=GND Pin=C9-2
Added Pin To Net: NetName=VIN Pin=C10-1
Added Pin To Net: NetName=GND Pin=C10-2
Added Pin To Net: NetName=VIN Pin=C39-1
Added Pin To Net: NetName=GND Pin=C39-2
Added Pin To Net: NetName=MODEM_VDDBB Pin=C40-1
Added Pin To Net: NetName=GND Pin=C40-2
Added Pin To Net: NetName=MODEM_VDDBB Pin=C41-1
Added Pin To Net: NetName=GND Pin=C41-2
Added Pin To Net: NetName=MODEM_VDDBB Pin=C42-1
Added Pin To Net: NetName=GND Pin=C42-2
Added Pin To Net: NetName=NetC43_1 Pin=C43-1
Added Pin To Net: NetName=MODEM_VDDBB Pin=C43-2
Added Pin To Net: NetName=NetC4_2 Pin=L2-1
Added Pin To Net: NetName=MODEM_VDDBB Pin=L2-2
Added Pin To Net: NetName=NetC4_1 Pin=R31-1
Added Pin To Net: NetName=NetR31_2 Pin=R31-2
Added Pin To Net: NetName=NetR32_1 Pin=R32-1
Added Pin To Net: NetName=VIN Pin=R32-2
Added Pin To Net: NetName=MODEM_VDDBB Pin=R33-1
Added Pin To Net: NetName=NetC43_1 Pin=R33-2
Added Pin To Net: NetName=NetR34_1 Pin=R34-1
Added Pin To Net: NetName=NetC43_1 Pin=R34-2
Added Pin To Net: NetName=GND Pin=R35-1
Added Pin To Net: NetName=NetC43_1 Pin=R35-2
Added Pin To Net: NetName=VIN Pin=U4-1
Added Pin To Net: NetName=NetC4_2 Pin=U4-2
Added Pin To Net: NetName=GND Pin=U4-3
Added Pin To Net: NetName=NetR31_2 Pin=U4-4
Added Pin To Net: NetName=NetR32_1 Pin=U4-5
Added Pin To Net: NetName=NetR34_1 Pin=U4-6
Added Member To Class: ClassName=MODEM_PT2 Member=Component C40 MLCC_0805
Added Member To Class: ClassName=MODEM_PT2 Member=Component C41 MLCC_0805
Added Member To Class: ClassName=MODEM_PT2 Member=Component C42 MLCC_0805
Added Member To Class: ClassName=MODEM_PT2 Member=Component C43 MLCC_0805
Added Member To Class: ClassName=MODEM_PT2 Member=Component R33 ERP_101-1
Added Member To Class: ClassName=MODEM_PT2 Member=Component R34 ERP_101-1
Added Member To Class: ClassName=MODEM_PT2 Member=Component R35 ERP_101-1
