Added Component: Designator=J19(6PX1R_F)
Add component (AddParameter): Name = "Manufacturer 1"; Value = ""; VariantName = "[No Variations]"
Add component (AddParameter): Name = "Manufacturer Part Number 1"; Value = ""; VariantName = "[No Variations]"
Add component (AddParameter): Name = "Value"; Value = ""; VariantName = "[No Variations]"
Added Component: Designator=J20(6PX1R_F)
Add component (AddParameter): Name = "Manufacturer 1"; Value = ""; VariantName = "[No Variations]"
Add component (AddParameter): Name = "Manufacturer Part Number 1"; Value = ""; VariantName = "[No Variations]"
Add component (AddParameter): Name = "Value"; Value = ""; VariantName = "[No Variations]"
Added Component: Designator=J21(6PX1R_F)
Add component (AddParameter): Name = "Manufacturer 1"; Value = ""; VariantName = "[No Variations]"
Add component (AddParameter): Name = "Manufacturer Part Number 1"; Value = ""; VariantName = "[No Variations]"
Add component (AddParameter): Name = "Value"; Value = ""; VariantName = "[No Variations]"
Added Component: Designator=J22(6PX1R_F)
Add component (AddParameter): Name = "Manufacturer 1"; Value = ""; VariantName = "[No Variations]"
Add component (AddParameter): Name = "Manufacturer Part Number 1"; Value = ""; VariantName = "[No Variations]"
Add component (AddParameter): Name = "Value"; Value = ""; VariantName = "[No Variations]"
Added Component: Designator=J23(6PX1R_F)
Add component (AddParameter): Name = "Manufacturer 1"; Value = ""; VariantName = "[No Variations]"
Add component (AddParameter): Name = "Manufacturer Part Number 1"; Value = ""; VariantName = "[No Variations]"
Add component (AddParameter): Name = "Value"; Value = ""; VariantName = "[No Variations]"
Added Component: Designator=J24(6PX1R_F)
Add component (AddParameter): Name = "Manufacturer 1"; Value = ""; VariantName = "[No Variations]"
Add component (AddParameter): Name = "Manufacturer Part Number 1"; Value = ""; VariantName = "[No Variations]"
Add component (AddParameter): Name = "Value"; Value = ""; VariantName = "[No Variations]"
Added Pin To Net: NetName=NetJ19_1 Pin=J19-1
Added Net: Name=NetJ19_1
Added Pin To Net: NetName=NetJ19_2 Pin=J19-2
Added Net: Name=NetJ19_2
Added Pin To Net: NetName=NetJ19_3 Pin=J19-3
Added Net: Name=NetJ19_3
Added Pin To Net: NetName=NetJ19_4 Pin=J19-4
Added Net: Name=NetJ19_4
Added Pin To Net: NetName=NetJ19_5 Pin=J19-5
Added Net: Name=NetJ19_5
Added Pin To Net: NetName=NetJ19_6 Pin=J19-6
Added Net: Name=NetJ19_6
Added Pin To Net: NetName=NetJ20_1 Pin=J20-1
Added Net: Name=NetJ20_1
Added Pin To Net: NetName=NetJ20_2 Pin=J20-2
Added Net: Name=NetJ20_2
Added Pin To Net: NetName=NetJ20_3 Pin=J20-3
Added Net: Name=NetJ20_3
Added Pin To Net: NetName=NetJ20_4 Pin=J20-4
Added Net: Name=NetJ20_4
Added Pin To Net: NetName=NetJ20_5 Pin=J20-5
Added Net: Name=NetJ20_5
Added Pin To Net: NetName=NetJ20_6 Pin=J20-6
Added Net: Name=NetJ20_6
Added Pin To Net: NetName=NetJ21_1 Pin=J21-1
Added Net: Name=NetJ21_1
Added Pin To Net: NetName=NetJ21_2 Pin=J21-2
Added Net: Name=NetJ21_2
Added Pin To Net: NetName=NetJ21_3 Pin=J21-3
Added Net: Name=NetJ21_3
Added Pin To Net: NetName=NetJ21_4 Pin=J21-4
Added Net: Name=NetJ21_4
Added Pin To Net: NetName=NetJ21_5 Pin=J21-5
Added Net: Name=NetJ21_5
Added Pin To Net: NetName=NetJ21_6 Pin=J21-6
Added Net: Name=NetJ21_6
Added Pin To Net: NetName=NetJ22_1 Pin=J22-1
Added Net: Name=NetJ22_1
Added Pin To Net: NetName=NetJ22_2 Pin=J22-2
Added Net: Name=NetJ22_2
Added Pin To Net: NetName=NetJ22_3 Pin=J22-3
Added Net: Name=NetJ22_3
Added Pin To Net: NetName=NetJ22_4 Pin=J22-4
Added Net: Name=NetJ22_4
Added Pin To Net: NetName=NetJ22_5 Pin=J22-5
Added Net: Name=NetJ22_5
Added Pin To Net: NetName=NetJ22_6 Pin=J22-6
Added Net: Name=NetJ22_6
Added Pin To Net: NetName=NetJ23_1 Pin=J23-1
Added Net: Name=NetJ23_1
Added Pin To Net: NetName=NetJ23_2 Pin=J23-2
Added Net: Name=NetJ23_2
Added Pin To Net: NetName=NetJ23_3 Pin=J23-3
Added Net: Name=NetJ23_3
Added Pin To Net: NetName=NetJ23_4 Pin=J23-4
Added Net: Name=NetJ23_4
Added Pin To Net: NetName=NetJ23_5 Pin=J23-5
Added Net: Name=NetJ23_5
Added Pin To Net: NetName=NetJ23_6 Pin=J23-6
Added Net: Name=NetJ23_6
Added Pin To Net: NetName=NetJ24_1 Pin=J24-1
Added Net: Name=NetJ24_1
Added Pin To Net: NetName=NetJ24_2 Pin=J24-2
Added Net: Name=NetJ24_2
Added Pin To Net: NetName=NetJ24_3 Pin=J24-3
Added Net: Name=NetJ24_3
Added Pin To Net: NetName=NetJ24_4 Pin=J24-4
Added Net: Name=NetJ24_4
Added Pin To Net: NetName=NetJ24_5 Pin=J24-5
Added Net: Name=NetJ24_5
Added Pin To Net: NetName=NetJ24_6 Pin=J24-6
Added Net: Name=NetJ24_6
Added Class: Name=J19_Nets
Added Class: Name=J20_Nets
Added Class: Name=J21_Nets
Added Class: Name=J22_Nets
Added Class: Name=J23_Nets
Added Class: Name=J24_Nets
Added Member To Class: ClassName=MCU Member=Component J19 ERP_148-2
Added Member To Class: ClassName=MCU Member=Component J20 ERP_148-2
Added Member To Class: ClassName=MCU Member=Component J21 ERP_148-2
Added Member To Class: ClassName=MCU Member=Component J22 ERP_148-2
Added Member To Class: ClassName=MCU Member=Component J23 ERP_148-2
Added Member To Class: ClassName=MCU Member=Component J24 ERP_148-2
