Change Physical Footprint: Designator=C1 Old Footprint=CAPC2012X13L New Footprint=CAPC2012X13L
Change Physical Footprint: Designator=C2 Old Footprint=CAP_D10_H16_P5 - Flat New Footprint=CAP_D10_H16_P5 - Flat
Change Physical Footprint: Designator=C3 Old Footprint=CAPC2012X13L New Footprint=CAPC2012X13L
Change Physical Footprint: Designator=C4 Old Footprint=CAPC2012X13L New Footprint=CAPC2012X13L
Change Physical Footprint: Designator=C5 Old Footprint=CAP_D10_H16_P5 - Flat New Footprint=CAP_D10_H16_P5 - Flat
Change Physical Footprint: Designator=C6 Old Footprint=CAPC2012X13L New Footprint=CAPC2012X13L
Change Physical Footprint: Designator=C7 Old Footprint=CAPC2012X13L New Footprint=CAPC2012X13L
Change Physical Footprint: Designator=C8 Old Footprint=CAPC2012X13L New Footprint=CAPC2012X13L
Change Physical Footprint: Designator=C9 Old Footprint=CAPC0603X03L New Footprint=CAPC0603X03L
Change Physical Footprint: Designator=C10 Old Footprint=CAPC0603X03L New Footprint=CAPC0603X03L
Change Physical Footprint: Designator=C11 Old Footprint=CAPC0603X03L New Footprint=CAPC0603X03L
Change Physical Footprint: Designator=C12 Old Footprint=CAPC0603X03L New Footprint=CAPC0603X03L
Change Physical Footprint: Designator=C13 Old Footprint=CAPC0603X03L New Footprint=CAPC0603X03L
Change Physical Footprint: Designator=C14 Old Footprint=CAPC2012X13L New Footprint=CAPC2012X13L
Change Physical Footprint: Designator=C15 Old Footprint=CAPC2012X13L New Footprint=CAPC2012X13L
Change Physical Footprint: Designator=C16 Old Footprint=CAPC2012X13L New Footprint=CAPC2012X13L
Change Physical Footprint: Designator=C17 Old Footprint=CAPC2012X13L New Footprint=CAPC2012X13L
Change Physical Footprint: Designator=C18 Old Footprint=CAPC2012X13L New Footprint=CAPC2012X13L
Change Physical Footprint: Designator=C19 Old Footprint=CAPC2012X13L New Footprint=CAPC2012X13L
Change Physical Footprint: Designator=C20 Old Footprint=CAPC2012X13L New Footprint=CAPC2012X13L
Change Physical Footprint: Designator=C21 Old Footprint=CAPC2012X13L New Footprint=CAPC2012X13L
Change Physical Footprint: Designator=C22 Old Footprint=CAPC2012X13L New Footprint=CAPC2012X13L
Change Physical Footprint: Designator=C23 Old Footprint=CAPC2012X13L New Footprint=CAPC2012X13L
Change Physical Footprint: Designator=C24 Old Footprint=CAPC2012X13L New Footprint=CAPC2012X13L
Change Physical Footprint: Designator=C25 Old Footprint=CAPC2012X13L New Footprint=CAPC2012X13L
Change Physical Footprint: Designator=C26 Old Footprint=CAPC2012X13L New Footprint=CAPC2012X13L
Change Physical Footprint: Designator=C27 Old Footprint=CAPC2012X13L New Footprint=CAPC2012X13L
Change Physical Footprint: Designator=C28 Old Footprint=CAPC2012X13L New Footprint=CAPC2012X13L
Change Physical Footprint: Designator=C29 Old Footprint=CAPC2012X13L New Footprint=CAPC2012X13L
Change Physical Footprint: Designator=C30 Old Footprint=CAPC2012X13L New Footprint=CAPC2012X13L
Change Physical Footprint: Designator=C31 Old Footprint=CAPC2012X13L New Footprint=CAPC2012X13L
Change Physical Footprint: Designator=C32 Old Footprint=CAPC2012X13L New Footprint=CAPC2012X13L
Change Physical Footprint: Designator=C33 Old Footprint=CAPC2012X13L New Footprint=CAPC2012X13L
Change Physical Footprint: Designator=C34 Old Footprint=CAPC2012X13L New Footprint=CAPC2012X13L
Change Physical Footprint: Designator=C35 Old Footprint=CAPC2012X13L New Footprint=CAPC2012X13L
Change Physical Footprint: Designator=C36 Old Footprint=CAPC2012X13L New Footprint=CAPC2012X13L
Change Physical Footprint: Designator=C37 Old Footprint=CAPC2012X13L New Footprint=CAPC2012X13L
Change Physical Footprint: Designator=C38 Old Footprint=CAPC2012X13L New Footprint=CAPC2012X13L
Change Physical Footprint: Designator=C39 Old Footprint=CAPC2012X13L New Footprint=CAPC2012X13L
Change Physical Footprint: Designator=C40 Old Footprint=CAPC2012X13L New Footprint=CAPC2012X13L
Change Physical Footprint: Designator=C41 Old Footprint=CAPC2012X13L New Footprint=CAPC2012X13L
Change Physical Footprint: Designator=C42 Old Footprint=CAPC2012X13L New Footprint=CAPC2012X13L
Change Physical Footprint: Designator=C43 Old Footprint=CAPC2012X13L New Footprint=CAPC2012X13L
Change Physical Footprint: Designator=C44 Old Footprint=CAPC2012X13L New Footprint=CAPC2012X13L
Change Physical Footprint: Designator=C45 Old Footprint=CAPC2012X13L New Footprint=CAPC2012X13L
Change Physical Footprint: Designator=C46 Old Footprint=CAPC2012X13L New Footprint=CAPC2012X13L
Change Physical Footprint: Designator=C47 Old Footprint=CAPC2012X13L New Footprint=CAPC2012X13L
Change Physical Footprint: Designator=C48 Old Footprint=CAPC2012X13L New Footprint=CAPC2012X13L
Change Physical Footprint: Designator=C49 Old Footprint=CAPC2012X13L New Footprint=CAPC2012X13L
Change Physical Footprint: Designator=C50 Old Footprint=CAPC2012X13L New Footprint=CAPC2012X13L
Change Physical Footprint: Designator=C51 Old Footprint=CAPC2012X13L New Footprint=CAPC2012X13L
Change Physical Footprint: Designator=C52 Old Footprint=CAPC2012X13L New Footprint=CAPC2012X13L
Change Physical Footprint: Designator=C53 Old Footprint=CAPC2012X13L New Footprint=CAPC2012X13L
Change Physical Footprint: Designator=C54 Old Footprint=CAPC2012X13L New Footprint=CAPC2012X13L
Change Physical Footprint: Designator=C55 Old Footprint=CAPC2012X13L New Footprint=CAPC2012X13L
Change Physical Footprint: Designator=C56 Old Footprint=CAPC2012X13L New Footprint=CAPC2012X13L
Change Physical Footprint: Designator=C57 Old Footprint=CAPC2012X13L New Footprint=CAPC2012X13L
Change Physical Footprint: Designator=C58 Old Footprint=CAPC2012X13L New Footprint=CAPC2012X13L
Change Physical Footprint: Designator=C59 Old Footprint=CAPC2012X13L New Footprint=CAPC2012X13L
Change Physical Footprint: Designator=D1 Old Footprint=DIOM6959X26L New Footprint=DIOM6959X26L
Change Physical Footprint: Designator=D2 Old Footprint=LED_1206 New Footprint=LED_1206
Change Physical Footprint: Designator=D3 Old Footprint=LED_1206 New Footprint=LED_1206
Change Physical Footprint: Designator=D4 Old Footprint=LED_1206 New Footprint=LED_1206
Change Physical Footprint: Designator=J1 Old Footprint=6PX1R_M_STK20 New Footprint=6PX1R_M_STK20
Change Physical Footprint: Designator=J2 Old Footprint=6PX1R_M_STK20 New Footprint=6PX1R_M_STK20
Change Physical Footprint: Designator=J3 Old Footprint=6PX1R_M_STK20 New Footprint=6PX1R_M_STK20
Change Physical Footprint: Designator=J4 Old Footprint=6PX1R_M_STK20 New Footprint=6PX1R_M_STK20
Change Physical Footprint: Designator=J5 Old Footprint=6PX1R_M_STK20 New Footprint=6PX1R_M_STK20
Change Physical Footprint: Designator=J6 Old Footprint=6PX1R_M_STK20 New Footprint=6PX1R_M_STK20
Change Physical Footprint: Designator=J7 Old Footprint=6PX1R_M_STK20 New Footprint=6PX1R_M_STK20
Change Physical Footprint: Designator=J8 Old Footprint=6PX1R_M_STK20 New Footprint=6PX1R_M_STK20
Change Physical Footprint: Designator=J9 Old Footprint=6PX1R_M_STK20 New Footprint=6PX1R_M_STK20
Change Physical Footprint: Designator=J12 Old Footprint=2PX1R New Footprint=2PX1R
Change Physical Footprint: Designator=J13 Old Footprint=2PX1R New Footprint=2PX1R
Change Physical Footprint: Designator=J14 Old Footprint=uFL_50R New Footprint=uFL_50R
Change Physical Footprint: Designator=J15 Old Footprint=uFL_50R New Footprint=uFL_50R
Change Physical Footprint: Designator=J17 Old Footprint=2PX1R New Footprint=2PX1R
Change Physical Footprint: Designator=J18 Old Footprint=GSB1CA11101DSHR New Footprint=GSB1CA11101DSHR
Change Physical Footprint: Designator=J19 Old Footprint=MUP-7801-1 New Footprint=MUP-7801-1
Change Physical Footprint: Designator=J20 Old Footprint=GTFP084 New Footprint=GTFP084
Change Physical Footprint: Designator=J21 Old Footprint=20PX2R_Male_THT_Shrouded New Footprint=20PX2R_Male_THT_Shrouded
Change Physical Footprint: Designator=J23 Old Footprint=2PX1R New Footprint=2PX1R
Change Physical Footprint: Designator=J24 Old Footprint=6PX1R_F New Footprint=6PX1R_F
Change Physical Footprint: Designator=J25 Old Footprint=6PX1R_F New Footprint=6PX1R_F
Change Physical Footprint: Designator=J26 Old Footprint=6PX1R_F New Footprint=6PX1R_F
Change Physical Footprint: Designator=J27 Old Footprint=6PX1R_F New Footprint=6PX1R_F
Change Physical Footprint: Designator=J28 Old Footprint=6PX1R_F New Footprint=6PX1R_F
Change Physical Footprint: Designator=J29 Old Footprint=6PX1R_F New Footprint=6PX1R_F
Change Physical Footprint: Designator=J31 Old Footprint=6PX1R_F New Footprint=6PX1R_F
Change Physical Footprint: Designator=J32 Old Footprint=6PX1R_F New Footprint=6PX1R_F
Change Physical Footprint: Designator=J33 Old Footprint=GSB1CA11101DSHR New Footprint=GSB1CA11101DSHR
Change Physical Footprint: Designator=L1 Old Footprint=IND_1212 New Footprint=IND_1212
Change Physical Footprint: Designator=L2 Old Footprint=IND_0603 New Footprint=IND_0603
Change Physical Footprint: Designator=M1 Old Footprint=EC200U New Footprint=EC200U
Change Physical Footprint: Designator=Q1 Old Footprint=MMBT2222 New Footprint=MMBT2222
Change Physical Footprint: Designator=Q2 Old Footprint=MMBT2222 New Footprint=MMBT2222
Change Physical Footprint: Designator=R1 Old Footprint=RES_0603 New Footprint=RES_0603
Change Physical Footprint: Designator=R2 Old Footprint=RES_0603 New Footprint=RES_0603
Change Physical Footprint: Designator=R3 Old Footprint=RES_0603 New Footprint=RES_0603
Change Physical Footprint: Designator=R4 Old Footprint=RESC0603X03L New Footprint=RESC0603X03L
Change Physical Footprint: Designator=R5 Old Footprint=RESC0603X03L New Footprint=RESC0603X03L
Change Physical Footprint: Designator=R6 Old Footprint=RES_0603 New Footprint=RES_0603
Change Physical Footprint: Designator=R7 Old Footprint=RES_0603 New Footprint=RES_0603
Change Physical Footprint: Designator=R8 Old Footprint=RES_0603 New Footprint=RES_0603
Change Physical Footprint: Designator=R9 Old Footprint=RES_0603 New Footprint=RES_0603
Change Physical Footprint: Designator=R10 Old Footprint=RES_0603 New Footprint=RES_0603
Change Physical Footprint: Designator=R11 Old Footprint=RES_0603 New Footprint=RES_0603
Change Physical Footprint: Designator=R12 Old Footprint=RES_0603 New Footprint=RES_0603
Change Physical Footprint: Designator=R13 Old Footprint=RES_0603 New Footprint=RES_0603
Change Physical Footprint: Designator=R14 Old Footprint=RES_0603 New Footprint=RES_0603
Change Physical Footprint: Designator=R15 Old Footprint=RES_0603 New Footprint=RES_0603
Change Physical Footprint: Designator=R16 Old Footprint=RES_0603 New Footprint=RES_0603
Change Physical Footprint: Designator=R17 Old Footprint=RES_0603 New Footprint=RES_0603
Change Physical Footprint: Designator=R18 Old Footprint=RES_0603 New Footprint=RES_0603
Change Physical Footprint: Designator=R19 Old Footprint=RES_0603 New Footprint=RES_0603
Change Physical Footprint: Designator=R20 Old Footprint=RES_0603 New Footprint=RES_0603
Change Physical Footprint: Designator=R21 Old Footprint=RES_0603 New Footprint=RES_0603
Change Physical Footprint: Designator=R22 Old Footprint=RES_0603 New Footprint=RES_0603
Change Physical Footprint: Designator=R23 Old Footprint=RES_0603 New Footprint=RES_0603
Change Physical Footprint: Designator=R24 Old Footprint=RES_0603 New Footprint=RES_0603
Change Physical Footprint: Designator=R25 Old Footprint=RES_0603 New Footprint=RES_0603
Change Physical Footprint: Designator=R26 Old Footprint=RES_0603 New Footprint=RES_0603
Change Physical Footprint: Designator=R27 Old Footprint=RES_0603 New Footprint=RES_0603
Change Physical Footprint: Designator=R28 Old Footprint=RES_0603 New Footprint=RES_0603
Change Physical Footprint: Designator=R29 Old Footprint=RES_0603 New Footprint=RES_0603
Change Physical Footprint: Designator=R30 Old Footprint=RES_0603 New Footprint=RES_0603
Change Physical Footprint: Designator=R31 Old Footprint=RES_0603 New Footprint=RES_0603
Change Physical Footprint: Designator=R32 Old Footprint=RES_0603 New Footprint=RES_0603
Change Physical Footprint: Designator=R33 Old Footprint=RES_0603 New Footprint=RES_0603
Change Physical Footprint: Designator=R34 Old Footprint=RES_0603 New Footprint=RES_0603
Change Physical Footprint: Designator=R35 Old Footprint=RES_0603 New Footprint=RES_0603
Change Physical Footprint: Designator=R36 Old Footprint=RES_0603 New Footprint=RES_0603
Change Physical Footprint: Designator=R37 Old Footprint=RES_0603 New Footprint=RES_0603
Change Physical Footprint: Designator=R38 Old Footprint=RES_0603 New Footprint=RES_0603
Change Physical Footprint: Designator=R39 Old Footprint=RES_0603 New Footprint=RES_0603
Change Physical Footprint: Designator=R40 Old Footprint=RES_0603 New Footprint=RES_0603
Change Physical Footprint: Designator=R41 Old Footprint=RES_0603 New Footprint=RES_0603
Change Physical Footprint: Designator=R42 Old Footprint=RES_0603 New Footprint=RES_0603
Change Physical Footprint: Designator=R43 Old Footprint=RES_0603 New Footprint=RES_0603
Change Physical Footprint: Designator=R44 Old Footprint=RES_0603 New Footprint=RES_0603
Change Physical Footprint: Designator=R45 Old Footprint=RES_0603 New Footprint=RES_0603
Change Physical Footprint: Designator=R46 Old Footprint=RES_0603 New Footprint=RES_0603
Change Physical Footprint: Designator=R47 Old Footprint=RES_0603 New Footprint=RES_0603
Change Physical Footprint: Designator=R48 Old Footprint=RES_0603 New Footprint=RES_0603
Change Physical Footprint: Designator=SW1 Old Footprint=Generic6X6 New Footprint=Generic6X6
Change Physical Footprint: Designator=SW2 Old Footprint=Generic6X6 New Footprint=Generic6X6
Change Physical Footprint: Designator=SW3 Old Footprint=Generic6X6 New Footprint=Generic6X6
Change Physical Footprint: Designator=SW4 Old Footprint=Generic6X6 New Footprint=Generic6X6
Change Physical Footprint: Designator=SW5 Old Footprint=Generic6X6 New Footprint=Generic6X6
Change Physical Footprint: Designator=TP1 Old Footprint=TP_1MM New Footprint=TP_1MM
Change Physical Footprint: Designator=TP2 Old Footprint=TP_1MM New Footprint=TP_1MM
Change Physical Footprint: Designator=TP3 Old Footprint=TP_1MM New Footprint=TP_1MM
Change Physical Footprint: Designator=TP4 Old Footprint=TP_1MM New Footprint=TP_1MM
Change Physical Footprint: Designator=TP5 Old Footprint=TP_1MM New Footprint=TP_1MM
Change Physical Footprint: Designator=TP6 Old Footprint=TP_1MM New Footprint=TP_1MM
Change Physical Footprint: Designator=TP7 Old Footprint=TP_1MM New Footprint=TP_1MM
Change Physical Footprint: Designator=TP8 Old Footprint=TP_1MM New Footprint=TP_1MM
Change Physical Footprint: Designator=TP9 Old Footprint=TP_1MM New Footprint=TP_1MM
Change Physical Footprint: Designator=U1 Old Footprint=XL4015 New Footprint=XL4015
Change Physical Footprint: Designator=U2 Old Footprint=AMS1117_SOT223 New Footprint=AMS1117_SOT223
Change Physical Footprint: Designator=U3 Old Footprint=SOIC127P800X216-8L New Footprint=SOIC127P800X216-8L
Change Physical Footprint: Designator=U4 Old Footprint=TXS0108EPW New Footprint=TXS0108EPW
Change Physical Footprint: Designator=U5 Old Footprint=AMS1117_SOT223 New Footprint=AMS1117_SOT223
Change Physical Footprint: Designator=U6 Old Footprint=TXS0108EPW New Footprint=TXS0108EPW
Change Physical Footprint: Designator=U7 Old Footprint=AMS1117_SOT223 New Footprint=AMS1117_SOT223
Change Physical Footprint: Designator=U8 Old Footprint=DPAK170P1491X483-6N New Footprint=DPAK170P1491X483-6N
Change Physical Footprint: Designator=U9 Old Footprint=TSQFP50P1200X1200X160-64L New Footprint=TSQFP50P1200X1200X160-64L
Change Physical Footprint: Designator=U10 Old Footprint=AMS1117_SOT223 New Footprint=AMS1117_SOT223
Change Physical Footprint: Designator=X1 Old Footprint=YSX321SL New Footprint=YSX321SL
