Removed Member From Class: ClassName=M1_Nets Member=NetM1_119
Removed Member From Class: ClassName=M1_Nets Member=NetM1_121
Removed Member From Class: ClassName=M1_Nets Member=NetM1_122
Removed Member From Class: ClassName=M1_Nets Member=NetM1_123
Removed Member From Class: ClassName=M1_Nets Member=NetM1_124
Removed Member From Class: ClassName=M1_Nets Member=NetM1_125
Added Component: Designator=R24(RES_0603)
Add component (AddParameter): Name = "Manufacturer 1"; Value = ""; VariantName = "[No Variations]"
Add component (AddParameter): Name = "Manufacturer Part Number 1"; Value = ""; VariantName = "[No Variations]"
Add component (AddParameter): Name = "Package"; Value = "0603"; VariantName = "[No Variations]"
Add component (AddParameter): Name = "Value"; Value = "10k"; VariantName = "[No Variations]"
Added Component: Designator=U3(SOIC127P800X216-8L)
Add component (AddParameter): Name = "Manufacturer 1"; Value = "Renesas Electronics Corporation"; VariantName = "[No Variations]"
Add component (AddParameter): Name = "Manufacturer Part Number 1"; Value = "AT25SF128A-SHB-T"; VariantName = "[No Variations]"
Add component (AddParameter): Name = "Package"; Value = "8-SOIC"; VariantName = "[No Variations]"
Add component (AddParameter): Name = "Value"; Value = ""; VariantName = "[No Variations]"
Added Pin To Net: NetName=MODEM_VDDEXT Pin=R24-2
Added Pin To Net: NetName=MODEM_USIM_GND Pin=U3-4
Added Pin To Net: NetName=MODEM_VDDEXT Pin=U3-8
Added Pin To Net: NetName=MODEM_FLASH_CS Pin=M1-124
Added Pin To Net: NetName=MODEM_FLASH_CS Pin=R24-1
Added Pin To Net: NetName=MODEM_FLASH_CS Pin=U3-1
Added Net: Name=MODEM_FLASH_CS
Added Pin To Net: NetName=MODEM_FLASH_SCK Pin=M1-125
Added Pin To Net: NetName=MODEM_FLASH_SCK Pin=U3-6
Added Net: Name=MODEM_FLASH_SCK
Added Pin To Net: NetName=MODEM_FLASH_SIO0 Pin=M1-123
Added Pin To Net: NetName=MODEM_FLASH_SIO0 Pin=U3-5
Added Net: Name=MODEM_FLASH_SIO0
Added Pin To Net: NetName=MODEM_FLASH_SIO1 Pin=M1-122
Added Pin To Net: NetName=MODEM_FLASH_SIO1 Pin=U3-2
Added Net: Name=MODEM_FLASH_SIO1
Added Pin To Net: NetName=MODEM_FLASH_SIO2 Pin=M1-121
Added Pin To Net: NetName=MODEM_FLASH_SIO2 Pin=U3-3
Added Net: Name=MODEM_FLASH_SIO2
Added Pin To Net: NetName=MODEM_FLASH_SIO3 Pin=M1-119
Added Pin To Net: NetName=MODEM_FLASH_SIO3 Pin=U3-7
Added Net: Name=MODEM_FLASH_SIO3
Added Class: Name=R24_Nets
Added Class: Name=U3_Nets
Added Member To Class: ClassName=MODEM Member=Component R24 ERP_101-1
Added Member To Class: ClassName=MODEM Member=Component U3 AT25SF128A
Added Member To Class: ClassName=M1_Nets Member=Wire MODEM_FLASH_CS
Added Member To Class: ClassName=M1_Nets Member=Wire MODEM_FLASH_SCK
Added Member To Class: ClassName=M1_Nets Member=Wire MODEM_FLASH_SIO0
Added Member To Class: ClassName=M1_Nets Member=Wire MODEM_FLASH_SIO1
Added Member To Class: ClassName=M1_Nets Member=Wire MODEM_FLASH_SIO2
Added Member To Class: ClassName=M1_Nets Member=Wire MODEM_FLASH_SIO3
Added Member To Class: ClassName=C1_Nets Member=Wire MODEM_USIM_GND
Added Member To Class: ClassName=C2_Nets Member=Wire MODEM_USIM_GND
Added Member To Class: ClassName=C3_Nets Member=Wire MODEM_USIM_GND
Added Member To Class: ClassName=C4_Nets Member=Wire MODEM_USIM_GND
Added Member To Class: ClassName=C5_Nets Member=Wire MODEM_USIM_GND
Added Member To Class: ClassName=C6_Nets Member=Wire MODEM_USIM_GND
Added Member To Class: ClassName=C7_Nets Member=Wire MODEM_USIM_GND
Added Member To Class: ClassName=C8_Nets Member=Wire MODEM_USIM_GND
Added Member To Class: ClassName=C9_Nets Member=Wire MODEM_USIM_GND
Added Member To Class: ClassName=C10_Nets Member=Wire MODEM_USIM_GND
Added Member To Class: ClassName=C11_Nets Member=Wire MODEM_USIM_GND
Added Member To Class: ClassName=C12_Nets Member=Wire MODEM_USIM_GND
Added Member To Class: ClassName=C13_Nets Member=Wire MODEM_USIM_GND
Added Member To Class: ClassName=C14_Nets Member=Wire MODEM_USIM_GND
Added Member To Class: ClassName=C15_Nets Member=Wire MODEM_USIM_GND
Added Member To Class: ClassName=C16_Nets Member=Wire MODEM_USIM_GND
Added Member To Class: ClassName=C17_Nets Member=Wire MODEM_USIM_GND
Added Member To Class: ClassName=C18_Nets Member=Wire MODEM_USIM_GND
Added Member To Class: ClassName=C19_Nets Member=Wire MODEM_USIM_GND
Added Member To Class: ClassName=C20_Nets Member=Wire MODEM_USIM_GND
Added Member To Class: ClassName=J1_Nets Member=Wire MODEM_USIM_GND
Added Member To Class: ClassName=J2_Nets Member=Wire MODEM_USIM_GND
Added Member To Class: ClassName=J3_Nets Member=Wire MODEM_USIM_GND
Added Member To Class: ClassName=J4_Nets Member=Wire MODEM_USIM_GND
Added Member To Class: ClassName=J8_Nets Member=Wire MODEM_USIM_GND
Added Member To Class: ClassName=J10_Nets Member=Wire MODEM_USIM_GND
Added Member To Class: ClassName=J12_Nets Member=Wire MODEM_USIM_GND
Added Member To Class: ClassName=J13_Nets Member=Wire MODEM_USIM_GND
Added Member To Class: ClassName=M1_Nets Member=Wire MODEM_USIM_GND
Added Member To Class: ClassName=Q1_Nets Member=Wire MODEM_USIM_GND
Added Member To Class: ClassName=Q2_Nets Member=Wire MODEM_USIM_GND
Added Member To Class: ClassName=R2_Nets Member=Wire MODEM_USIM_GND
Added Member To Class: ClassName=R4_Nets Member=Wire MODEM_USIM_GND
Added Member To Class: ClassName=R6_Nets Member=Wire MODEM_USIM_GND
Added Member To Class: ClassName=R7_Nets Member=Wire MODEM_USIM_GND
Added Member To Class: ClassName=U1_Nets Member=Wire MODEM_USIM_GND
Added Member To Class: ClassName=U2_Nets Member=Wire MODEM_USIM_GND
