Removed Pin From Net: NetName=3V3 Pin=C10-1
Removed Pin From Net: NetName=GND Pin=C10-2
Removed Pin From Net: NetName=3V3 Pin=C39-1
Removed Pin From Net: NetName=GND Pin=C39-2
Removed Pin From Net: NetName=GND Pin=C46-1
Removed Pin From Net: NetName=GND Pin=C47-1
Removed Pin From Net: NetName=GND Pin=J17-2
Removed Pin From Net: NetName=GND Pin=J17-3
Removed Pin From Net: NetName=3V3 Pin=U8-2
Removed Pin From Net: NetName=3V3 Pin=U8-3
Removed Pin From Net: NetName=ESP32_EN Pin=U8-4
Removed Pin From Net: NetName=ESP_JTAG_SRC_SEL Pin=U8-8
Removed Pin From Net: NetName=ESP_IO6 Pin=U8-11
Removed Pin From Net: NetName=ESP_IO7 Pin=U8-12
Removed Pin From Net: NetName=ESP_IO8 Pin=U8-13
Removed Pin From Net: NetName=ESP_IO9 Pin=U8-14
Removed Pin From Net: NetName=ESP_IO10 Pin=U8-15
Removed Pin From Net: NetName=ESP_IO11 Pin=U8-16
Removed Pin From Net: NetName=ESP_IO12 Pin=U8-17
Removed Pin From Net: NetName=ESP_IO13 Pin=U8-18
Removed Pin From Net: NetName=ESP_IO14 Pin=U8-19
Removed Pin From Net: NetName=3V3 Pin=U8-20
Removed Pin From Net: NetName=ESP_IO48 Pin=U8-36
Removed Pin From Net: NetName=ESP_IO47 Pin=U8-37
Removed Pin From Net: NetName=ESP_IO33 Pin=U8-38
Removed Pin From Net: NetName=ESP_IO34 Pin=U8-39
Removed Pin From Net: NetName=ESP_IO35 Pin=U8-40
Removed Pin From Net: NetName=ESP_IO36 Pin=U8-41
Removed Pin From Net: NetName=ESP_IO37 Pin=U8-42
Removed Pin From Net: NetName=ESP_IO38 Pin=U8-43
Removed Pin From Net: NetName=ESP_TCK Pin=U8-44
Removed Pin From Net: NetName=ESP_TDO Pin=U8-45
Removed Pin From Net: NetName=3V3 Pin=U8-46
Removed Pin From Net: NetName=ESP_TDI Pin=U8-47
Removed Pin From Net: NetName=ESP_TMS Pin=U8-48
Removed Pin From Net: NetName=ESP_TX0 Pin=U8-49
Removed Pin From Net: NetName=ESP_RX0 Pin=U8-50
Removed Pin From Net: NetName=3V3 Pin=U8-55
Removed Pin From Net: NetName=3V3 Pin=U8-56
Removed Pin From Net: NetName=GND Pin=U8-57
Removed Member From Class: ClassName=MCU Member=C10
Removed Member From Class: ClassName=MCU Member=C39
Removed Member From Class: ClassName=MCU Member=C46
Removed Member From Class: ClassName=MCU Member=C47
Removed Member From Class: ClassName=MCU Member=J17
Removed Member From Class: ClassName=MCU Member=R39
Removed Member From Class: ClassName=MCU Member=U8
Removed Member From Class: ClassName=ANT_50R Member=ESP32_ANT
Removed Member From Class: ClassName=U8_Nets Member=ESP32_ANT
Removed Member From Class: ClassName=C53_Nets Member=ESP32_EN
Removed Member From Class: ClassName=R40_Nets Member=ESP32_EN
Removed Member From Class: ClassName=SW3_Nets Member=ESP32_EN
Removed Member From Class: ClassName=U8_Nets Member=ESP32_EN
Removed Member From Class: ClassName=SW2_Nets Member=ESP32_IO0
Removed Member From Class: ClassName=U8_Nets Member=ESP32_IO0
Removed Member From Class: ClassName=R44_Nets Member=ESP32_USB_N
Removed Member From Class: ClassName=U8_Nets Member=ESP32_USB_N
Removed Member From Class: ClassName=R43_Nets Member=ESP32_USB_P
Removed Member From Class: ClassName=U8_Nets Member=ESP32_USB_P
Removed Member From Class: ClassName=U8_Nets Member=ESP_IO33
Removed Member From Class: ClassName=U8_Nets Member=ESP_IO34
Removed Member From Class: ClassName=U8_Nets Member=ESP_IO35
Removed Member From Class: ClassName=U8_Nets Member=ESP_IO36
Removed Member From Class: ClassName=U8_Nets Member=ESP_IO37
Removed Member From Class: ClassName=U8_Nets Member=ESP_IO38
Removed Member From Class: ClassName=U8_Nets Member=ESP_IO47
Removed Member From Class: ClassName=U8_Nets Member=ESP_IO48
Removed Member From Class: ClassName=ANT_50R Member=NetC47_2
Removed Member From Class: ClassName=U8_Nets Member=NetU8_6
Removed Member From Class: ClassName=U8_Nets Member=NetU8_7
Removed Member From Class: ClassName=U8_Nets Member=NetU8_9
Removed Member From Class: ClassName=U8_Nets Member=NetU8_10
Removed Member From Class: ClassName=U8_Nets Member=NetU8_21
Removed Member From Class: ClassName=U8_Nets Member=NetU8_22
Removed Member From Class: ClassName=U8_Nets Member=NetU8_23
Removed Member From Class: ClassName=U8_Nets Member=NetU8_24
Removed Member From Class: ClassName=U8_Nets Member=NetU8_27
Removed Member From Class: ClassName=U8_Nets Member=NetU8_28
Removed Member From Class: ClassName=U8_Nets Member=NetU8_29
Removed Member From Class: ClassName=U8_Nets Member=NetU8_30
Removed Member From Class: ClassName=U8_Nets Member=NetU8_31
Removed Member From Class: ClassName=U8_Nets Member=NetU8_32
Removed Member From Class: ClassName=U8_Nets Member=NetU8_33
Removed Member From Class: ClassName=U8_Nets Member=NetU8_34
Removed Member From Class: ClassName=U8_Nets Member=NetU8_35
Removed Member From Class: ClassName=U8_Nets Member=NetU8_51
Removed Member From Class: ClassName=U8_Nets Member=NetU8_52
Removed Member From Class: ClassName=U8_Nets Member=NetU8_53
Removed Member From Class: ClassName=U8_Nets Member=NetU8_54
Change component parameters: Designator = "C53" ("C53"); Footprint = "CAPC2012X13L"; UniqueID = "\LTHSVZHA" ("\LTHSVZHA")
Change component parameters (AddParameter): Name = "Manufacturer 1"; Value = ""; VariantName = "[No Variations]"
Change component parameters (AddParameter): Name = "Manufacturer Part Number 1"; Value = ""; VariantName = "[No Variations]"
Change component parameters (AddParameter): Name = "Package"; Value = "0805"; VariantName = "[No Variations]"
Change component parameters (AddParameter): Name = "Value"; Value = "100nF"; VariantName = "[No Variations]"
Change component parameters: Designator = "R41" ("R41"); Footprint = "RES_0603"; UniqueID = "\FHFZSZOY" ("\FHFZSZOY")
Change component parameters (AddParameter): Name = "Manufacturer 1"; Value = ""; VariantName = "[No Variations]"
Change component parameters (AddParameter): Name = "Manufacturer Part Number 1"; Value = ""; VariantName = "[No Variations]"
Change component parameters (AddParameter): Name = "Package"; Value = "0603"; VariantName = "[No Variations]"
Change component parameters (AddParameter): Name = "Value"; Value = "1k"; VariantName = "[No Variations]"
Change component parameters: Designator = "R51" ("R51"); Footprint = "RES_0603"; UniqueID = "\BYRNEBYK" ("\BYRNEBYK")
Change component parameters (AddParameter): Name = "Manufacturer 1"; Value = ""; VariantName = "[No Variations]"
Change component parameters (AddParameter): Name = "Manufacturer Part Number 1"; Value = ""; VariantName = "[No Variations]"
Change component parameters (AddParameter): Name = "Package"; Value = "0603"; VariantName = "[No Variations]"
Change component parameters (AddParameter): Name = "Value"; Value = "10k"; VariantName = "[No Variations]"
Added Pin To Net: NetName=GND Pin=M2-1
Added Pin To Net: NetName=3V3 Pin=M2-2
Added Pin To Net: NetName=ESP32_EN Pin=M2-3
Added Pin To Net: NetName=ESP_IO6 Pin=M2-6
Added Pin To Net: NetName=ESP_IO7 Pin=M2-7
Added Pin To Net: NetName=ESP_IO8 Pin=M2-12
Added Pin To Net: NetName=ESP_JTAG_SRC_SEL Pin=M2-15
Added Pin To Net: NetName=ESP_IO9 Pin=M2-17
Added Pin To Net: NetName=ESP_IO10 Pin=M2-18
Added Pin To Net: NetName=ESP_IO11 Pin=M2-19
Added Pin To Net: NetName=ESP_IO12 Pin=M2-20
Added Pin To Net: NetName=ESP_IO13 Pin=M2-21
Added Pin To Net: NetName=ESP_IO14 Pin=M2-22
Added Pin To Net: NetName=ESP_TCK Pin=M2-32
Added Pin To Net: NetName=ESP_TDO Pin=M2-33
Added Pin To Net: NetName=ESP_TDI Pin=M2-34
Added Pin To Net: NetName=ESP_TMS Pin=M2-35
Added Pin To Net: NetName=ESP_RX0 Pin=M2-36
Added Pin To Net: NetName=ESP_TX0 Pin=M2-37
Added Pin To Net: NetName=GND Pin=M2-40
Added Pin To Net: NetName=GND Pin=M2-41
Added Pin To Net: NetName=GND Pin=M2-42
Added Pin To Net: NetName=GND Pin=M2-43
Added Pin To Net: NetName=GND Pin=M2-44
Added Pin To Net: NetName=GND Pin=M2-45
Added Pin To Net: NetName=GND Pin=M2-46
Added Pin To Net: NetName=GND Pin=M2-47
Added Pin To Net: NetName=GND Pin=M2-48
Added Pin To Net: NetName=GND Pin=M2-49
Change Net Name : Old Net Name=ESP32_EN New Net Name=ESP_EN
Change Net Name : Old Net Name=NetM2_4 New Net Name=ESP_IO4
Change Net Name : Old Net Name=NetM2_5 New Net Name=ESP_IO5
Change Net Name : Old Net Name=NetM2_8 New Net Name=ESP_IO15
Change Net Name : Old Net Name=NetM2_9 New Net Name=ESP_IO16
Change Net Name : Old Net Name=NetM2_10 New Net Name=ESP_IO17
Change Net Name : Old Net Name=NetM2_11 New Net Name=ESP_IO18
Change Net Name : Old Net Name=NetM2_38 New Net Name=ESP_IO2
Change Net Name : Old Net Name=NetM2_39 New Net Name=ESP_IO1
Added Pin To Net: NetName=ESP_IO0 Pin=M2-27
Added Pin To Net: NetName=ESP_IO0 Pin=SW2-3
Added Net: Name=ESP_IO0
Added Pin To Net: NetName=ESP_USB_N Pin=M2-13
Added Pin To Net: NetName=ESP_USB_N Pin=R44-2
Added Net: Name=ESP_USB_N
Added Pin To Net: NetName=ESP_USB_P Pin=M2-14
Added Pin To Net: NetName=ESP_USB_P Pin=R43-2
Added Net: Name=ESP_USB_P
Change Class Name : Old Net Name=U8_Nets New Net Name=M2_Nets
Added Member To Class: ClassName=MCU Member=Component M2 ESP32-S3-WROOM-1(U)
Added Member To Class: ClassName=C53_Nets Member=Wire ESP_EN
Added Member To Class: ClassName=R40_Nets Member=Wire ESP_EN
Added Member To Class: ClassName=SW3_Nets Member=Wire ESP_EN
Added Member To Class: ClassName=M2_Nets Member=Wire ESP_EN
Added Member To Class: ClassName=SW2_Nets Member=Wire ESP_IO0
Added Member To Class: ClassName=M2_Nets Member=Wire ESP_IO0
Added Member To Class: ClassName=M2_Nets Member=Wire ESP_IO1
Added Member To Class: ClassName=M2_Nets Member=Wire ESP_IO2
Added Member To Class: ClassName=M2_Nets Member=Wire ESP_IO4
Added Member To Class: ClassName=M2_Nets Member=Wire ESP_IO5
Added Member To Class: ClassName=M2_Nets Member=Wire ESP_IO15
Added Member To Class: ClassName=M2_Nets Member=Wire ESP_IO16
Added Member To Class: ClassName=M2_Nets Member=Wire ESP_IO17
Added Member To Class: ClassName=M2_Nets Member=Wire ESP_IO18
Added Member To Class: ClassName=R44_Nets Member=Wire ESP_USB_N
Added Member To Class: ClassName=M2_Nets Member=Wire ESP_USB_N
Added Member To Class: ClassName=R43_Nets Member=Wire ESP_USB_P
Added Member To Class: ClassName=M2_Nets Member=Wire ESP_USB_P
Added Member To Class: ClassName=M2_Nets Member=Wire NetM2_16
Added Member To Class: ClassName=M2_Nets Member=Wire NetM2_23
Added Member To Class: ClassName=M2_Nets Member=Wire NetM2_24
Added Member To Class: ClassName=M2_Nets Member=Wire NetM2_25
Added Member To Class: ClassName=M2_Nets Member=Wire NetM2_26
Added Member To Class: ClassName=M2_Nets Member=Wire NetM2_28
Added Member To Class: ClassName=M2_Nets Member=Wire NetM2_29
Added Member To Class: ClassName=M2_Nets Member=Wire NetM2_30
Added Member To Class: ClassName=M2_Nets Member=Wire NetM2_31
Added Rule: Name=Schematic Differential Pairs Routing_3
Added Rule: Name=Schematic Differential Pairs Routing_5
Added Rule: Name=Schematic Width Constraint_2
Remove Class Member: Failed to remove class member
