Change Component Footprint: Designator=R46 Old Footprint=RESC3246X06L New Footprint=RESC3115X06N
Change Component Footprint: Designator=R49 Old Footprint=RESC3246X06L New Footprint=RESC3115X06N
Change Component Comment : Designator=R46 Old Comment=RES_1218_WIDE New Comment=ERP_101-1
Change Component Comment : Designator=R49 Old Comment=RES_1218_WIDE New Comment=ERP_101-1
Change component parameters: Designator = "J19" ("J19"); Footprint = "6PX1R_F"; UniqueID = "\TTJEAGFQ" ("\TTJEAGFQ")
Change component parameters (AddParameter): Name = "ComponentLink1Description"; Value = "New link"; VariantName = "[No Variations]"
Change component parameters (AddParameter): Name = "ComponentLink1URL"; Value = ""; VariantName = "[No Variations]"
Change component parameters (AddParameter): Name = "Manufacturer 1"; Value = ""; VariantName = "[No Variations]"
Change component parameters (AddParameter): Name = "Manufacturer Part Number 1"; Value = ""; VariantName = "[No Variations]"
Change component parameters (AddParameter): Name = "Value"; Value = ""; VariantName = "[No Variations]"
Change component parameters: Designator = "R46" ("R46"); Footprint = "RESC3246X06L"; UniqueID = "\XQOZNPLM" ("\XQOZNPLM")
Change component parameters (AddParameter): Name = "Manufacturer 1"; Value = ""; VariantName = "[No Variations]"
Change component parameters (AddParameter): Name = "Manufacturer Part Number 1"; Value = ""; VariantName = "[No Variations]"
Change component parameters (AddParameter): Name = "Package"; Value = "1206"; VariantName = "[No Variations]"
Change component parameters (AddParameter): Name = "Value"; Value = "0R"; VariantName = "[No Variations]"
Change component parameters: Designator = "R49" ("R49"); Footprint = "RESC3246X06L"; UniqueID = "\GSXAPWBU" ("\GSXAPWBU")
Change component parameters (AddParameter): Name = "Manufacturer 1"; Value = ""; VariantName = "[No Variations]"
Change component parameters (AddParameter): Name = "Manufacturer Part Number 1"; Value = ""; VariantName = "[No Variations]"
Change component parameters (AddParameter): Name = "Package"; Value = "1206"; VariantName = "[No Variations]"
Change component parameters (AddParameter): Name = "Value"; Value = "0R"; VariantName = "[No Variations]"
Added Component: Designator=R35(RESC3115X06N)
Add component (AddParameter): Name = "Manufacturer 1"; Value = ""; VariantName = "[No Variations]"
Add component (AddParameter): Name = "Manufacturer Part Number 1"; Value = ""; VariantName = "[No Variations]"
Add component (AddParameter): Name = "Package"; Value = "1206"; VariantName = "[No Variations]"
Add component (AddParameter): Name = "Value"; Value = "0R"; VariantName = "[No Variations]"
Added Component: Designator=R38(RESC3115X06N)
Add component (AddParameter): Name = "Manufacturer 1"; Value = ""; VariantName = "[No Variations]"
Add component (AddParameter): Name = "Manufacturer Part Number 1"; Value = ""; VariantName = "[No Variations]"
Add component (AddParameter): Name = "Package"; Value = "1206"; VariantName = "[No Variations]"
Add component (AddParameter): Name = "Value"; Value = "0R"; VariantName = "[No Variations]"
Added Pin To Net: NetName=NetC48_1 Pin=R35-1
Added Pin To Net: NetName=12V0 Pin=R35-2
Added Pin To Net: NetName=5V0 Pin=R38-1
Added Pin To Net: NetName=NetC56_1 Pin=R38-2
Added Class: Name=R35_Nets
Added Class: Name=R38_Nets
Added Member To Class: ClassName=POWER Member=Component R35 ERP_101-1
Added Member To Class: ClassName=POWER Member=Component R38 ERP_101-1
