Removed Pin From Net: NetName=GND Pin=C44-1
Removed Pin From Net: NetName=GND Pin=C45-1
Removed Pin From Net: NetName=3V3 Pin=C46-1
Removed Pin From Net: NetName=GND Pin=C46-2
Removed Pin From Net: NetName=3V3 Pin=C47-1
Removed Pin From Net: NetName=GND Pin=C47-2
Removed Pin From Net: NetName=3V3 Pin=C48-1
Removed Pin From Net: NetName=GND Pin=C48-2
Removed Pin From Net: NetName=3V3 Pin=C49-1
Removed Pin From Net: NetName=GND Pin=C49-2
Removed Pin From Net: NetName=3V3 Pin=C50-1
Removed Pin From Net: NetName=GND Pin=C50-2
Removed Pin From Net: NetName=3V3 Pin=C51-1
Removed Pin From Net: NetName=GND Pin=C51-2
Removed Pin From Net: NetName=3V3 Pin=C52-1
Removed Pin From Net: NetName=GND Pin=C52-2
Removed Pin From Net: NetName=3V3 Pin=C53-1
Removed Pin From Net: NetName=GND Pin=C53-2
Removed Pin From Net: NetName=3V3 Pin=C54-1
Removed Pin From Net: NetName=GND Pin=C54-2
Removed Pin From Net: NetName=GND Pin=C55-2
Removed Pin From Net: NetName=GND Pin=C56-2
Removed Pin From Net: NetName=GND Pin=D4-1
Removed Pin From Net: NetName=GND Pin=J33-A1
Removed Pin From Net: NetName=GND Pin=J33-A12
Removed Pin From Net: NetName=GND Pin=J33-B1
Removed Pin From Net: NetName=GND Pin=J33-B12
Removed Pin From Net: NetName=GND Pin=J33-SH1
Removed Pin From Net: NetName=GND Pin=J33-SH2
Removed Pin From Net: NetName=GND Pin=J33-SH3
Removed Pin From Net: NetName=GND Pin=J33-SH4
Removed Pin From Net: NetName=STM_NRST Pin=R41-1
Removed Pin From Net: NetName=3V3 Pin=R41-2
Removed Pin From Net: NetName=3V3 Pin=R42-2
Removed Pin From Net: NetName=GND Pin=R43-2
Removed Pin From Net: NetName=GND Pin=R44-1
Removed Pin From Net: NetName=GND Pin=R45-2
Removed Pin From Net: NetName=GND Pin=R48-2
Removed Pin From Net: NetName=3V3 Pin=SW4-1
Removed Pin From Net: NetName=GND Pin=SW5-1
Removed Pin From Net: NetName=STM_NRST Pin=SW5-3
Removed Pin From Net: NetName=3V3 Pin=U9-1
Removed Pin From Net: NetName=STM_NRST Pin=U9-7
Removed Pin From Net: NetName=GND Pin=U9-12
Removed Pin From Net: NetName=STM_SYS_WKP Pin=U9-14
Removed Pin From Net: NetName=STM_IO_A1 Pin=U9-15
Removed Pin From Net: NetName=STM_UART2_TX Pin=U9-16
Removed Pin From Net: NetName=STM_UART2_RX Pin=U9-17
Removed Pin From Net: NetName=GND Pin=U9-18
Removed Pin From Net: NetName=3V3 Pin=U9-19
Removed Pin From Net: NetName=STM_IO_C4 Pin=U9-24
Removed Pin From Net: NetName=STM_IO_C5 Pin=U9-25
Removed Pin From Net: NetName=STM_IO_B0 Pin=U9-26
Removed Pin From Net: NetName=STM_IO_B1 Pin=U9-27
Removed Pin From Net: NetName=STM_IO_B2 Pin=U9-28
Removed Pin From Net: NetName=GND Pin=U9-31
Removed Pin From Net: NetName=3V3 Pin=U9-32
Removed Pin From Net: NetName=STM_SPI2_NSS Pin=U9-33
Removed Pin From Net: NetName=STM_SPI2_SCK Pin=U9-34
Removed Pin From Net: NetName=STM_SPI2_MISO Pin=U9-35
Removed Pin From Net: NetName=STM_SPI2_MOSI Pin=U9-36
Removed Pin From Net: NetName=STM_UART6_TX Pin=U9-37
Removed Pin From Net: NetName=STM_UART6_RX Pin=U9-38
Removed Pin From Net: NetName=STM_IO_C8 Pin=U9-39
Removed Pin From Net: NetName=STM_I2C3_SDA Pin=U9-40
Removed Pin From Net: NetName=STM_I2C3_SCL Pin=U9-41
Removed Pin From Net: NetName=STM_UART1_TX Pin=U9-42
Removed Pin From Net: NetName=STM_UART1_RX Pin=U9-43
Removed Pin From Net: NetName=STM_SWD Pin=U9-46
Removed Pin From Net: NetName=GND Pin=U9-47
Removed Pin From Net: NetName=3V3 Pin=U9-48
Removed Pin From Net: NetName=STM_SWC Pin=U9-49
Removed Pin From Net: NetName=STM_JTDI Pin=U9-50
Removed Pin From Net: NetName=STM_SWO Pin=U9-55
Removed Pin From Net: NetName=STM_JRST Pin=U9-56
Removed Pin From Net: NetName=GND Pin=U9-63
Removed Pin From Net: NetName=3V3 Pin=U9-64
Removed Pin From Net: NetName=GND Pin=X1-2
Removed Pin From Net: NetName=GND Pin=X1-4
Removed Member From Class: ClassName=MCU Member=C44
Removed Member From Class: ClassName=MCU Member=C45
Removed Member From Class: ClassName=MCU Member=C46
Removed Member From Class: ClassName=MCU Member=C47
Removed Member From Class: ClassName=MCU Member=C48
Removed Member From Class: ClassName=MCU Member=C49
Removed Member From Class: ClassName=MCU Member=C50
Removed Member From Class: ClassName=MCU Member=C51
Removed Member From Class: ClassName=MCU Member=C52
Removed Member From Class: ClassName=MCU Member=C53
Removed Member From Class: ClassName=MCU Member=C54
Removed Member From Class: ClassName=MCU Member=C55
Removed Member From Class: ClassName=MCU Member=C56
Removed Member From Class: ClassName=MCU Member=D4
Removed Member From Class: ClassName=MCU Member=J33
Removed Member From Class: ClassName=MCU Member=R40
Removed Member From Class: ClassName=MCU Member=R41
Removed Member From Class: ClassName=MCU Member=R42
Removed Member From Class: ClassName=MCU Member=R43
Removed Member From Class: ClassName=MCU Member=R44
Removed Member From Class: ClassName=MCU Member=R45
Removed Member From Class: ClassName=MCU Member=R46
Removed Member From Class: ClassName=MCU Member=R47
Removed Member From Class: ClassName=MCU Member=R48
Removed Member From Class: ClassName=MCU Member=SW4
Removed Member From Class: ClassName=MCU Member=SW5
Removed Member From Class: ClassName=MCU Member=U9
Removed Member From Class: ClassName=MCU Member=X1
