Removed Pin From Net: NetName=MODEM_LED_NETMODE Pin=M1-5
Removed Pin From Net: NetName=MODEM_LED_NETSTAT Pin=M1-6
Removed Pin From Net: NetName=GND Pin=M1-10
Removed Pin From Net: NetName=MODEM_UART1_RX Pin=M1-11
Removed Pin From Net: NetName=MODEM_UART1_TX Pin=M1-12
Removed Pin From Net: NetName=MODEM_USIM_DET Pin=M1-13
Removed Pin From Net: NetName=MODEM_USIM_VDD Pin=M1-14
Removed Pin From Net: NetName=MODEM_USIM_DATA Pin=M1-15
Removed Pin From Net: NetName=MODEM_USIM_CLK Pin=M1-16
Removed Pin From Net: NetName=MODEM_USIM_RST Pin=M1-17
Removed Pin From Net: NetName=MODEM_CTRL_RESETN Pin=M1-20
Removed Pin From Net: NetName=MODEM_CTRL_PWRKEY Pin=M1-21
Removed Pin From Net: NetName=MODEM_SD_DETECT Pin=M1-23
Removed Pin From Net: NetName=MODEM_SD_DATA3 Pin=M1-28
Removed Pin From Net: NetName=MODEM_SD_DATA2 Pin=M1-29
Removed Pin From Net: NetName=MODEM_SD_DATA1 Pin=M1-30
Removed Pin From Net: NetName=MODEM_SD_DATA0 Pin=M1-31
Removed Pin From Net: NetName=MODEM_SD_CLK Pin=M1-32
Removed Pin From Net: NetName=MODEM_SD_CMD Pin=M1-33
Removed Pin From Net: NetName=MODEM_SD_VDD Pin=M1-34
Removed Pin From Net: NetName=MODEM_SPI0_CS Pin=M1-37
Removed Pin From Net: NetName=MODEM_SPI0_MO Pin=M1-38
Removed Pin From Net: NetName=MODEM_SPI0_MI Pin=M1-39
Removed Pin From Net: NetName=MODEM_SPI0_CLK Pin=M1-40
Removed Pin From Net: NetName=MODEM_I2C1_SCL Pin=M1-41
Removed Pin From Net: NetName=MODEM_I2C1_SDA Pin=M1-42
Removed Pin From Net: NetName=MODEM_ANT_GNSS Pin=M1-47
Removed Pin From Net: NetName=MODEM_ANT_LTE Pin=M1-49
Removed Pin From Net: NetName=MODEM_NRDY_STAT Pin=M1-61
Removed Pin From Net: NetName=MODEM_UART0_TX Pin=M1-67
Removed Pin From Net: NetName=MODEM_UART0_RX Pin=M1-68
Removed Pin From Net: NetName=MODEM_USB_P Pin=M1-69
Removed Pin From Net: NetName=MODEM_USB_N Pin=M1-70
Removed Pin From Net: NetName=MODEM_USB_VBUS Pin=M1-71
Removed Pin From Net: NetName=MODEM_USBBOOT Pin=M1-115
Removed Pin From Net: NetName=MODEM_FLASH_SIO3 Pin=M1-119
Removed Pin From Net: NetName=MODEM_FLASH_SIO2 Pin=M1-121
Removed Pin From Net: NetName=MODEM_FLASH_SIO1 Pin=M1-122
Removed Pin From Net: NetName=MODEM_FLASH_SIO0 Pin=M1-123
Removed Pin From Net: NetName=MODEM_FLASH_CS Pin=M1-124
Removed Pin From Net: NetName=MODEM_FLASH_SCK Pin=M1-125
Removed Pin From Net: NetName=MODEM_UART2_RX Pin=M1-137
Removed Pin From Net: NetName=MODEM_UART2_TX Pin=M1-138
Removed Member From Class: ClassName=C?_Nets Member=3V3
Removed Member From Class: ClassName=J?_Nets Member=3V3
Removed Member From Class: ClassName=R?_Nets Member=3V3
Removed Member From Class: ClassName=SW?_Nets Member=3V3
Removed Member From Class: ClassName=U?_Nets Member=3V3
Removed Member From Class: ClassName=J?_Nets Member=ESP_IO8
Removed Member From Class: ClassName=J?_Nets Member=ESP_IO9
Removed Member From Class: ClassName=J?_Nets Member=ESP_IO10
Removed Member From Class: ClassName=J?_Nets Member=ESP_IO11
Removed Member From Class: ClassName=J?_Nets Member=ESP_IO12
Removed Member From Class: ClassName=J?_Nets Member=ESP_IO13
Removed Member From Class: ClassName=J?_Nets Member=ESP_IO14
Removed Member From Class: ClassName=J?_Nets Member=ESP_IO17
Removed Member From Class: ClassName=J?_Nets Member=ESP_IO18
Removed Member From Class: ClassName=J?_Nets Member=ESP_RX0
Removed Member From Class: ClassName=J?_Nets Member=ESP_TCK
Removed Member From Class: ClassName=J?_Nets Member=ESP_TDI
Removed Member From Class: ClassName=J?_Nets Member=ESP_TDO
Removed Member From Class: ClassName=J?_Nets Member=ESP_TMS
Removed Member From Class: ClassName=J?_Nets Member=ESP_TX0
Removed Member From Class: ClassName=TP?_Nets Member=MODEM_LVS_3V3
Removed Member From Class: ClassName=TP?_Nets Member=MODEM_VDDEXT
Removed Member From Class: ClassName=ANT_50R Member=NetC9_2
Removed Member From Class: ClassName=C?_Nets Member=NetC9_2
Removed Member From Class: ClassName=J?_Nets Member=NetC9_2
Removed Member From Class: ClassName=R?_Nets Member=NetC9_2
Removed Member From Class: ClassName=U?_Nets Member=NetC9_2
Removed Member From Class: ClassName=ANT_50R Member=NetC56_1
Removed Member From Class: ClassName=C?_Nets Member=NetC56_1
Removed Member From Class: ClassName=J?_Nets Member=NetC56_1
Removed Member From Class: ClassName=L?_Nets Member=NetC56_1
Removed Member From Class: ClassName=R?_Nets Member=NetC56_1
Removed Member From Class: ClassName=U?_Nets Member=NetC56_1
Removed Member From Class: ClassName=D?_Nets Member=NetD1_1
Removed Member From Class: ClassName=L?_Nets Member=NetD1_1
Removed Member From Class: ClassName=U?_Nets Member=NetD1_1
Removed Member From Class: ClassName=D?_Nets Member=NetD3_2
Removed Member From Class: ClassName=R?_Nets Member=NetD3_2
Removed Member From Class: ClassName=J?_Nets Member=NetJ4_5
Removed Member From Class: ClassName=R?_Nets Member=NetJ4_5
Removed Member From Class: ClassName=TP?_Nets Member=NetJ4_5
Removed Member From Class: ClassName=J?_Nets Member=NetJ4_6
Removed Member From Class: ClassName=TP?_Nets Member=NetJ4_6
Removed Member From Class: ClassName=J?_Nets Member=NetJ18_A8
Removed Member From Class: ClassName=J?_Nets Member=NetJ18_B5
Removed Member From Class: ClassName=R?_Nets Member=NetJ18_B5
Removed Member From Class: ClassName=J?_Nets Member=NetJ19_1
Removed Member From Class: ClassName=R?_Nets Member=NetJ19_1
Removed Member From Class: ClassName=J?_Nets Member=NetJ19_3
Removed Member From Class: ClassName=R?_Nets Member=NetJ19_3
Removed Member From Class: ClassName=J?_Nets Member=NetJ19_4
Removed Member From Class: ClassName=J?_Nets Member=NetJ20_7
Removed Member From Class: ClassName=R?_Nets Member=NetJ20_7
Removed Member From Class: ClassName=J?_Nets Member=NetJ20_8
Removed Member From Class: ClassName=R?_Nets Member=NetJ20_8
Removed Member From Class: ClassName=J?_Nets Member=NetJ23_2
Removed Member From Class: ClassName=R?_Nets Member=NetJ23_2
Removed Member From Class: ClassName=TP?_Nets Member=NetJ23_2
Removed Member From Class: ClassName=U?_Nets Member=NetJ23_2
Removed Member From Class: ClassName=J?_Nets Member=NetJ32_A4
Removed Member From Class: ClassName=J?_Nets Member=NetJ32_A5
Removed Member From Class: ClassName=R?_Nets Member=NetJ32_A5
Removed Member From Class: ClassName=J?_Nets Member=NetJ32_A9
Removed Member From Class: ClassName=J?_Nets Member=NetJ32_B4
Removed Member From Class: ClassName=J?_Nets Member=NetJ32_B8
Removed Member From Class: ClassName=J?_Nets Member=NetJ32_B9
Removed Member From Class: ClassName=J?_Nets Member=NetJ33_C6
Removed Member From Class: ClassName=L?_Nets Member=NetL2_2
Removed Member From Class: ClassName=R?_Nets Member=NetL2_2
Removed Member From Class: ClassName=M?_Nets Member=NetM1_18
Removed Member From Class: ClassName=M?_Nets Member=NetM1_55
Removed Member From Class: ClassName=M?_Nets Member=NetM1_81
Removed Member From Class: ClassName=M?_Nets Member=NetM1_82
Removed Member From Class: ClassName=M?_Nets Member=NetM1_116
Removed Member From Class: ClassName=M?_Nets Member=NetM1_117
Removed Member From Class: ClassName=Q?_Nets Member=NetQ2_1
Removed Member From Class: ClassName=R?_Nets Member=NetQ2_1
Removed Member From Class: ClassName=R?_Nets Member=NetR39_1
Removed Member From Class: ClassName=SW?_Nets Member=NetR39_1
Removed Member From Class: ClassName=U?_Nets Member=NetR39_1
Removed Member From Class: ClassName=SW?_Nets Member=NetSW1_4
Removed Member From Class: ClassName=SW?_Nets Member=NetSW3_2
Removed Member From Class: ClassName=U?_Nets Member=NetU6_7
Removed Member From Class: ClassName=U?_Nets Member=NetU6_8
Removed Member From Class: ClassName=U?_Nets Member=NetU6_9
Removed Member From Class: ClassName=U?_Nets Member=NetU6_12
Removed Member From Class: ClassName=U?_Nets Member=NetU6_13
Removed Member From Class: ClassName=U?_Nets Member=NetU6_14
Removed Member From Class: ClassName=U?_Nets Member=NetU8_6
Removed Member From Class: ClassName=R?_Nets Member=STM_BOOT0
Removed Member From Class: ClassName=SW?_Nets Member=STM_BOOT0
Removed Member From Class: ClassName=U?_Nets Member=STM_BOOT0
Removed Member From Class: ClassName=J?_Nets Member=STM_I2C3_SCL
Removed Member From Class: ClassName=U?_Nets Member=STM_I2C3_SCL
Removed Member From Class: ClassName=J?_Nets Member=STM_I2C3_SDA
Removed Member From Class: ClassName=U?_Nets Member=STM_I2C3_SDA
Removed Member From Class: ClassName=J?_Nets Member=STM_IO_A1
Removed Member From Class: ClassName=U?_Nets Member=STM_IO_A1
Removed Member From Class: ClassName=J?_Nets Member=STM_IO_B0
Removed Member From Class: ClassName=U?_Nets Member=STM_IO_B0
Removed Member From Class: ClassName=J?_Nets Member=STM_IO_B1
Removed Member From Class: ClassName=U?_Nets Member=STM_IO_B1
Removed Member From Class: ClassName=J?_Nets Member=STM_IO_B2
Removed Member From Class: ClassName=U?_Nets Member=STM_IO_B2
Removed Member From Class: ClassName=J?_Nets Member=STM_IO_C4
Removed Member From Class: ClassName=U?_Nets Member=STM_IO_C4
Removed Member From Class: ClassName=J?_Nets Member=STM_IO_C5
Removed Member From Class: ClassName=U?_Nets Member=STM_IO_C5
Removed Member From Class: ClassName=J?_Nets Member=STM_IO_C8
Removed Member From Class: ClassName=U?_Nets Member=STM_IO_C8
Removed Member From Class: ClassName=J?_Nets Member=STM_JRST
Removed Member From Class: ClassName=U?_Nets Member=STM_JRST
Removed Member From Class: ClassName=J?_Nets Member=STM_JTDI
Removed Member From Class: ClassName=U?_Nets Member=STM_JTDI
Removed Member From Class: ClassName=R?_Nets Member=STM_LED
Removed Member From Class: ClassName=U?_Nets Member=STM_LED
Removed Member From Class: ClassName=J?_Nets Member=STM_NRST
Removed Member From Class: ClassName=R?_Nets Member=STM_NRST
Removed Member From Class: ClassName=SW?_Nets Member=STM_NRST
Removed Member From Class: ClassName=U?_Nets Member=STM_NRST
Removed Member From Class: ClassName=C?_Nets Member=STM_OSC_HS_IN
Removed Member From Class: ClassName=U?_Nets Member=STM_OSC_HS_IN
Removed Member From Class: ClassName=C?_Nets Member=STM_OSC_HS_OUT
Removed Member From Class: ClassName=U?_Nets Member=STM_OSC_HS_OUT
Removed Member From Class: ClassName=J?_Nets Member=STM_SPI2_MISO
Removed Member From Class: ClassName=U?_Nets Member=STM_SPI2_MISO
Removed Member From Class: ClassName=J?_Nets Member=STM_SPI2_MOSI
Removed Member From Class: ClassName=U?_Nets Member=STM_SPI2_MOSI
Removed Member From Class: ClassName=J?_Nets Member=STM_SPI2_NSS
Removed Member From Class: ClassName=U?_Nets Member=STM_SPI2_NSS
Removed Member From Class: ClassName=J?_Nets Member=STM_SPI2_SCK
Removed Member From Class: ClassName=U?_Nets Member=STM_SPI2_SCK
Removed Member From Class: ClassName=J?_Nets Member=STM_SWC
Removed Member From Class: ClassName=U?_Nets Member=STM_SWC
Removed Member From Class: ClassName=J?_Nets Member=STM_SWD
Removed Member From Class: ClassName=U?_Nets Member=STM_SWD
Removed Member From Class: ClassName=J?_Nets Member=STM_SWO
Removed Member From Class: ClassName=U?_Nets Member=STM_SWO
Removed Member From Class: ClassName=J?_Nets Member=STM_SYS_WKP
Removed Member From Class: ClassName=U?_Nets Member=STM_SYS_WKP
Removed Member From Class: ClassName=J?_Nets Member=STM_UART1_RX
Removed Member From Class: ClassName=U?_Nets Member=STM_UART1_RX
Removed Member From Class: ClassName=J?_Nets Member=STM_UART1_TX
Removed Member From Class: ClassName=U?_Nets Member=STM_UART1_TX
Removed Member From Class: ClassName=J?_Nets Member=STM_UART2_RX
Removed Member From Class: ClassName=U?_Nets Member=STM_UART2_RX
Removed Member From Class: ClassName=J?_Nets Member=STM_UART2_TX
Removed Member From Class: ClassName=U?_Nets Member=STM_UART2_TX
Removed Member From Class: ClassName=J?_Nets Member=STM_UART6_RX
Removed Member From Class: ClassName=U?_Nets Member=STM_UART6_RX
Removed Member From Class: ClassName=J?_Nets Member=STM_UART6_TX
Removed Member From Class: ClassName=U?_Nets Member=STM_UART6_TX
Removed Member From Class: ClassName=R?_Nets Member=STM_USB_N
Removed Member From Class: ClassName=U?_Nets Member=STM_USB_N
Removed Member From Class: ClassName=R?_Nets Member=STM_USB_P
Removed Member From Class: ClassName=U?_Nets Member=STM_USB_P
Removed Member From Class: ClassName=J?_Nets Member=USB3_N
Removed Member From Class: ClassName=R?_Nets Member=USB3_N
Removed Member From Class: ClassName=J?_Nets Member=USB3_P
Removed Member From Class: ClassName=R?_Nets Member=USB3_P
Change Component Designator: OldDesignator=C1 NewDesignator=C?
Change Component Designator: OldDesignator=C2 NewDesignator=C?
Change Component Designator: OldDesignator=C3 NewDesignator=C?
Change Component Designator: OldDesignator=C4 NewDesignator=C?
Change Component Designator: OldDesignator=C5 NewDesignator=C?
Change Component Designator: OldDesignator=C6 NewDesignator=C?
Change Component Designator: OldDesignator=C7 NewDesignator=C?
Change Component Designator: OldDesignator=C8 NewDesignator=C?
Change Component Designator: OldDesignator=C9 NewDesignator=C?
Change Component Designator: OldDesignator=C10 NewDesignator=C?
Change Component Designator: OldDesignator=C11 NewDesignator=C?
Change Component Designator: OldDesignator=C12 NewDesignator=C?
Change Component Designator: OldDesignator=C13 NewDesignator=C?
Change Component Designator: OldDesignator=C14 NewDesignator=C?
Change Component Designator: OldDesignator=C15 NewDesignator=C?
Change Component Designator: OldDesignator=C16 NewDesignator=C?
Change Component Designator: OldDesignator=C17 NewDesignator=C?
Change Component Designator: OldDesignator=C18 NewDesignator=C?
Change Component Designator: OldDesignator=C19 NewDesignator=C?
Change Component Designator: OldDesignator=C20 NewDesignator=C?
Change Component Designator: OldDesignator=C21 NewDesignator=C?
Change Component Designator: OldDesignator=C22 NewDesignator=C?
Change Component Designator: OldDesignator=C23 NewDesignator=C?
Change Component Designator: OldDesignator=C24 NewDesignator=C?
Change Component Designator: OldDesignator=C25 NewDesignator=C?
Change Component Designator: OldDesignator=C26 NewDesignator=C?
Change Component Designator: OldDesignator=C27 NewDesignator=C?
Change Component Designator: OldDesignator=C28 NewDesignator=C?
Change Component Designator: OldDesignator=C29 NewDesignator=C?
Change Component Designator: OldDesignator=C30 NewDesignator=C?
Change Component Designator: OldDesignator=C31 NewDesignator=C?
Change Component Designator: OldDesignator=C32 NewDesignator=C?
Change Component Designator: OldDesignator=C33 NewDesignator=C?
Change Component Designator: OldDesignator=C34 NewDesignator=C?
Change Component Designator: OldDesignator=C35 NewDesignator=C?
Change Component Designator: OldDesignator=C36 NewDesignator=C?
Change Component Designator: OldDesignator=C37 NewDesignator=C?
Change Component Designator: OldDesignator=C38 NewDesignator=C?
Change Component Designator: OldDesignator=C39 NewDesignator=C?
Change Component Designator: OldDesignator=C40 NewDesignator=C?
Change Component Designator: OldDesignator=C41 NewDesignator=C?
Change Component Designator: OldDesignator=C42 NewDesignator=C?
Change Component Designator: OldDesignator=C43 NewDesignator=C?
Change Component Designator: OldDesignator=D1 NewDesignator=D?
Change Component Designator: OldDesignator=D2 NewDesignator=D?
Change Component Designator: OldDesignator=D3 NewDesignator=D?
Change Component Designator: OldDesignator=J1 NewDesignator=J?
Change Component Designator: OldDesignator=J2 NewDesignator=J?
Change Component Designator: OldDesignator=J3 NewDesignator=J?
Change Component Designator: OldDesignator=J4 NewDesignator=J?
Change Component Designator: OldDesignator=J5 NewDesignator=J?
Change Component Designator: OldDesignator=J6 NewDesignator=J?
Change Component Designator: OldDesignator=J7 NewDesignator=J?
Change Component Designator: OldDesignator=J8 NewDesignator=J?
Change Component Designator: OldDesignator=J9 NewDesignator=J?
Change Component Designator: OldDesignator=J12 NewDesignator=J?
Change Component Designator: OldDesignator=J13 NewDesignator=J?
Change Component Designator: OldDesignator=J14 NewDesignator=J?
Change Component Designator: OldDesignator=J15 NewDesignator=J?
Change Component Designator: OldDesignator=J17 NewDesignator=J?
Change Component Designator: OldDesignator=J18 NewDesignator=J?
Change Component Designator: OldDesignator=J20 NewDesignator=J?
Change Component Designator: OldDesignator=J21 NewDesignator=J?
Change Component Designator: OldDesignator=J23 NewDesignator=J?
Change Component Designator: OldDesignator=J33 NewDesignator=J?
Change Component Designator: OldDesignator=L1 NewDesignator=L?
Change Component Designator: OldDesignator=L2 NewDesignator=L?
Change Component Designator: OldDesignator=M1 NewDesignator=M?
Change Component Designator: OldDesignator=Q1 NewDesignator=Q?
Change Component Designator: OldDesignator=Q2 NewDesignator=Q?
Change Component Designator: OldDesignator=R1 NewDesignator=R?
Change Component Designator: OldDesignator=R2 NewDesignator=R?
Change Component Designator: OldDesignator=R3 NewDesignator=R?
Change Component Designator: OldDesignator=R4 NewDesignator=R?
Change Component Designator: OldDesignator=R5 NewDesignator=R?
Change Component Designator: OldDesignator=R6 NewDesignator=R?
Change Component Designator: OldDesignator=R7 NewDesignator=R?
Change Component Designator: OldDesignator=R8 NewDesignator=R?
Change Component Designator: OldDesignator=R9 NewDesignator=R?
Change Component Designator: OldDesignator=R10 NewDesignator=R?
Change Component Designator: OldDesignator=R11 NewDesignator=R?
Change Component Designator: OldDesignator=R12 NewDesignator=R?
Change Component Designator: OldDesignator=R13 NewDesignator=R?
Change Component Designator: OldDesignator=R14 NewDesignator=R?
Change Component Designator: OldDesignator=R15 NewDesignator=R?
Change Component Designator: OldDesignator=R16 NewDesignator=R?
Change Component Designator: OldDesignator=R17 NewDesignator=R?
Change Component Designator: OldDesignator=R18 NewDesignator=R?
Change Component Designator: OldDesignator=R19 NewDesignator=R?
Change Component Designator: OldDesignator=R20 NewDesignator=R?
Change Component Designator: OldDesignator=R21 NewDesignator=R?
Change Component Designator: OldDesignator=R22 NewDesignator=R?
Change Component Designator: OldDesignator=R23 NewDesignator=R?
Change Component Designator: OldDesignator=R24 NewDesignator=R?
Change Component Designator: OldDesignator=R25 NewDesignator=R?
Change Component Designator: OldDesignator=R26 NewDesignator=R?
Change Component Designator: OldDesignator=R27 NewDesignator=R?
Change Component Designator: OldDesignator=R28 NewDesignator=R?
Change Component Designator: OldDesignator=R29 NewDesignator=R?
Change Component Designator: OldDesignator=R30 NewDesignator=R?
Change Component Designator: OldDesignator=R31 NewDesignator=R?
Change Component Designator: OldDesignator=R32 NewDesignator=R?
Change Component Designator: OldDesignator=R33 NewDesignator=R?
Change Component Designator: OldDesignator=R34 NewDesignator=R?
Change Component Designator: OldDesignator=R35 NewDesignator=R?
Change Component Designator: OldDesignator=R36 NewDesignator=R?
Change Component Designator: OldDesignator=R37 NewDesignator=R?
Change Component Designator: OldDesignator=R38 NewDesignator=R?
Change Component Designator: OldDesignator=R39 NewDesignator=R?
Change Component Designator: OldDesignator=SW1 NewDesignator=SW?
Change Component Designator: OldDesignator=SW2 NewDesignator=SW?
Change Component Designator: OldDesignator=SW3 NewDesignator=SW?
Change Component Designator: OldDesignator=TP1 NewDesignator=TP?
Change Component Designator: OldDesignator=TP2 NewDesignator=TP?
Change Component Designator: OldDesignator=TP3 NewDesignator=TP?
Change Component Designator: OldDesignator=TP4 NewDesignator=TP?
Change Component Designator: OldDesignator=TP5 NewDesignator=TP?
Change Component Designator: OldDesignator=TP6 NewDesignator=TP?
Change Component Designator: OldDesignator=TP7 NewDesignator=TP?
Change Component Designator: OldDesignator=TP8 NewDesignator=TP?
Change Component Designator: OldDesignator=TP9 NewDesignator=TP?
Change Component Designator: OldDesignator=U1 NewDesignator=U?
Change Component Designator: OldDesignator=U2 NewDesignator=U?
Change Component Designator: OldDesignator=U3 NewDesignator=U?
Change Component Designator: OldDesignator=U4 NewDesignator=U?
Change Component Designator: OldDesignator=U5 NewDesignator=U?
Change Component Designator: OldDesignator=U6 NewDesignator=U?
Change Component Designator: OldDesignator=U7 NewDesignator=U?
Change Component Designator: OldDesignator=U8 NewDesignator=U?
Added Component: Designator=M?(EC200U)
Add component (AddParameter): Name = "Manufacturer 1"; Value = "Quectel"; VariantName = "[No Variations]"
Add component (AddParameter): Name = "Manufacturer Part Number 1"; Value = "027-EC200UCNAA-N05-SGNSA"; VariantName = "[No Variations]"
Add component (AddParameter): Name = "Value"; Value = ""; VariantName = "[No Variations]"
Added Pin To Net: NetName=MODEM_LED_NETMODE Pin=M?-5
Added Pin To Net: NetName=MODEM_LED_NETSTAT Pin=M?-6
Added Pin To Net: NetName=GND Pin=M?-10
Added Pin To Net: NetName=MODEM_UART1_RX Pin=M?-11
Added Pin To Net: NetName=MODEM_UART1_TX Pin=M?-12
Added Pin To Net: NetName=MODEM_USIM_DET Pin=M?-13
Added Pin To Net: NetName=MODEM_USIM_VDD Pin=M?-14
Added Pin To Net: NetName=MODEM_USIM_DATA Pin=M?-15
Added Pin To Net: NetName=MODEM_USIM_CLK Pin=M?-16
Added Pin To Net: NetName=MODEM_USIM_RST Pin=M?-17
Added Pin To Net: NetName=MODEM_CTRL_RESETN Pin=M?-20
Added Pin To Net: NetName=MODEM_CTRL_PWRKEY Pin=M?-21
Added Pin To Net: NetName=MODEM_SD_DETECT Pin=M?-23
Added Pin To Net: NetName=MODEM_SD_DATA3 Pin=M?-28
Added Pin To Net: NetName=MODEM_SD_DATA2 Pin=M?-29
Added Pin To Net: NetName=MODEM_SD_DATA1 Pin=M?-30
Added Pin To Net: NetName=MODEM_SD_DATA0 Pin=M?-31
Added Pin To Net: NetName=MODEM_SD_CLK Pin=M?-32
Added Pin To Net: NetName=MODEM_SD_CMD Pin=M?-33
Added Pin To Net: NetName=MODEM_SD_VDD Pin=M?-34
Added Pin To Net: NetName=MODEM_SPI0_CS Pin=M?-37
Added Pin To Net: NetName=MODEM_SPI0_MO Pin=M?-38
Added Pin To Net: NetName=MODEM_SPI0_MI Pin=M?-39
Added Pin To Net: NetName=MODEM_SPI0_CLK Pin=M?-40
Added Pin To Net: NetName=MODEM_I2C1_SCL Pin=M?-41
Added Pin To Net: NetName=MODEM_I2C1_SDA Pin=M?-42
Added Pin To Net: NetName=MODEM_ANT_GNSS Pin=M?-47
Added Pin To Net: NetName=MODEM_ANT_LTE Pin=M?-49
Added Pin To Net: NetName=MODEM_NRDY_STAT Pin=M?-61
Added Pin To Net: NetName=MODEM_UART0_TX Pin=M?-67
Added Pin To Net: NetName=MODEM_UART0_RX Pin=M?-68
Added Pin To Net: NetName=MODEM_USB_P Pin=M?-69
Added Pin To Net: NetName=MODEM_USB_N Pin=M?-70
Added Pin To Net: NetName=MODEM_USB_VBUS Pin=M?-71
Added Pin To Net: NetName=MODEM_USBBOOT Pin=M?-115
Added Pin To Net: NetName=MODEM_FLASH_SIO3 Pin=M?-119
Added Pin To Net: NetName=MODEM_FLASH_SIO2 Pin=M?-121
Added Pin To Net: NetName=MODEM_FLASH_SIO1 Pin=M?-122
Added Pin To Net: NetName=MODEM_FLASH_SIO0 Pin=M?-123
Added Pin To Net: NetName=MODEM_FLASH_CS Pin=M?-124
Added Pin To Net: NetName=MODEM_FLASH_SCK Pin=M?-125
Added Pin To Net: NetName=MODEM_UART2_RX Pin=M?-137
Added Pin To Net: NetName=MODEM_UART2_TX Pin=M?-138
Change Net Name : Old Net Name=NetC1_1 New Net Name=NetC?_1
Change Net Name : Old Net Name=NetC1_2 New Net Name=NetC?_2
Change Net Name : Old Net Name=NetC5_1 New Net Name=NetC?_1
Change Net Name : Old Net Name=NetC9_1 New Net Name=NetC?_1
Change Net Name : Old Net Name=NetC9_2 New Net Name=NetC?_2
Change Net Name : Old Net Name=NetC13_2 New Net Name=NetC?_2
Change Net Name : Old Net Name=NetC17_1 New Net Name=NetC?_1
Change Net Name : Old Net Name=NetC18_1 New Net Name=NetC?_1
Change Net Name : Old Net Name=NetC19_1 New Net Name=NetC?_1
Change Net Name : Old Net Name=NetD1_1 New Net Name=NetD?_1
Change Net Name : Old Net Name=NetD2_2 New Net Name=NetD?_2
Change Net Name : Old Net Name=NetD3_2 New Net Name=NetD?_2
Change Net Name : Old Net Name=NetJ4_1 New Net Name=NetJ?_1
Change Net Name : Old Net Name=NetJ4_2 New Net Name=NetJ?_2
Change Net Name : Old Net Name=NetJ4_3 New Net Name=NetJ?_3
Change Net Name : Old Net Name=NetJ4_4 New Net Name=NetJ?_4
Change Net Name : Old Net Name=NetJ4_5 New Net Name=NetJ?_5
Change Net Name : Old Net Name=NetJ4_6 New Net Name=NetJ?_6
Change Net Name : Old Net Name=NetJ18_A5 New Net Name=NetJ?_A5
Change Net Name : Old Net Name=NetJ18_A8 New Net Name=NetJ?_A8
Change Net Name : Old Net Name=NetJ18_B5 New Net Name=NetJ?_B5
Change Net Name : Old Net Name=NetJ18_B8 New Net Name=NetJ?_B8
Change Net Name : Old Net Name=NetJ20_1 New Net Name=NetJ?_1
Change Net Name : Old Net Name=NetJ20_2 New Net Name=NetJ?_2
Change Net Name : Old Net Name=NetJ20_3 New Net Name=NetJ?_3
Change Net Name : Old Net Name=NetJ20_5 New Net Name=NetJ?_5
Change Net Name : Old Net Name=NetJ20_7 New Net Name=NetJ?_7
Change Net Name : Old Net Name=NetJ20_8 New Net Name=NetJ?_8
Change Net Name : Old Net Name=NetJ23_2 New Net Name=NetJ?_2
Change Net Name : Old Net Name=NetJ33_C6 New Net Name=NetJ?_C6
Change Net Name : Old Net Name=NetL2_2 New Net Name=NetL?_2
Change Net Name : Old Net Name=NetM1_18 New Net Name=NetM?_18
Change Net Name : Old Net Name=NetM1_55 New Net Name=NetM?_55
Change Net Name : Old Net Name=NetM1_81 New Net Name=NetM?_81
Change Net Name : Old Net Name=NetM1_82 New Net Name=NetM?_82
Change Net Name : Old Net Name=NetM1_116 New Net Name=NetM?_116
Change Net Name : Old Net Name=NetM1_117 New Net Name=NetM?_117
Change Net Name : Old Net Name=NetQ1_1 New Net Name=NetQ?_1
Change Net Name : Old Net Name=NetQ2_1 New Net Name=NetQ?_1
Change Net Name : Old Net Name=NetR1_2 New Net Name=NetR?_1
Change Net Name : Old Net Name=NetR27_1 New Net Name=NetR?_1
Change Net Name : Old Net Name=NetR29_1 New Net Name=NetR?_1
Change Net Name : Old Net Name=NetR35_1 New Net Name=NetR?_1
Change Net Name : Old Net Name=NetR35_2 New Net Name=NetR?_1
Change Net Name : Old Net Name=NetR39_1 New Net Name=NetR?_1
Change Net Name : Old Net Name=NetSW1_2 New Net Name=NetSW?_2
Change Net Name : Old Net Name=NetSW1_4 New Net Name=NetSW?_4
Change Net Name : Old Net Name=NetSW2_2 New Net Name=NetSW?_2
Change Net Name : Old Net Name=NetSW2_4 New Net Name=NetSW?_4
Change Net Name : Old Net Name=NetSW3_2 New Net Name=NetSW?_2
Change Net Name : Old Net Name=NetSW3_4 New Net Name=NetSW?_4
Change Net Name : Old Net Name=NetU6_7 New Net Name=NetU?_7
Change Net Name : Old Net Name=NetU6_8 New Net Name=NetU?_8
Change Net Name : Old Net Name=NetU6_9 New Net Name=NetU?_9
Change Net Name : Old Net Name=NetU6_12 New Net Name=NetU?_12
Change Net Name : Old Net Name=NetU6_13 New Net Name=NetU?_13
Change Net Name : Old Net Name=NetU6_14 New Net Name=NetU?_14
Change Net Name : Old Net Name=NetU8_6 New Net Name=NetU?_6
Change Net Color : Old Net Color=RGB(158, 161, 117) New Net Color=Black
Change Net Color : Old Net Color=RGB(158, 161, 117) New Net Color=Black
Change Net Color : Old Net Color=RGB(158, 161, 117) New Net Color=Black
Change Net Color : Old Net Color=RGB(158, 161, 117) New Net Color=Black
Change Net Color : Old Net Color=RGB(158, 161, 117) New Net Color=Black
Change Net Color : Old Net Color=RGB(158, 161, 117) New Net Color=Black
Change Net Color : Old Net Color=RGB(158, 161, 117) New Net Color=Black
Change Net Color : Old Net Color=RGB(158, 161, 117) New Net Color=Black
Change Net Color : Old Net Color=RGB(158, 161, 117) New Net Color=Black
Change Net Color : Old Net Color=RGB(158, 161, 117) New Net Color=Black
Change Net Color : Old Net Color=RGB(158, 161, 117) New Net Color=Black
Change Net Color : Old Net Color=RGB(158, 161, 117) New Net Color=Black
Added Pin To Net: NetName=NetM?_1 Pin=M?-1
Added Net: Name=NetM?_1
Added Pin To Net: NetName=NetM?_2 Pin=M?-2
Added Net: Name=NetM?_2
Added Pin To Net: NetName=NetM?_3 Pin=M?-3
Added Net: Name=NetM?_3
Added Pin To Net: NetName=NetM?_4 Pin=M?-4
Added Net: Name=NetM?_4
Added Pin To Net: NetName=NetM?_24 Pin=M?-24
Added Net: Name=NetM?_24
Added Pin To Net: NetName=NetM?_25 Pin=M?-25
Added Net: Name=NetM?_25
Added Pin To Net: NetName=NetM?_26 Pin=M?-26
Added Net: Name=NetM?_26
Added Pin To Net: NetName=NetM?_27 Pin=M?-27
Added Net: Name=NetM?_27
Added Pin To Net: NetName=NetM?_35 Pin=M?-35
Added Net: Name=NetM?_35
Added Pin To Net: NetName=NetM?_43 Pin=M?-43
Added Net: Name=NetM?_43
Added Pin To Net: NetName=NetM?_44 Pin=M?-44
Added Net: Name=NetM?_44
Added Pin To Net: NetName=NetM?_45 Pin=M?-45
Added Net: Name=NetM?_45
Added Pin To Net: NetName=NetM?_62 Pin=M?-62
Added Net: Name=NetM?_62
Added Pin To Net: NetName=NetM?_63 Pin=M?-63
Added Net: Name=NetM?_63
Added Pin To Net: NetName=NetM?_64 Pin=M?-64
Added Net: Name=NetM?_64
Added Pin To Net: NetName=NetM?_65 Pin=M?-65
Added Net: Name=NetM?_65
Added Pin To Net: NetName=NetM?_66 Pin=M?-66
Added Net: Name=NetM?_66
Added Pin To Net: NetName=NetM?_73 Pin=M?-73
Added Net: Name=NetM?_73
Added Pin To Net: NetName=NetM?_74 Pin=M?-74
Added Net: Name=NetM?_74
Added Pin To Net: NetName=NetM?_75 Pin=M?-75
Added Net: Name=NetM?_75
Added Pin To Net: NetName=NetM?_77 Pin=M?-77
Added Net: Name=NetM?_77
Added Pin To Net: NetName=NetM?_78 Pin=M?-78
Added Net: Name=NetM?_78
Added Pin To Net: NetName=NetM?_79 Pin=M?-79
Added Net: Name=NetM?_79
Added Pin To Net: NetName=NetM?_80 Pin=M?-80
Added Net: Name=NetM?_80
Added Pin To Net: NetName=NetM?_83 Pin=M?-83
Added Net: Name=NetM?_83
Added Pin To Net: NetName=NetM?_84 Pin=M?-84
Added Net: Name=NetM?_84
Added Pin To Net: NetName=NetM?_113 Pin=M?-113
Added Net: Name=NetM?_113
Added Pin To Net: NetName=NetM?_114 Pin=M?-114
Added Net: Name=NetM?_114
Added Pin To Net: NetName=NetM?_118 Pin=M?-118
Added Net: Name=NetM?_118
Added Pin To Net: NetName=NetM?_120 Pin=M?-120
Added Net: Name=NetM?_120
Added Pin To Net: NetName=NetM?_126 Pin=M?-126
Added Pin To Net: NetName=NetM?_126 Pin=TP?-1
Added Net: Name=NetM?_126
Added Pin To Net: NetName=NetM?_127 Pin=M?-127
Added Net: Name=NetM?_127
Added Pin To Net: NetName=NetM?_128 Pin=M?-128
Added Net: Name=NetM?_128
Added Pin To Net: NetName=NetM?_129 Pin=M?-129
Added Net: Name=NetM?_129
Added Pin To Net: NetName=NetM?_130 Pin=M?-130
Added Net: Name=NetM?_130
Added Pin To Net: NetName=NetM?_131 Pin=M?-131
Added Net: Name=NetM?_131
Added Pin To Net: NetName=NetM?_132 Pin=M?-132
Added Net: Name=NetM?_132
Added Pin To Net: NetName=NetM?_133 Pin=M?-133
Added Net: Name=NetM?_133
Added Pin To Net: NetName=NetM?_134 Pin=M?-134
Added Net: Name=NetM?_134
Added Pin To Net: NetName=NetM?_135 Pin=M?-135
Added Net: Name=NetM?_135
Added Pin To Net: NetName=NetM?_136 Pin=M?-136
Added Net: Name=NetM?_136
Added Pin To Net: NetName=NetM?_139 Pin=M?-139
Added Net: Name=NetM?_139
Added Pin To Net: NetName=NetM?_140 Pin=M?-140
Added Net: Name=NetM?_140
Added Pin To Net: NetName=NetM?_141 Pin=M?-141
Added Net: Name=NetM?_141
Added Pin To Net: NetName=NetM?_142 Pin=M?-142
Added Net: Name=NetM?_142
Added Pin To Net: NetName=NetM?_143 Pin=M?-143
Added Net: Name=NetM?_143
Added Pin To Net: NetName=NetM?_144 Pin=M?-144
Added Net: Name=NetM?_144
Change Class Name : Old Net Name=TP?_Nets New Net Name=J19_Nets
Change Class Name : Old Net Name=X?_Nets New Net Name=X1_Nets
Added Class: Name=C44_Nets
Added Class: Name=C45_Nets
Added Class: Name=C46_Nets
Added Class: Name=C47_Nets
Added Class: Name=C48_Nets
Added Class: Name=C49_Nets
Added Class: Name=C50_Nets
Added Class: Name=C51_Nets
Added Class: Name=C52_Nets
Added Class: Name=C53_Nets
Added Class: Name=C54_Nets
Added Class: Name=C55_Nets
Added Class: Name=C56_Nets
Added Class: Name=C57_Nets
Added Class: Name=C58_Nets
Added Class: Name=C59_Nets
Added Class: Name=D4_Nets
Added Class: Name=J24_Nets
Added Class: Name=J25_Nets
Added Class: Name=J26_Nets
Added Class: Name=J27_Nets
Added Class: Name=J28_Nets
Added Class: Name=J29_Nets
Added Class: Name=J30_Nets
Added Class: Name=J31_Nets
Added Class: Name=J32_Nets
Added Class: Name=R40_Nets
Added Class: Name=R41_Nets
Added Class: Name=R42_Nets
Added Class: Name=R43_Nets
Added Class: Name=R44_Nets
Added Class: Name=R45_Nets
Added Class: Name=R46_Nets
Added Class: Name=R47_Nets
Added Class: Name=R48_Nets
Added Class: Name=SW4_Nets
Added Class: Name=SW5_Nets
Added Class: Name=TP?_Nets
Added Class: Name=U9_Nets
Added Class: Name=U10_Nets
Added Member To Class: ClassName=MCU Member=Component C44 MLCC_0805
Added Member To Class: ClassName=MCU Member=Component C45 MLCC_0805
Added Member To Class: ClassName=MCU Member=Component C46 MLCC_0805
Added Member To Class: ClassName=MCU Member=Component C47 MLCC_0805
Added Member To Class: ClassName=MCU Member=Component C48 MLCC_0805
Added Member To Class: ClassName=MCU Member=Component C49 MLCC_0805
Added Member To Class: ClassName=MCU Member=Component C50 MLCC_0805
Added Member To Class: ClassName=MCU Member=Component C51 MLCC_0805
Added Member To Class: ClassName=MCU Member=Component C52 MLCC_0805
Added Member To Class: ClassName=MCU Member=Component C53 MLCC_0805
Added Member To Class: ClassName=MCU Member=Component C54 MLCC_0805
Added Member To Class: ClassName=MCU Member=Component C55 MLCC_0805
Added Member To Class: ClassName=MCU Member=Component C56 MLCC_0805
Added Member To Class: ClassName=MCU Member=Component C57 MLCC_0805
Added Member To Class: ClassName=MCU Member=Component C58 MLCC_0805
Added Member To Class: ClassName=MCU Member=Component C59 MLCC_0805
Added Member To Class: ClassName=MODEM_PT1 Member=Component C? MLCC_0805
Added Member To Class: ClassName=MODEM_PT1 Member=Component C? MLCC_0805
Added Member To Class: ClassName=MODEM_PT1 Member=Component C? ERP_102-1
Added Member To Class: ClassName=MODEM_PT1 Member=Component C? MLCC_0805
Added Member To Class: ClassName=MODEM_PT1 Member=Component C? MLCC_0805
Added Member To Class: ClassName=MODEM_PT1 Member=Component C? ERP_102-1
Added Member To Class: ClassName=MODEM_PT1 Member=Component C? MLCC_0805
Added Member To Class: ClassName=MODEM_PT1 Member=Component C? ERP_102-1
Added Member To Class: ClassName=MODEM_PT1 Member=Component C? ERP_102-1
Added Member To Class: ClassName=MODEM_PT1 Member=Component C? MLCC_0805
Added Member To Class: ClassName=MODEM_PT1 Member=Component C? ERP_102-1
Added Member To Class: ClassName=MODEM_PT1 Member=Component C? MLCC_0805
Added Member To Class: ClassName=MODEM_PT2 Member=Component C? MLCC_0805
Added Member To Class: ClassName=MODEM_PT2 Member=Component C? MLCC_0805
Added Member To Class: ClassName=MODEM_PT2 Member=Component C? MLCC_0805
Added Member To Class: ClassName=MODEM_PT2 Member=Component C? MLCC_0805
Added Member To Class: ClassName=MODEM_PT2 Member=Component C? MLCC_0805
Added Member To Class: ClassName=MODEM_PT2 Member=Component C? MLCC_0805
Added Member To Class: ClassName=MODEM_PT2 Member=Component C? MLCC_0805
Added Member To Class: ClassName=MODEM_PT2 Member=Component C? MLCC_0805
Added Member To Class: ClassName=MODEM_PT2 Member=Component C? MLCC_0805
Added Member To Class: ClassName=MODEM_PT2 Member=Component C? MLCC_0805
Added Member To Class: ClassName=MODEM_PT2 Member=Component C? MLCC_0805
Added Member To Class: ClassName=MODEM_PT2 Member=Component C? MLCC_0805
Added Member To Class: ClassName=MODEM_PT2 Member=Component C? MLCC_0805
Added Member To Class: ClassName=MODEM_PT2 Member=Component C? MLCC_0805
Added Member To Class: ClassName=MODEM_PT2 Member=Component C? MLCC_0805
Added Member To Class: ClassName=MODEM_PT2 Member=Component C? MLCC_0805
Added Member To Class: ClassName=MODEM_PT2 Member=Component C? MLCC_0805
Added Member To Class: ClassName=MODEM_PT2 Member=Component C? MLCC_0805
Added Member To Class: ClassName=POWER Member=Component C? MLCC_0805
Added Member To Class: ClassName=POWER Member=Component C? MLCC_0805
Added Member To Class: ClassName=POWER Member=Component C? ERP_102-2
Added Member To Class: ClassName=POWER Member=Component C? ERP_102-2
Added Member To Class: ClassName=POWER Member=Component C? MLCC_0805
Added Member To Class: ClassName=POWER Member=Component C? MLCC_0805
Added Member To Class: ClassName=POWER Member=Component C? MLCC_0805
Added Member To Class: ClassName=STORAGE Member=Component C? MLCC_0805
Added Member To Class: ClassName=STORAGE Member=Component C? MLCC_0805
Added Member To Class: ClassName=STORAGE Member=Component C? MLCC_0805
Added Member To Class: ClassName=STORAGE Member=Component C? MLCC_0805
Added Member To Class: ClassName=STORAGE Member=Component C? MLCC_0805
Added Member To Class: ClassName=STORAGE Member=Component C? MLCC_0805
Added Member To Class: ClassName=MCU Member=Component D4 LED_1206
Added Member To Class: ClassName=MODEM_PT2 Member=Component D? LED_1206
Added Member To Class: ClassName=MODEM_PT2 Member=Component D? LED_1206
Added Member To Class: ClassName=POWER Member=Component D? ERP_104-3
Added Member To Class: ClassName=MCU Member=Component J24 ERP_148-2
Added Member To Class: ClassName=MCU Member=Component J25 ERP_148-2
Added Member To Class: ClassName=MCU Member=Component J26 ERP_148-2
Added Member To Class: ClassName=MCU Member=Component J27 ERP_148-2
Added Member To Class: ClassName=MCU Member=Component J28 ERP_148-2
Added Member To Class: ClassName=MCU Member=Component J29 ERP_148-2
Added Member To Class: ClassName=MCU Member=Component J30 ERP_148-2
Added Member To Class: ClassName=MCU Member=Component J31 ERP_148-2
Added Member To Class: ClassName=MCU Member=Component J32 GSB1CA11101DSHR
Added Member To Class: ClassName=MODEM_PT1 Member=Component J? MUP-7801-1
Added Member To Class: ClassName=MODEM_PT1 Member=Component J? 2PX1R
Added Member To Class: ClassName=MODEM_PT1 Member=Component J? ERP_148-1
Added Member To Class: ClassName=MODEM_PT1 Member=Component J? GSB1CA11101DSHR
Added Member To Class: ClassName=MODEM_PT1 Member=Component J? ERP_148-1
Added Member To Class: ClassName=MODEM_PT2 Member=Component J? 20PX2R_M
Added Member To Class: ClassName=MODEM_PT2 Member=Component J? 2PX1R
Added Member To Class: ClassName=POWER Member=Component J? 6PX1R_M
Added Member To Class: ClassName=POWER Member=Component J? 6PX1R_M
Added Member To Class: ClassName=POWER Member=Component J? 6PX1R_M
Added Member To Class: ClassName=POWER Member=Component J? 6PX1R_M
Added Member To Class: ClassName=POWER Member=Component J? 6PX1R_M
Added Member To Class: ClassName=POWER Member=Component J? 2PX1R
Added Member To Class: ClassName=POWER Member=Component J? 2PX1R
Added Member To Class: ClassName=POWER Member=Component J? 6PX1R_M
Added Member To Class: ClassName=POWER Member=Component J? 6PX1R_M
Added Member To Class: ClassName=POWER Member=Component J? 6PX1R_M
Added Member To Class: ClassName=POWER Member=Component J? 6PX1R_M
Added Member To Class: ClassName=STORAGE Member=Component J? GTFP084
Added Member To Class: ClassName=MODEM_PT1 Member=Component L? ERP_103-3
Added Member To Class: ClassName=POWER Member=Component L? ERP_103-3
Added Member To Class: ClassName=MODEM_PT1 Member=Component M? EC200U
Added Member To Class: ClassName=MODEM_PT2 Member=Component M? EC200U
Added Member To Class: ClassName=MODEM_PT2 Member=Component Q? ERP_105-1
Added Member To Class: ClassName=MODEM_PT2 Member=Component Q? ERP_105-1
Added Member To Class: ClassName=MCU Member=Component R40 ERP_101-1
Added Member To Class: ClassName=MCU Member=Component R41 ERP_101-1
Added Member To Class: ClassName=MCU Member=Component R42 ERP_101-1
Added Member To Class: ClassName=MCU Member=Component R43 ERP_101-1
Added Member To Class: ClassName=MCU Member=Component R44 ERP_101-1
Added Member To Class: ClassName=MCU Member=Component R45 ERP_101-1
Added Member To Class: ClassName=MCU Member=Component R46 ERP_101-1
Added Member To Class: ClassName=MCU Member=Component R47 ERP_101-1
Added Member To Class: ClassName=MCU Member=Component R48 ERP_101-1
Added Member To Class: ClassName=MODEM_PT1 Member=Component R? ERP_101-1
Added Member To Class: ClassName=MODEM_PT1 Member=Component R? ERP_101-1
Added Member To Class: ClassName=MODEM_PT1 Member=Component R? ERP_101-1
Added Member To Class: ClassName=MODEM_PT1 Member=Component R? ERP_101-1
Added Member To Class: ClassName=MODEM_PT1 Member=Component R? ERP_101-1
Added Member To Class: ClassName=MODEM_PT1 Member=Component R? ERP_101-1
Added Member To Class: ClassName=MODEM_PT1 Member=Component R? ERP_101-1
Added Member To Class: ClassName=MODEM_PT1 Member=Component R? ERP_101-1
Added Member To Class: ClassName=MODEM_PT1 Member=Component R? ERP_101-1
Added Member To Class: ClassName=MODEM_PT1 Member=Component R? ERP_101-1
Added Member To Class: ClassName=MODEM_PT1 Member=Component R? ERP_101-1
Added Member To Class: ClassName=MODEM_PT1 Member=Component R? ERP_101-1
Added Member To Class: ClassName=MODEM_PT2 Member=Component R? ERP_101-1
Added Member To Class: ClassName=MODEM_PT2 Member=Component R? ERP_101-1
Added Member To Class: ClassName=MODEM_PT2 Member=Component R? ERP_101-1
Added Member To Class: ClassName=MODEM_PT2 Member=Component R? ERP_101-1
Added Member To Class: ClassName=MODEM_PT2 Member=Component R? ERP_101-1
Added Member To Class: ClassName=MODEM_PT2 Member=Component R? ERP_101-1
Added Member To Class: ClassName=MODEM_PT2 Member=Component R? ERP_101-1
Added Member To Class: ClassName=MODEM_PT2 Member=Component R? ERP_101-1
Added Member To Class: ClassName=MODEM_PT2 Member=Component R? ERP_101-1
Added Member To Class: ClassName=MODEM_PT2 Member=Component R? ERP_101-1
Added Member To Class: ClassName=MODEM_PT2 Member=Component R? ERP_101-1
Added Member To Class: ClassName=MODEM_PT2 Member=Component R? ERP_101-1
Added Member To Class: ClassName=MODEM_PT2 Member=Component R? ERP_101-1
Added Member To Class: ClassName=POWER Member=Component R? ERP_101-1
Added Member To Class: ClassName=POWER Member=Component R? ERP_101-1
Added Member To Class: ClassName=STORAGE Member=Component R? ERP_101-1
Added Member To Class: ClassName=STORAGE Member=Component R? ERP_101-1
Added Member To Class: ClassName=STORAGE Member=Component R? ERP_101-1
Added Member To Class: ClassName=STORAGE Member=Component R? ERP_101-1
Added Member To Class: ClassName=STORAGE Member=Component R? ERP_101-1
Added Member To Class: ClassName=STORAGE Member=Component R? ERP_101-1
Added Member To Class: ClassName=STORAGE Member=Component R? ERP_101-1
Added Member To Class: ClassName=STORAGE Member=Component R? ERP_101-1
Added Member To Class: ClassName=STORAGE Member=Component R? ERP_101-1
Added Member To Class: ClassName=STORAGE Member=Component R? ERP_101-1
Added Member To Class: ClassName=STORAGE Member=Component R? ERP_101-1
Added Member To Class: ClassName=STORAGE Member=Component R? ERP_101-1
Added Member To Class: ClassName=MCU Member=Component SW4 Generic6X6
Added Member To Class: ClassName=MCU Member=Component SW5 Generic6X6
Added Member To Class: ClassName=MODEM_PT2 Member=Component SW? Generic6X6
Added Member To Class: ClassName=MODEM_PT2 Member=Component SW? Generic6X6
Added Member To Class: ClassName=MODEM_PT2 Member=Component SW? Generic6X6
Added Member To Class: ClassName=MODEM_PT1 Member=Component TP? TP_1MM
Added Member To Class: ClassName=MODEM_PT1 Member=Component TP? TP_1MM
Added Member To Class: ClassName=MODEM_PT2 Member=Component TP? TP_1MM
Added Member To Class: ClassName=POWER Member=Component TP? TP_1MM
Added Member To Class: ClassName=POWER Member=Component TP? TP_1MM
Added Member To Class: ClassName=POWER Member=Component TP? TP_1MM
Added Member To Class: ClassName=POWER Member=Component TP? TP_1MM
Added Member To Class: ClassName=POWER Member=Component TP? TP_1MM
Added Member To Class: ClassName=POWER Member=Component TP? TP_1MM
Added Member To Class: ClassName=MCU Member=Component U9 STM32F411RE
Added Member To Class: ClassName=MCU Member=Component U10 ERP_123-1
Added Member To Class: ClassName=MODEM_PT2 Member=Component U? ERP_123-1
Added Member To Class: ClassName=MODEM_PT2 Member=Component U? ERP_123-1
Added Member To Class: ClassName=MODEM_PT2 Member=Component U? TXS0108EPW
Added Member To Class: ClassName=MODEM_PT2 Member=Component U? LM39302
Added Member To Class: ClassName=MODEM_PT2 Member=Component U? TXS0108EPW
Added Member To Class: ClassName=POWER Member=Component U? XL4015
Added Member To Class: ClassName=STORAGE Member=Component U? W25Q128JW
Added Member To Class: ClassName=STORAGE Member=Component U? ERP_123-1
Added Member To Class: ClassName=MCU Member=Component X1 ERP_111-1
Added Member To Class: ClassName=ANT_50R Member=Wire NetC?_1
Added Member To Class: ClassName=C?_Nets Member=Wire NetC?_1
Added Member To Class: ClassName=J?_Nets Member=Wire NetC?_1
Added Member To Class: ClassName=L?_Nets Member=Wire NetC?_1
Added Member To Class: ClassName=R?_Nets Member=Wire NetC?_1
Added Member To Class: ClassName=U?_Nets Member=Wire NetC?_1
Added Member To Class: ClassName=ANT_50R Member=Wire NetC?_2
Added Member To Class: ClassName=C?_Nets Member=Wire NetC?_2
Added Member To Class: ClassName=J?_Nets Member=Wire NetC?_2
Added Member To Class: ClassName=R?_Nets Member=Wire NetC?_2
Added Member To Class: ClassName=U?_Nets Member=Wire NetC?_2
Added Member To Class: ClassName=D?_Nets Member=Wire NetD?_1
Added Member To Class: ClassName=L?_Nets Member=Wire NetD?_1
Added Member To Class: ClassName=U?_Nets Member=Wire NetD?_1
Added Member To Class: ClassName=D?_Nets Member=Wire NetD?_2
Added Member To Class: ClassName=R?_Nets Member=Wire NetD?_2
Added Member To Class: ClassName=J19_Nets Member=Wire NetJ19_2
Added Member To Class: ClassName=J19_Nets Member=Wire NetJ19_5
Added Member To Class: ClassName=J19_Nets Member=Wire NetJ19_6
Added Member To Class: ClassName=J?_Nets Member=Wire NetJ?_1
Added Member To Class: ClassName=R?_Nets Member=Wire NetJ?_1
Added Member To Class: ClassName=J?_Nets Member=Wire NetJ?_2
Added Member To Class: ClassName=R?_Nets Member=Wire NetJ?_2
Added Member To Class: ClassName=U?_Nets Member=Wire NetJ?_2
Added Member To Class: ClassName=J?_Nets Member=Wire NetJ?_3
Added Member To Class: ClassName=R?_Nets Member=Wire NetJ?_3
Added Member To Class: ClassName=J?_Nets Member=Wire NetJ?_4
Added Member To Class: ClassName=J?_Nets Member=Wire NetJ?_5
Added Member To Class: ClassName=R?_Nets Member=Wire NetJ?_5
Added Member To Class: ClassName=J?_Nets Member=Wire NetJ?_6
Added Member To Class: ClassName=J?_Nets Member=Wire NetJ?_7
Added Member To Class: ClassName=R?_Nets Member=Wire NetJ?_7
Added Member To Class: ClassName=J?_Nets Member=Wire NetJ?_8
Added Member To Class: ClassName=R?_Nets Member=Wire NetJ?_8
Added Member To Class: ClassName=J?_Nets Member=Wire NetJ?_A5
Added Member To Class: ClassName=R?_Nets Member=Wire NetJ?_A5
Added Member To Class: ClassName=J?_Nets Member=Wire NetJ?_A8
Added Member To Class: ClassName=J?_Nets Member=Wire NetJ?_B5
Added Member To Class: ClassName=R?_Nets Member=Wire NetJ?_B5
Added Member To Class: ClassName=J?_Nets Member=Wire NetJ?_B8
Added Member To Class: ClassName=J?_Nets Member=Wire NetJ?_C6
Added Member To Class: ClassName=L?_Nets Member=Wire NetL?_2
Added Member To Class: ClassName=R?_Nets Member=Wire NetL?_2
Added Member To Class: ClassName=M?_Nets Member=Wire NetM?_1
Added Member To Class: ClassName=M?_Nets Member=Wire NetM?_2
Added Member To Class: ClassName=M?_Nets Member=Wire NetM?_3
Added Member To Class: ClassName=M?_Nets Member=Wire NetM?_4
Added Member To Class: ClassName=M?_Nets Member=Wire NetM?_18
Added Member To Class: ClassName=M?_Nets Member=Wire NetM?_24
Added Member To Class: ClassName=M?_Nets Member=Wire NetM?_25
Added Member To Class: ClassName=M?_Nets Member=Wire NetM?_26
Added Member To Class: ClassName=M?_Nets Member=Wire NetM?_27
Added Member To Class: ClassName=M?_Nets Member=Wire NetM?_35
Added Member To Class: ClassName=M?_Nets Member=Wire NetM?_43
Added Member To Class: ClassName=M?_Nets Member=Wire NetM?_44
Added Member To Class: ClassName=M?_Nets Member=Wire NetM?_45
Added Member To Class: ClassName=M?_Nets Member=Wire NetM?_55
Added Member To Class: ClassName=M?_Nets Member=Wire NetM?_62
Added Member To Class: ClassName=M?_Nets Member=Wire NetM?_63
Added Member To Class: ClassName=M?_Nets Member=Wire NetM?_64
Added Member To Class: ClassName=M?_Nets Member=Wire NetM?_65
Added Member To Class: ClassName=M?_Nets Member=Wire NetM?_66
Added Member To Class: ClassName=M?_Nets Member=Wire NetM?_73
Added Member To Class: ClassName=M?_Nets Member=Wire NetM?_74
Added Member To Class: ClassName=M?_Nets Member=Wire NetM?_75
Added Member To Class: ClassName=M?_Nets Member=Wire NetM?_77
Added Member To Class: ClassName=M?_Nets Member=Wire NetM?_78
Added Member To Class: ClassName=M?_Nets Member=Wire NetM?_79
Added Member To Class: ClassName=M?_Nets Member=Wire NetM?_80
Added Member To Class: ClassName=M?_Nets Member=Wire NetM?_81
Added Member To Class: ClassName=M?_Nets Member=Wire NetM?_82
Added Member To Class: ClassName=M?_Nets Member=Wire NetM?_83
Added Member To Class: ClassName=M?_Nets Member=Wire NetM?_84
Added Member To Class: ClassName=M?_Nets Member=Wire NetM?_113
Added Member To Class: ClassName=M?_Nets Member=Wire NetM?_114
Added Member To Class: ClassName=M?_Nets Member=Wire NetM?_116
Added Member To Class: ClassName=M?_Nets Member=Wire NetM?_117
Added Member To Class: ClassName=M?_Nets Member=Wire NetM?_118
Added Member To Class: ClassName=M?_Nets Member=Wire NetM?_120
Added Member To Class: ClassName=M?_Nets Member=Wire NetM?_126
Added Member To Class: ClassName=M?_Nets Member=Wire NetM?_127
Added Member To Class: ClassName=M?_Nets Member=Wire NetM?_128
Added Member To Class: ClassName=M?_Nets Member=Wire NetM?_129
Added Member To Class: ClassName=M?_Nets Member=Wire NetM?_130
Added Member To Class: ClassName=M?_Nets Member=Wire NetM?_131
Added Member To Class: ClassName=M?_Nets Member=Wire NetM?_132
Added Member To Class: ClassName=M?_Nets Member=Wire NetM?_133
Added Member To Class: ClassName=M?_Nets Member=Wire NetM?_134
Added Member To Class: ClassName=M?_Nets Member=Wire NetM?_135
Added Member To Class: ClassName=M?_Nets Member=Wire NetM?_136
Added Member To Class: ClassName=M?_Nets Member=Wire NetM?_139
Added Member To Class: ClassName=M?_Nets Member=Wire NetM?_140
Added Member To Class: ClassName=M?_Nets Member=Wire NetM?_141
Added Member To Class: ClassName=M?_Nets Member=Wire NetM?_142
Added Member To Class: ClassName=M?_Nets Member=Wire NetM?_143
Added Member To Class: ClassName=M?_Nets Member=Wire NetM?_144
Added Member To Class: ClassName=Q?_Nets Member=Wire NetQ?_1
Added Member To Class: ClassName=R?_Nets Member=Wire NetQ?_1
Added Member To Class: ClassName=R?_Nets Member=Wire NetR?_1
Added Member To Class: ClassName=SW?_Nets Member=Wire NetR?_1
Added Member To Class: ClassName=U?_Nets Member=Wire NetR?_1
Added Member To Class: ClassName=SW?_Nets Member=Wire NetSW?_2
Added Member To Class: ClassName=SW?_Nets Member=Wire NetSW?_4
Added Member To Class: ClassName=U?_Nets Member=Wire NetU?_6
Added Member To Class: ClassName=U?_Nets Member=Wire NetU?_7
Added Member To Class: ClassName=U?_Nets Member=Wire NetU?_8
Added Member To Class: ClassName=U?_Nets Member=Wire NetU?_9
Added Member To Class: ClassName=U?_Nets Member=Wire NetU?_12
Added Member To Class: ClassName=U?_Nets Member=Wire NetU?_13
Added Member To Class: ClassName=U?_Nets Member=Wire NetU?_14
Added Rule: Name=Schematic Differential Pairs Routing
Added Rule: Name=Schematic Differential Pairs Routing_2
