Removed Member From Class: ClassName=Q1_Nets Member=NetQ1_1
Removed Member From Class: ClassName=Q2_Nets Member=NetQ2_1
Added Component: Designator=C17(CAPC2012X13L)
Add component (AddParameter): Name = "Manufacturer 1"; Value = ""; VariantName = "[No Variations]"
Add component (AddParameter): Name = "Manufacturer Part Number 1"; Value = ""; VariantName = "[No Variations]"
Add component (AddParameter): Name = "Package"; Value = "0805"; VariantName = "[No Variations]"
Add component (AddParameter): Name = "Value"; Value = "100nF"; VariantName = "[No Variations]"
Added Component: Designator=C18(CAPC2012X13L)
Add component (AddParameter): Name = "Manufacturer 1"; Value = ""; VariantName = "[No Variations]"
Add component (AddParameter): Name = "Manufacturer Part Number 1"; Value = ""; VariantName = "[No Variations]"
Add component (AddParameter): Name = "Package"; Value = "0805"; VariantName = "[No Variations]"
Add component (AddParameter): Name = "Value"; Value = "33pF"; VariantName = "[No Variations]"
Added Component: Designator=C19(CAPC2012X13L)
Add component (AddParameter): Name = "Manufacturer 1"; Value = ""; VariantName = "[No Variations]"
Add component (AddParameter): Name = "Manufacturer Part Number 1"; Value = ""; VariantName = "[No Variations]"
Add component (AddParameter): Name = "Package"; Value = "0805"; VariantName = "[No Variations]"
Add component (AddParameter): Name = "Value"; Value = "33pF"; VariantName = "[No Variations]"
Added Component: Designator=C20(CAPC2012X13L)
Add component (AddParameter): Name = "Manufacturer 1"; Value = ""; VariantName = "[No Variations]"
Add component (AddParameter): Name = "Manufacturer Part Number 1"; Value = ""; VariantName = "[No Variations]"
Add component (AddParameter): Name = "Package"; Value = "0805"; VariantName = "[No Variations]"
Add component (AddParameter): Name = "Value"; Value = "33pF"; VariantName = "[No Variations]"
Added Component: Designator=J13(SIM-11-A)
Add component (AddParameter): Name = "Manufacturer 1"; Value = "Same Sky"; VariantName = "[No Variations]"
Add component (AddParameter): Name = "Manufacturer Part Number 1"; Value = ""; VariantName = "[No Variations]"
Add component (AddParameter): Name = "Package"; Value = "8 (6 + 2)"; VariantName = "[No Variations]"
Add component (AddParameter): Name = "Value"; Value = ""; VariantName = "[No Variations]"
Added Component: Designator=R19(RES_0603)
Add component (AddParameter): Name = "Manufacturer 1"; Value = ""; VariantName = "[No Variations]"
Add component (AddParameter): Name = "Manufacturer Part Number 1"; Value = ""; VariantName = "[No Variations]"
Add component (AddParameter): Name = "Package"; Value = "0603"; VariantName = "[No Variations]"
Add component (AddParameter): Name = "Value"; Value = "51k"; VariantName = "[No Variations]"
Added Component: Designator=R20(RES_0603)
Add component (AddParameter): Name = "Manufacturer 1"; Value = ""; VariantName = "[No Variations]"
Add component (AddParameter): Name = "Manufacturer Part Number 1"; Value = ""; VariantName = "[No Variations]"
Add component (AddParameter): Name = "Package"; Value = "0603"; VariantName = "[No Variations]"
Add component (AddParameter): Name = "Value"; Value = "0R"; VariantName = "[No Variations]"
Added Component: Designator=R21(RES_0603)
Add component (AddParameter): Name = "Manufacturer 1"; Value = ""; VariantName = "[No Variations]"
Add component (AddParameter): Name = "Manufacturer Part Number 1"; Value = ""; VariantName = "[No Variations]"
Add component (AddParameter): Name = "Package"; Value = "0603"; VariantName = "[No Variations]"
Add component (AddParameter): Name = "Value"; Value = "0R"; VariantName = "[No Variations]"
Added Component: Designator=R22(RES_0603)
Add component (AddParameter): Name = "Manufacturer 1"; Value = ""; VariantName = "[No Variations]"
Add component (AddParameter): Name = "Manufacturer Part Number 1"; Value = ""; VariantName = "[No Variations]"
Add component (AddParameter): Name = "Package"; Value = "0603"; VariantName = "[No Variations]"
Add component (AddParameter): Name = "Value"; Value = "10k"; VariantName = "[No Variations]"
Added Component: Designator=R23(RES_0603)
Add component (AddParameter): Name = "Manufacturer 1"; Value = ""; VariantName = "[No Variations]"
Add component (AddParameter): Name = "Manufacturer Part Number 1"; Value = ""; VariantName = "[No Variations]"
Add component (AddParameter): Name = "Package"; Value = "0603"; VariantName = "[No Variations]"
Add component (AddParameter): Name = "Value"; Value = "0R"; VariantName = "[No Variations]"
Added Pin To Net: NetName=MODEM_USIM_VDD Pin=C17-1
Added Pin To Net: NetName=MODEM_USIM_GND Pin=C17-2
Added Pin To Net: NetName=GND Pin=C18-2
Added Pin To Net: NetName=GND Pin=C19-2
Added Pin To Net: NetName=GND Pin=C20-2
Added Pin To Net: NetName=MODEM_USIM_VDD Pin=J13-1
Added Pin To Net: NetName=MODEM_USIM_GND Pin=J13-5
Added Pin To Net: NetName=MODEM_USIM_DET Pin=J13-CD1
Added Pin To Net: NetName=GND Pin=J13-CD2
Added Pin To Net: NetName=MODEM_USIM_DET Pin=R19-1
Added Pin To Net: NetName=MODEM_VDDEXT Pin=R19-2
Added Pin To Net: NetName=MODEM_USIM_RST Pin=R20-2
Added Pin To Net: NetName=MODEM_USIM_CLK Pin=R21-2
Added Pin To Net: NetName=MODEM_USIM_VDD Pin=R22-2
Added Pin To Net: NetName=MODEM_USIM_DATA Pin=R23-2
Change Net Name : Old Net Name=NetQ1_1 New Net Name=MCU_MODEM_RESETN
Change Net Name : Old Net Name=NetQ2_1 New Net Name=MCU_MODEM_PWRKEY
Added Pin To Net: NetName=NetC18_1 Pin=C18-1
Added Pin To Net: NetName=NetC18_1 Pin=J13-7
Added Pin To Net: NetName=NetC18_1 Pin=R22-1
Added Pin To Net: NetName=NetC18_1 Pin=R23-1
Added Net: Name=NetC18_1
Added Pin To Net: NetName=NetC19_1 Pin=C19-1
Added Pin To Net: NetName=NetC19_1 Pin=J13-3
Added Pin To Net: NetName=NetC19_1 Pin=R21-1
Added Net: Name=NetC19_1
Added Pin To Net: NetName=NetC20_1 Pin=C20-1
Added Pin To Net: NetName=NetC20_1 Pin=J13-2
Added Pin To Net: NetName=NetC20_1 Pin=R20-1
Added Net: Name=NetC20_1
Added Pin To Net: NetName=NetJ13_6 Pin=J13-6
Added Net: Name=NetJ13_6
Added Pin To Net: NetName=NetJ13_SH1 Pin=J13-SH1
Added Net: Name=NetJ13_SH1
Added Pin To Net: NetName=NetJ13_SH2 Pin=J13-SH2
Added Net: Name=NetJ13_SH2
Added Class: Name=C17_Nets
Added Class: Name=C18_Nets
Added Class: Name=C19_Nets
Added Class: Name=C20_Nets
Added Class: Name=J13_Nets
Added Class: Name=R19_Nets
Added Class: Name=R20_Nets
Added Class: Name=R21_Nets
Added Class: Name=R22_Nets
Added Class: Name=R23_Nets
Added Member To Class: ClassName=MODEM Member=Component C17 MLCC_0805
Added Member To Class: ClassName=MODEM Member=Component C18 MLCC_0805
Added Member To Class: ClassName=MODEM Member=Component C19 MLCC_0805
Added Member To Class: ClassName=MODEM Member=Component C20 MLCC_0805
Added Member To Class: ClassName=MODEM Member=Component J13 SIM-11-A
Added Member To Class: ClassName=MODEM Member=Component R19 ERP_101-1
Added Member To Class: ClassName=MODEM Member=Component R20 ERP_101-1
Added Member To Class: ClassName=MODEM Member=Component R21 ERP_101-1
Added Member To Class: ClassName=MODEM Member=Component R22 ERP_101-1
Added Member To Class: ClassName=MODEM Member=Component R23 ERP_101-1
Added Member To Class: ClassName=Q2_Nets Member=Wire MCU_MODEM_PWRKEY
Added Member To Class: ClassName=Q1_Nets Member=Wire MCU_MODEM_RESETN
Added Rule: Name=Schematic Supply Nets_4
