Added Component: Designator=U2(TXS0108EPW)
Add component (AddParameter): Name = "Manufacturer 1"; Value = "Texas Instruments"; VariantName = "[No Variations]"
Add component (AddParameter): Name = "Manufacturer Part Number 1"; Value = "TXS0108EPWR"; VariantName = "[No Variations]"
Add component (AddParameter): Name = "Package"; Value = "20-TSSOP"; VariantName = "[No Variations]"
Add component (AddParameter): Name = "Value"; Value = ""; VariantName = "[No Variations]"
Added Pin To Net: NetName=MODEM_UART0_RX Pin=U2-1
Added Pin To Net: NetName=MODEM_VDDEXT Pin=U2-2
Added Pin To Net: NetName=MODEM_UART0_TX Pin=U2-3
Added Pin To Net: NetName=MODEM_UART1_RX Pin=U2-4
Added Pin To Net: NetName=MODEM_UART1_TX Pin=U2-5
Added Pin To Net: NetName=MODEM_UART2_RX Pin=U2-6
Added Pin To Net: NetName=MODEM_UART2_TX Pin=U2-7
Added Pin To Net: NetName=NetU2_8 Pin=U2-8
Added Pin To Net: NetName=NetU2_9 Pin=U2-9
Added Pin To Net: NetName=NetR3_1 Pin=U2-10
Added Pin To Net: NetName=MODEM_USIM_GND Pin=U2-11
Added Pin To Net: NetName=NetU2_12 Pin=U2-12
Added Pin To Net: NetName=NetU2_13 Pin=U2-13
Added Pin To Net: NetName=MODEM_UART2_TX_3V3 Pin=U2-14
Added Pin To Net: NetName=MODEM_UART2_RX_3V3 Pin=U2-15
Added Pin To Net: NetName=MODEM_UART1_TX_3V3 Pin=U2-16
Added Pin To Net: NetName=MODEM_UART1_RX_3V3 Pin=U2-17
Added Pin To Net: NetName=MODEM_UART0_TX_3V3 Pin=U2-18
Added Pin To Net: NetName=3V3 Pin=U2-19
Added Pin To Net: NetName=MODEM_UART0_RX_3V3 Pin=U2-20
Added Member To Class: ClassName=MODEM_PT2 Member=Component U2 TXS0108EPW
