Change Physical Footprint: Designator=C44 Old Footprint=CAPC2012X13L New Footprint=CAPC2012X13L
Change Physical Footprint: Designator=C46 Old Footprint=CAPC2012X13L New Footprint=CAPC2012X13L
Change Physical Footprint: Designator=C47 Old Footprint=CAPC2012X13L New Footprint=CAPC2012X13L
Change Physical Footprint: Designator=C48 Old Footprint=CAPC2012X13L New Footprint=CAPC2012X13L
Change Physical Footprint: Designator=C49 Old Footprint=CAPC2012X13L New Footprint=CAPC2012X13L
Change Physical Footprint: Designator=C50 Old Footprint=CAPC2012X13L New Footprint=CAPC2012X13L
Change Physical Footprint: Designator=C51 Old Footprint=CAPC2012X13L New Footprint=CAPC2012X13L
Change Physical Footprint: Designator=C52 Old Footprint=CAPC2012X13L New Footprint=CAPC2012X13L
Change Physical Footprint: Designator=C53 Old Footprint=CAPC2012X13L New Footprint=CAPC2012X13L
Change Physical Footprint: Designator=C54 Old Footprint=CAPC2012X13L New Footprint=CAPC2012X13L
Change Physical Footprint: Designator=C56 Old Footprint=CAPC2012X13L New Footprint=CAPC2012X13L
Change Physical Footprint: Designator=C57 Old Footprint=CAPC2012X13L New Footprint=CAPC2012X13L
Change Physical Footprint: Designator=C58 Old Footprint=CAPC2012X13L New Footprint=CAPC2012X13L
Change Physical Footprint: Designator=C59 Old Footprint=CAPC2012X13L New Footprint=CAPC2012X13L
Change Physical Footprint: Designator=C60 Old Footprint=CAPC2012X13L New Footprint=CAPC2012X13L
Change Physical Footprint: Designator=J19 Old Footprint=GSB1CA11101DSHR New Footprint=GSB1CA11101DSHR
Change Physical Footprint: Designator=J20 Old Footprint=6PX1R_F New Footprint=6PX1R_F
Change Physical Footprint: Designator=J21 Old Footprint=6PX1R_F New Footprint=6PX1R_F
Change Physical Footprint: Designator=J22 Old Footprint=6PX1R_F New Footprint=6PX1R_F
Change Physical Footprint: Designator=J23 Old Footprint=6PX1R_F New Footprint=6PX1R_F
Change Physical Footprint: Designator=J24 Old Footprint=6PX1R_F New Footprint=6PX1R_F
Change Physical Footprint: Designator=J25 Old Footprint=6PX1R_F New Footprint=6PX1R_F
Change Physical Footprint: Designator=J26 Old Footprint=6PX1R_F New Footprint=6PX1R_F
Change Physical Footprint: Designator=J27 Old Footprint=6PX1R_F New Footprint=6PX1R_F
Change Physical Footprint: Designator=M2 Old Footprint=ESP32-S3-WROOM-1U New Footprint=ESP32-S3-WROOM-1U
Change Physical Footprint: Designator=R44 Old Footprint=RES_0603 New Footprint=RES_0603
Change Physical Footprint: Designator=R46 Old Footprint=RES_0603 New Footprint=RES_0603
Change Physical Footprint: Designator=R52 Old Footprint=RES_0603 New Footprint=RES_0603
Change Physical Footprint: Designator=R53 Old Footprint=RES_0603 New Footprint=RES_0603
Change Physical Footprint: Designator=R54 Old Footprint=RES_0603 New Footprint=RES_0603
Change Physical Footprint: Designator=U9 Old Footprint=TSQFP50P1200X1200X160-64L New Footprint=TSQFP50P1200X1200X160-64L
