Added Component: Designator=C44(CAPC2012X13L)
Add component (AddParameter): Name = "Manufacturer 1"; Value = ""; VariantName = "[No Variations]"
Add component (AddParameter): Name = "Manufacturer Part Number 1"; Value = ""; VariantName = "[No Variations]"
Add component (AddParameter): Name = "Package"; Value = "0805"; VariantName = "[No Variations]"
Add component (AddParameter): Name = "Value"; Value = "22uF"; VariantName = "[No Variations]"
Added Component: Designator=U6(AMS1117_SOT223)
Add component (AddParameter): Name = "Manufacturer 1"; Value = "TI"; VariantName = "[No Variations]"
Add component (AddParameter): Name = "Manufacturer Part Number 1"; Value = "TLV1117-50IDCYR"; VariantName = "[No Variations]"
Add component (AddParameter): Name = "Package"; Value = "SOT223"; VariantName = "[No Variations]"
Add component (AddParameter): Name = "Supplier  1"; Value = ""; VariantName = "[No Variations]"
Add component (AddParameter): Name = "Supplier  Part Number 1"; Value = ""; VariantName = "[No Variations]"
Added Pin To Net: NetName=VIN Pin=C44-1
Added Pin To Net: NetName=GNSS_ANT_VDD Pin=U6-2
Added Pin To Net: NetName=VIN Pin=U6-3
Added Pin To Net: NetName=GNSS_ANT_VDD Pin=U6-4
Added Pin To Net: NetName=NetC44_2 Pin=C44-2
Added Pin To Net: NetName=NetC44_2 Pin=U6-1
Added Net: Name=NetC44_2
Added Class: Name=C44_Nets
Added Class: Name=U6_Nets
Added Member To Class: ClassName=MODEM_PT2 Member=Component C44 MLCC_0805
Added Member To Class: ClassName=MODEM_PT2 Member=Component U6 ERP_123-1
Added Rule: Name=Schematic Supply Nets_8
