Added Component: Designator=C55(CAPC2012X13L)
Add component (AddParameter): Name = "Manufacturer 1"; Value = ""; VariantName = "[No Variations]"
Add component (AddParameter): Name = "Manufacturer Part Number 1"; Value = ""; VariantName = "[No Variations]"
Add component (AddParameter): Name = "Package"; Value = "0805"; VariantName = "[No Variations]"
Add component (AddParameter): Name = "Value"; Value = "10pF"; VariantName = "[No Variations]"
Added Component: Designator=C61(CAPC2012X13L)
Add component (AddParameter): Name = "Manufacturer 1"; Value = ""; VariantName = "[No Variations]"
Add component (AddParameter): Name = "Manufacturer Part Number 1"; Value = ""; VariantName = "[No Variations]"
Add component (AddParameter): Name = "Package"; Value = "0805"; VariantName = "[No Variations]"
Add component (AddParameter): Name = "Value"; Value = "10pF"; VariantName = "[No Variations]"
Added Component: Designator=X1(YSX321SL)
Add component (AddParameter): Name = "Manufacturer 1"; Value = "YXC"; VariantName = "[No Variations]"
Add component (AddParameter): Name = "Manufacturer Part Number 1"; Value = ""; VariantName = "[No Variations]"
Add component (AddParameter): Name = "Value"; Value = "24MHz"; VariantName = "[No Variations]"
Added Pin To Net: NetName=GND Pin=C55-1
Added Pin To Net: NetName=STM_OSC_HS_IN Pin=C55-2
Added Pin To Net: NetName=GND Pin=C61-1
Added Pin To Net: NetName=STM_OSC_HS_OUT Pin=C61-2
Added Pin To Net: NetName=STM_OSC_HS_IN Pin=X1-1
Added Pin To Net: NetName=GND Pin=X1-2
Added Pin To Net: NetName=STM_OSC_HS_OUT Pin=X1-3
Added Pin To Net: NetName=GND Pin=X1-4
Added Class: Name=C55_Nets
Added Class: Name=C61_Nets
Added Class: Name=X1_Nets
Added Member To Class: ClassName=MCU Member=Component C55 MLCC_0805
Added Member To Class: ClassName=MCU Member=Component C61 MLCC_0805
Added Member To Class: ClassName=MCU Member=Component X1 ERP_111-1
