Removed Member From Class: ClassName=M1_Nets Member=NetM1_7
Removed Member From Class: ClassName=M1_Nets Member=NetM1_11
Removed Member From Class: ClassName=M1_Nets Member=NetM1_12
Removed Member From Class: ClassName=M1_Nets Member=NetM1_20
Removed Member From Class: ClassName=M1_Nets Member=NetM1_21
Removed Member From Class: ClassName=M1_Nets Member=NetM1_57
Removed Member From Class: ClassName=M1_Nets Member=NetM1_58
Removed Member From Class: ClassName=M1_Nets Member=NetM1_59
Removed Member From Class: ClassName=M1_Nets Member=NetM1_60
Removed Member From Class: ClassName=M1_Nets Member=NetM1_67
Removed Member From Class: ClassName=M1_Nets Member=NetM1_68
Removed Member From Class: ClassName=M1_Nets Member=NetM1_126
Removed Member From Class: ClassName=M1_Nets Member=NetM1_137
Removed Member From Class: ClassName=M1_Nets Member=NetM1_138
Change component parameters: Designator = "M1" ("M1"); Footprint = "EC200U"; UniqueID = "\VOMRZYKI" ("\VOMRZYKI")
Change component parameters (AddParameter): Name = "Manufacturer 1"; Value = "Quectel"; VariantName = "[No Variations]"
Change component parameters (AddParameter): Name = "Manufacturer Part Number 1"; Value = "EC200U-CN"; VariantName = "[No Variations]"
Change component parameters (AddParameter): Name = "Value"; Value = ""; VariantName = "[No Variations]"
Added Component: Designator=C1(CAPC2012X13L)
Add component (AddParameter): Name = "Manufacturer 1"; Value = ""; VariantName = "[No Variations]"
Add component (AddParameter): Name = "Manufacturer Part Number 1"; Value = ""; VariantName = "[No Variations]"
Add component (AddParameter): Name = "Package"; Value = "0805"; VariantName = "[No Variations]"
Add component (AddParameter): Name = "Value"; Value = "100nF"; VariantName = "[No Variations]"
Added Component: Designator=C2(CAPC2012X13L)
Add component (AddParameter): Name = "Manufacturer 1"; Value = ""; VariantName = "[No Variations]"
Add component (AddParameter): Name = "Manufacturer Part Number 1"; Value = ""; VariantName = "[No Variations]"
Add component (AddParameter): Name = "Package"; Value = "0805"; VariantName = "[No Variations]"
Add component (AddParameter): Name = "Value"; Value = "100nF"; VariantName = "[No Variations]"
Added Component: Designator=C3(CAPC2012X13L)
Add component (AddParameter): Name = "Manufacturer 1"; Value = ""; VariantName = "[No Variations]"
Add component (AddParameter): Name = "Manufacturer Part Number 1"; Value = ""; VariantName = "[No Variations]"
Add component (AddParameter): Name = "Package"; Value = "0805"; VariantName = "[No Variations]"
Add component (AddParameter): Name = "Value"; Value = "100nF"; VariantName = "[No Variations]"
Added Component: Designator=C4(CAPC2012X13L)
Add component (AddParameter): Name = "Manufacturer 1"; Value = ""; VariantName = "[No Variations]"
Add component (AddParameter): Name = "Manufacturer Part Number 1"; Value = ""; VariantName = "[No Variations]"
Add component (AddParameter): Name = "Package"; Value = "0805"; VariantName = "[No Variations]"
Add component (AddParameter): Name = "Value"; Value = "100nF"; VariantName = "[No Variations]"
Added Component: Designator=C5(CAPC2012X13L)
Add component (AddParameter): Name = "Manufacturer 1"; Value = ""; VariantName = "[No Variations]"
Add component (AddParameter): Name = "Manufacturer Part Number 1"; Value = ""; VariantName = "[No Variations]"
Add component (AddParameter): Name = "Package"; Value = "0805"; VariantName = "[No Variations]"
Add component (AddParameter): Name = "Value"; Value = "100nF"; VariantName = "[No Variations]"
Added Component: Designator=C6(CAPC2012X13L)
Add component (AddParameter): Name = "Manufacturer 1"; Value = ""; VariantName = "[No Variations]"
Add component (AddParameter): Name = "Manufacturer Part Number 1"; Value = ""; VariantName = "[No Variations]"
Add component (AddParameter): Name = "Package"; Value = "0805"; VariantName = "[No Variations]"
Add component (AddParameter): Name = "Value"; Value = "2.2uF"; VariantName = "[No Variations]"
Added Component: Designator=C7(CAPC2012X13L)
Add component (AddParameter): Name = "Manufacturer 1"; Value = ""; VariantName = "[No Variations]"
Add component (AddParameter): Name = "Manufacturer Part Number 1"; Value = ""; VariantName = "[No Variations]"
Add component (AddParameter): Name = "Package"; Value = "0805"; VariantName = "[No Variations]"
Add component (AddParameter): Name = "Value"; Value = "100nF"; VariantName = "[No Variations]"
Added Component: Designator=C8(CAPC2012X13L)
Add component (AddParameter): Name = "Manufacturer 1"; Value = ""; VariantName = "[No Variations]"
Add component (AddParameter): Name = "Manufacturer Part Number 1"; Value = ""; VariantName = "[No Variations]"
Add component (AddParameter): Name = "Package"; Value = "0805"; VariantName = "[No Variations]"
Add component (AddParameter): Name = "Value"; Value = "100nF"; VariantName = "[No Variations]"
Added Component: Designator=C9(CAPC2012X13L)
Add component (AddParameter): Name = "Manufacturer 1"; Value = ""; VariantName = "[No Variations]"
Add component (AddParameter): Name = "Manufacturer Part Number 1"; Value = ""; VariantName = "[No Variations]"
Add component (AddParameter): Name = "Package"; Value = "0805"; VariantName = "[No Variations]"
Add component (AddParameter): Name = "Value"; Value = "100nF"; VariantName = "[No Variations]"
Added Component: Designator=C10(CAPC2012X13L)
Add component (AddParameter): Name = "Manufacturer 1"; Value = ""; VariantName = "[No Variations]"
Add component (AddParameter): Name = "Manufacturer Part Number 1"; Value = ""; VariantName = "[No Variations]"
Add component (AddParameter): Name = "Package"; Value = "0805"; VariantName = "[No Variations]"
Add component (AddParameter): Name = "Value"; Value = "100nF"; VariantName = "[No Variations]"
Added Component: Designator=C11(CAPC2012X13L)
Add component (AddParameter): Name = "Manufacturer 1"; Value = ""; VariantName = "[No Variations]"
Add component (AddParameter): Name = "Manufacturer Part Number 1"; Value = ""; VariantName = "[No Variations]"
Add component (AddParameter): Name = "Package"; Value = "0805"; VariantName = "[No Variations]"
Add component (AddParameter): Name = "Value"; Value = "10nF"; VariantName = "[No Variations]"
Added Component: Designator=C12(CAPC2012X13L)
Add component (AddParameter): Name = "Manufacturer 1"; Value = ""; VariantName = "[No Variations]"
Add component (AddParameter): Name = "Manufacturer Part Number 1"; Value = ""; VariantName = "[No Variations]"
Add component (AddParameter): Name = "Package"; Value = "0805"; VariantName = "[No Variations]"
Add component (AddParameter): Name = "Value"; Value = "10nF"; VariantName = "[No Variations]"
Added Component: Designator=Q1(SOT95P230X110-3L)
Add component (AddParameter): Name = "Manufacturer 1"; Value = "Nexperia USA Inc."; VariantName = "[No Variations]"
Add component (AddParameter): Name = "Manufacturer Part Number 1"; Value = "PDTD143ETR"; VariantName = "[No Variations]"
Add component (AddParameter): Name = "Package"; Value = "SOT-23-3"; VariantName = "[No Variations]"
Add component (AddParameter): Name = "Value"; Value = ""; VariantName = "[No Variations]"
Added Component: Designator=Q2(SOT95P230X110-3L)
Add component (AddParameter): Name = "Manufacturer 1"; Value = "Nexperia USA Inc."; VariantName = "[No Variations]"
Add component (AddParameter): Name = "Manufacturer Part Number 1"; Value = "PDTD143ETR"; VariantName = "[No Variations]"
Add component (AddParameter): Name = "Package"; Value = "SOT-23-3"; VariantName = "[No Variations]"
Add component (AddParameter): Name = "Value"; Value = ""; VariantName = "[No Variations]"
Added Component: Designator=R1(RES_0603)
Add component (AddParameter): Name = "Manufacturer 1"; Value = ""; VariantName = "[No Variations]"
Add component (AddParameter): Name = "Manufacturer Part Number 1"; Value = ""; VariantName = "[No Variations]"
Add component (AddParameter): Name = "Package"; Value = "0603"; VariantName = "[No Variations]"
Add component (AddParameter): Name = "Value"; Value = "10k"; VariantName = "[No Variations]"
Added Component: Designator=R2(RES_0603)
Add component (AddParameter): Name = "Manufacturer 1"; Value = ""; VariantName = "[No Variations]"
Add component (AddParameter): Name = "Manufacturer Part Number 1"; Value = ""; VariantName = "[No Variations]"
Add component (AddParameter): Name = "Package"; Value = "0603"; VariantName = "[No Variations]"
Add component (AddParameter): Name = "Value"; Value = "100k"; VariantName = "[No Variations]"
Added Component: Designator=R3(RES_0603)
Add component (AddParameter): Name = "Manufacturer 1"; Value = ""; VariantName = "[No Variations]"
Add component (AddParameter): Name = "Manufacturer Part Number 1"; Value = ""; VariantName = "[No Variations]"
Add component (AddParameter): Name = "Package"; Value = "0603"; VariantName = "[No Variations]"
Add component (AddParameter): Name = "Value"; Value = "10k"; VariantName = "[No Variations]"
Added Component: Designator=R4(RES_0603)
Add component (AddParameter): Name = "Manufacturer 1"; Value = ""; VariantName = "[No Variations]"
Add component (AddParameter): Name = "Manufacturer Part Number 1"; Value = ""; VariantName = "[No Variations]"
Add component (AddParameter): Name = "Package"; Value = "0603"; VariantName = "[No Variations]"
Add component (AddParameter): Name = "Value"; Value = "120k"; VariantName = "[No Variations]"
Added Component: Designator=R5(RES_0603)
Add component (AddParameter): Name = "Manufacturer 1"; Value = ""; VariantName = "[No Variations]"
Add component (AddParameter): Name = "Manufacturer Part Number 1"; Value = ""; VariantName = "[No Variations]"
Add component (AddParameter): Name = "Package"; Value = "0603"; VariantName = "[No Variations]"
Add component (AddParameter): Name = "Value"; Value = "1k"; VariantName = "[No Variations]"
Added Component: Designator=SW1(PTS647)
Add component (AddParameter): Name = "Manufacturer 1"; Value = "C&K"; VariantName = "[No Variations]"
Add component (AddParameter): Name = "Manufacturer Part Number 1"; Value = "PTS 647 SN50 SMTR2 LFS"; VariantName = "[No Variations]"
Add component (AddParameter): Name = "Package"; Value = "4.5X4.5"; VariantName = "[No Variations]"
Added Component: Designator=U1(TXS0108EPW)
Add component (AddParameter): Name = "Manufacturer 1"; Value = "Texas Instruments"; VariantName = "[No Variations]"
Add component (AddParameter): Name = "Manufacturer Part Number 1"; Value = "TXS0108EPWR"; VariantName = "[No Variations]"
Add component (AddParameter): Name = "Package"; Value = "20-TSSOP"; VariantName = "[No Variations]"
Add component (AddParameter): Name = "Value"; Value = ""; VariantName = "[No Variations]"
Added Component: Designator=U2(TXS0108EPW)
Add component (AddParameter): Name = "Manufacturer 1"; Value = "Texas Instruments"; VariantName = "[No Variations]"
Add component (AddParameter): Name = "Manufacturer Part Number 1"; Value = "TXS0108EPWR"; VariantName = "[No Variations]"
Add component (AddParameter): Name = "Package"; Value = "20-TSSOP"; VariantName = "[No Variations]"
Add component (AddParameter): Name = "Value"; Value = ""; VariantName = "[No Variations]"
Added Pin To Net: NetName=GND Pin=C1-2
Added Pin To Net: NetName=GND Pin=C2-2
Added Pin To Net: NetName=GND Pin=C3-2
Added Pin To Net: NetName=GND Pin=C4-2
Added Pin To Net: NetName=GND Pin=C5-2
Added Pin To Net: NetName=GND Pin=C6-2
Added Pin To Net: NetName=GND Pin=C7-2
Added Pin To Net: NetName=GND Pin=C8-2
Added Pin To Net: NetName=GND Pin=C9-2
Added Pin To Net: NetName=GND Pin=C10-2
Added Pin To Net: NetName=GND Pin=C11-2
Added Pin To Net: NetName=GND Pin=C12-2
Added Pin To Net: NetName=GND Pin=Q1-2
Added Pin To Net: NetName=GND Pin=Q2-2
Added Pin To Net: NetName=GND Pin=R2-2
Added Pin To Net: NetName=GND Pin=R4-2
Added Pin To Net: NetName=MODEM_USBBOOT Pin=R5-2
Added Pin To Net: NetName=MODEM_SPI0_CS Pin=U1-1
Added Pin To Net: NetName=MODEM_SPI0_MO Pin=U1-3
Added Pin To Net: NetName=MODEM_SPI0_MI Pin=U1-4
Added Pin To Net: NetName=MODEM_SPI0_CLK Pin=U1-5
Added Pin To Net: NetName=MODEM_I2C1_SCL Pin=U1-6
Added Pin To Net: NetName=MODEM_I2C1_SDA Pin=U1-7
Added Pin To Net: NetName=GND Pin=U1-11
Added Pin To Net: NetName=GND Pin=U2-11
Change Net Name : Old Net Name=NetM1_126 New Net Name=MODEM_CTRL_GPIO1
Added Pin To Net: NetName=3V3 Pin=C7-1
Added Pin To Net: NetName=3V3 Pin=C8-1
Added Pin To Net: NetName=3V3 Pin=C9-1
Added Pin To Net: NetName=3V3 Pin=C10-1
Added Pin To Net: NetName=3V3 Pin=U1-19
Added Pin To Net: NetName=3V3 Pin=U2-19
Added Net: Name=3V3
Added Pin To Net: NetName=MODEM_CTRL_PWRKEY Pin=C12-1
Added Pin To Net: NetName=MODEM_CTRL_PWRKEY Pin=M1-21
Added Pin To Net: NetName=MODEM_CTRL_PWRKEY Pin=Q2-3
Added Net: Name=MODEM_CTRL_PWRKEY
Added Pin To Net: NetName=MODEM_CTRL_RESETN Pin=C11-1
Added Pin To Net: NetName=MODEM_CTRL_RESETN Pin=M1-20
Added Pin To Net: NetName=MODEM_CTRL_RESETN Pin=Q1-3
Added Net: Name=MODEM_CTRL_RESETN
Added Pin To Net: NetName=MODEM_I2C1_SCL_3V3 Pin=U1-15
Added Net: Name=MODEM_I2C1_SCL_3V3
Added Pin To Net: NetName=MODEM_I2C1_SDA_3V3 Pin=U1-14
Added Net: Name=MODEM_I2C1_SDA_3V3
Added Pin To Net: NetName=MODEM_SPI0_CLK_3V3 Pin=U1-16
Added Net: Name=MODEM_SPI0_CLK_3V3
Added Pin To Net: NetName=MODEM_SPI0_CS_3V3 Pin=U1-20
Added Net: Name=MODEM_SPI0_CS_3V3
Added Pin To Net: NetName=MODEM_SPI0_MI_3V3 Pin=U1-17
Added Net: Name=MODEM_SPI0_MI_3V3
Added Pin To Net: NetName=MODEM_SPI0_MO_3V3 Pin=U1-18
Added Net: Name=MODEM_SPI0_MO_3V3
Added Pin To Net: NetName=MODEM_UART0_RX_3V3 Pin=U2-20
Added Net: Name=MODEM_UART0_RX_3V3
Added Pin To Net: NetName=MODEM_UART0_RX Pin=M1-68
Added Pin To Net: NetName=MODEM_UART0_RX Pin=U2-1
Added Net: Name=MODEM_UART0_RX
Added Pin To Net: NetName=MODEM_UART0_TX_3V3 Pin=U2-18
Added Net: Name=MODEM_UART0_TX_3V3
Added Pin To Net: NetName=MODEM_UART0_TX Pin=M1-67
Added Pin To Net: NetName=MODEM_UART0_TX Pin=U2-3
Added Net: Name=MODEM_UART0_TX
Added Pin To Net: NetName=MODEM_UART1_RX_3V3 Pin=U2-17
Added Net: Name=MODEM_UART1_RX_3V3
Added Pin To Net: NetName=MODEM_UART1_RX Pin=M1-11
Added Pin To Net: NetName=MODEM_UART1_RX Pin=U2-4
Added Net: Name=MODEM_UART1_RX
Added Pin To Net: NetName=MODEM_UART1_TX_3V3 Pin=U2-16
Added Net: Name=MODEM_UART1_TX_3V3
Added Pin To Net: NetName=MODEM_UART1_TX Pin=M1-12
Added Pin To Net: NetName=MODEM_UART1_TX Pin=U2-5
Added Net: Name=MODEM_UART1_TX
Added Pin To Net: NetName=MODEM_UART2_RX_3V3 Pin=U2-15
Added Net: Name=MODEM_UART2_RX_3V3
Added Pin To Net: NetName=MODEM_UART2_RX Pin=M1-137
Added Pin To Net: NetName=MODEM_UART2_RX Pin=U2-6
Added Net: Name=MODEM_UART2_RX
Added Pin To Net: NetName=MODEM_UART2_TX_3V3 Pin=U2-14
Added Net: Name=MODEM_UART2_TX_3V3
Added Pin To Net: NetName=MODEM_UART2_TX Pin=M1-138
Added Pin To Net: NetName=MODEM_UART2_TX Pin=U2-7
Added Net: Name=MODEM_UART2_TX
Added Pin To Net: NetName=MODEM_VDDBB Pin=M1-59
Added Pin To Net: NetName=MODEM_VDDBB Pin=M1-60
Added Net: Name=MODEM_VDDBB
Added Pin To Net: NetName=MODEM_VDDEXT Pin=C1-1
Added Pin To Net: NetName=MODEM_VDDEXT Pin=C2-1
Added Pin To Net: NetName=MODEM_VDDEXT Pin=C3-1
Added Pin To Net: NetName=MODEM_VDDEXT Pin=C4-1
Added Pin To Net: NetName=MODEM_VDDEXT Pin=C5-1
Added Pin To Net: NetName=MODEM_VDDEXT Pin=C6-1
Added Pin To Net: NetName=MODEM_VDDEXT Pin=M1-7
Added Pin To Net: NetName=MODEM_VDDEXT Pin=R1-2
Added Pin To Net: NetName=MODEM_VDDEXT Pin=R3-2
Added Pin To Net: NetName=MODEM_VDDEXT Pin=SW1-3
Added Pin To Net: NetName=MODEM_VDDEXT Pin=SW1-4
Added Pin To Net: NetName=MODEM_VDDEXT Pin=U1-2
Added Pin To Net: NetName=MODEM_VDDEXT Pin=U2-2
Added Net: Name=MODEM_VDDEXT
Added Pin To Net: NetName=MODEM_VDDRF Pin=M1-57
Added Pin To Net: NetName=MODEM_VDDRF Pin=M1-58
Added Net: Name=MODEM_VDDRF
Added Pin To Net: NetName=NetQ1_1 Pin=Q1-1
Added Net: Name=NetQ1_1
Added Pin To Net: NetName=NetQ2_1 Pin=Q2-1
Added Net: Name=NetQ2_1
Added Pin To Net: NetName=NetR1_1 Pin=R1-1
Added Pin To Net: NetName=NetR1_1 Pin=R2-1
Added Pin To Net: NetName=NetR1_1 Pin=U1-10
Added Net: Name=NetR1_1
Added Pin To Net: NetName=NetR3_1 Pin=R3-1
Added Pin To Net: NetName=NetR3_1 Pin=R4-1
Added Pin To Net: NetName=NetR3_1 Pin=U2-10
Added Net: Name=NetR3_1
Added Pin To Net: NetName=NetR5_1 Pin=R5-1
Added Pin To Net: NetName=NetR5_1 Pin=SW1-1
Added Pin To Net: NetName=NetR5_1 Pin=SW1-2
Added Net: Name=NetR5_1
Added Pin To Net: NetName=NetU1_8 Pin=U1-8
Added Net: Name=NetU1_8
Added Pin To Net: NetName=NetU1_9 Pin=U1-9
Added Net: Name=NetU1_9
Added Pin To Net: NetName=NetU1_12 Pin=U1-12
Added Net: Name=NetU1_12
Added Pin To Net: NetName=NetU1_13 Pin=U1-13
Added Net: Name=NetU1_13
Added Pin To Net: NetName=NetU2_8 Pin=U2-8
Added Net: Name=NetU2_8
Added Pin To Net: NetName=NetU2_9 Pin=U2-9
Added Net: Name=NetU2_9
Added Pin To Net: NetName=NetU2_12 Pin=U2-12
Added Net: Name=NetU2_12
Added Pin To Net: NetName=NetU2_13 Pin=U2-13
Added Net: Name=NetU2_13
Added Class: Name=ANT_50R
Added Class: Name=C1_Nets
Added Class: Name=C2_Nets
Added Class: Name=C3_Nets
Added Class: Name=C4_Nets
Added Class: Name=C5_Nets
Added Class: Name=C6_Nets
Added Class: Name=C7_Nets
Added Class: Name=C8_Nets
Added Class: Name=C9_Nets
Added Class: Name=C10_Nets
Added Class: Name=C11_Nets
Added Class: Name=C12_Nets
Added Class: Name=Q1_Nets
Added Class: Name=Q2_Nets
Added Class: Name=R1_Nets
Added Class: Name=R2_Nets
Added Class: Name=R3_Nets
Added Class: Name=R4_Nets
Added Class: Name=R5_Nets
Added Class: Name=SW1_Nets
Added Class: Name=U1_Nets
Added Class: Name=U2_Nets
Added Member To Class: ClassName=MODEM Member=Component C1 MLCC_0805
Added Member To Class: ClassName=MODEM Member=Component C2 MLCC_0805
Added Member To Class: ClassName=MODEM Member=Component C3 MLCC_0805
Added Member To Class: ClassName=MODEM Member=Component C4 MLCC_0805
Added Member To Class: ClassName=MODEM Member=Component C5 MLCC_0805
Added Member To Class: ClassName=MODEM Member=Component C6 MLCC_0805
Added Member To Class: ClassName=MODEM Member=Component C7 MLCC_0805
Added Member To Class: ClassName=MODEM Member=Component C8 MLCC_0805
Added Member To Class: ClassName=MODEM Member=Component C9 MLCC_0805
Added Member To Class: ClassName=MODEM Member=Component C10 MLCC_0805
Added Member To Class: ClassName=MODEM Member=Component C11 MLCC_0805
Added Member To Class: ClassName=MODEM Member=Component C12 MLCC_0805
Added Member To Class: ClassName=MODEM Member=Component Q1 PDTD143
Added Member To Class: ClassName=MODEM Member=Component Q2 PDTD143
Added Member To Class: ClassName=MODEM Member=Component R1 ERP_101-1
Added Member To Class: ClassName=MODEM Member=Component R2 ERP_101-1
Added Member To Class: ClassName=MODEM Member=Component R3 ERP_101-1
Added Member To Class: ClassName=MODEM Member=Component R4 ERP_101-1
Added Member To Class: ClassName=MODEM Member=Component R5 ERP_101-1
Added Member To Class: ClassName=MODEM Member=Component SW1 PTS647
Added Member To Class: ClassName=MODEM Member=Component U1 TXS0108EPW
Added Member To Class: ClassName=MODEM Member=Component U2 TXS0108EPW
Added Member To Class: ClassName=M1_Nets Member=Wire MODEM_CTRL_GPIO1
Added Member To Class: ClassName=M1_Nets Member=Wire MODEM_CTRL_PWRKEY
Added Member To Class: ClassName=M1_Nets Member=Wire MODEM_CTRL_RESETN
Added Member To Class: ClassName=M1_Nets Member=Wire MODEM_UART0_RX
Added Member To Class: ClassName=M1_Nets Member=Wire MODEM_UART0_TX
Added Member To Class: ClassName=M1_Nets Member=Wire MODEM_UART1_RX
Added Member To Class: ClassName=M1_Nets Member=Wire MODEM_UART1_TX
Added Member To Class: ClassName=M1_Nets Member=Wire MODEM_UART2_RX
Added Member To Class: ClassName=M1_Nets Member=Wire MODEM_UART2_TX
Added Member To Class: ClassName=M1_Nets Member=Wire MODEM_VDDBB
Added Member To Class: ClassName=M1_Nets Member=Wire MODEM_VDDEXT
Added Member To Class: ClassName=M1_Nets Member=Wire MODEM_VDDRF
Added Rule: Name=Schematic Supply Nets_1
Added Rule: Name=Schematic Supply Nets_2
Added Rule: Name=Schematic Width Constraint
