Remove Class Member: Failed to remove class member
Added Component: Designator=J30(6PX1R_F)
Add component (AddParameter): Name = "Manufacturer 1"; Value = ""; VariantName = "[No Variations]"
Add component (AddParameter): Name = "Manufacturer Part Number 1"; Value = ""; VariantName = "[No Variations]"
Add component (AddParameter): Name = "Value"; Value = ""; VariantName = "[No Variations]"
Added Pin To Net: NetName=NetJ30_1 Pin=J30-1
Added Net: Name=NetJ30_1
Added Pin To Net: NetName=NetJ30_2 Pin=J30-2
Added Net: Name=NetJ30_2
Added Pin To Net: NetName=NetJ30_3 Pin=J30-3
Added Net: Name=NetJ30_3
Added Pin To Net: NetName=NetJ30_4 Pin=J30-4
Added Net: Name=NetJ30_4
Added Pin To Net: NetName=NetJ30_5 Pin=J30-5
Added Net: Name=NetJ30_5
Added Pin To Net: NetName=NetJ30_6 Pin=J30-6
Added Net: Name=NetJ30_6
Change Class Name : Old Net Name=J50_Nets New Net Name=J19_Nets
Added Member To Class: ClassName=MODEM_PT1 Member=Component J19 MUP-7801-1
Added Member To Class: ClassName=MCU Member=Component J30 ERP_148-2
Added Member To Class: ClassName=J19_Nets Member=Wire NetJ19_C6
Added Member To Class: ClassName=J30_Nets Member=Wire NetJ30_1
Added Member To Class: ClassName=J30_Nets Member=Wire NetJ30_2
Added Member To Class: ClassName=J30_Nets Member=Wire NetJ30_3
Added Member To Class: ClassName=J30_Nets Member=Wire NetJ30_4
Added Member To Class: ClassName=J30_Nets Member=Wire NetJ30_5
Added Member To Class: ClassName=J30_Nets Member=Wire NetJ30_6
